2018-11-13 15:23:50,212 [INFO] autotest.py line:93: From Excel import testsuite success
2018-11-13 15:23:52,719 [INFO] testcase.py line:56: Run the TestCase: login|登录
2018-11-13 15:23:52,720 [INFO] testcase.py line:77: Run the Step: 1|OPEN|prod3_pre_url
2018-11-13 15:23:53,514 [INFO] testcase.py line:152: Run the Step: 1|OPEN|通用-prod3_pre_url is Pass
2018-11-13 15:23:53,715 [INFO] testcase.py line:77: Run the Step: 2|INPUT|用户名
2018-11-13 15:23:54,291 [INFO] testcase.py line:152: Run the Step: 2|INPUT|登录页-用户名 is Pass
2018-11-13 15:23:54,493 [INFO] testcase.py line:77: Run the Step: 3|INPUT|密码
2018-11-13 15:23:55,104 [INFO] testcase.py line:152: Run the Step: 3|INPUT|登录页-密码 is Pass
2018-11-13 15:23:55,305 [INFO] testcase.py line:77: Run the Step: 4|CLICK|立即登录
2018-11-13 15:23:55,911 [INFO] testcase.py line:152: Run the Step: 4|CLICK|登录页-立即登录 is Pass
2018-11-13 15:23:56,112 [INFO] testcase.py line:77: Run the Step: 5|CHECK|页面url
2018-11-13 15:23:56,114 [INFO] web.py line:29: DATA:'*portal'
2018-11-13 15:23:56,678 [INFO] web.py line:30: REAL:'http://v3-yfb-portal.hd-cloud.com/'
2018-11-13 15:23:56,682 [INFO] testcase.py line:152: Run the Step: 5|CHECK|通用-页面url is Pass
2018-11-13 15:23:56,884 [INFO] testsuite.py line:98: Run the testcase: portal_setup|跳转到首页 Skipped, because the flag=N or the condition=snippet
2018-11-13 15:23:56,885 [INFO] testsuite.py line:98: Run the testcase: 字段输入|卡片页面中字段输入 Skipped, because the flag=N or the condition=snippet
2018-11-13 15:23:56,887 [INFO] testsuite.py line:98: Run the testcase: text_input| Skipped, because the flag=N or the condition=snippet
2018-11-13 15:23:56,887 [INFO] testsuite.py line:98: Run the testcase: popup_query|弹出选择页面数据查询 Skipped, because the flag=N or the condition=snippet
2018-11-13 15:23:56,889 [INFO] testsuite.py line:98: Run the testcase: popup_input|弹出选择页面数据选择 Skipped, because the flag=N or the condition=snippet
2018-11-13 15:23:56,890 [INFO] testsuite.py line:98: Run the testcase: date_input|日期时间输入 Skipped, because the flag=N or the condition=snippet
2018-11-13 15:23:56,897 [INFO] testsuite.py line:98: Run the testcase: date_reduce|日期减小 Skipped, because the flag=N or the condition=snippet
2018-11-13 15:23:56,898 [INFO] testsuite.py line:98: Run the testcase: date_add|日期增加 Skipped, because the flag=N or the condition=snippet
2018-11-13 15:23:56,899 [INFO] testsuite.py line:28: Start running the SETUP testcase...
2018-11-13 15:23:56,899 [INFO] testcase.py line:56: Run the TestCase: portal_setup|跳转到首页
2018-11-13 15:23:56,900 [INFO] testcase.py line:77: Run the Step: 1|REFRESH|
2018-11-13 15:23:57,413 [INFO] testcase.py line:152: Run the Step: 1|REFRESH| is Pass
2018-11-13 15:23:57,613 [INFO] testcase.py line:77: Run the Step: 2|OPEN|prod3_pre_url
2018-11-13 15:23:58,588 [INFO] testcase.py line:152: Run the Step: 2|OPEN|通用-prod3_pre_url is Pass
2018-11-13 15:23:58,789 [INFO] testcase.py line:77: Run the Step: 3|CHECK|页面url
2018-11-13 15:23:58,791 [INFO] web.py line:29: DATA:'*portal'
2018-11-13 15:23:58,799 [INFO] web.py line:30: REAL:'http://v3-yfb-portal.hd-cloud.com/'
2018-11-13 15:23:58,807 [INFO] testcase.py line:152: Run the Step: 3|CHECK|通用-页面url is Pass
2018-11-13 15:23:59,008 [INFO] testcase.py line:56: Run the TestCase: sy_001|部门新增
2018-11-13 15:23:59,010 [INFO] testcase.py line:77: Run the Step: 1|CLICK|菜单#系统管理
2018-11-13 15:23:59,635 [INFO] testcase.py line:152: Run the Step: 1|CLICK|通用-菜单#系统管理 is Pass
2018-11-13 15:23:59,838 [INFO] testcase.py line:77: Run the Step: 2|CLICK|菜单#部门管理
2018-11-13 15:24:01,492 [INFO] testcase.py line:152: Run the Step: 2|CLICK|通用-菜单#部门管理 is Pass
2018-11-13 15:24:01,693 [INFO] testcase.py line:77: Run the Step: 3|CLICK|左侧树#2
2018-11-13 15:24:02,345 [INFO] testcase.py line:152: Run the Step: 3|CLICK|通用-左侧树#2 is Pass
2018-11-13 15:24:02,547 [INFO] testcase.py line:77: Run the Step: 4|CLICK|按钮#添加
2018-11-13 15:24:03,157 [INFO] testcase.py line:152: Run the Step: 4|CLICK|通用-按钮#添加 is Pass
2018-11-13 15:24:03,359 [INFO] testcase.py line:77: Run the Step: 5|EXECUTE|字段输入
2018-11-13 15:24:03,361 [INFO] testcase.py line:56: Run the TestCase: 字段输入|卡片页面中字段输入
2018-11-13 15:24:03,362 [INFO] testcase.py line:77: Run the Step: ^1|CHECK|
2018-11-13 15:24:03,362 [INFO] testcase.py line:77: Run the Step: ^2|CHECK|
2018-11-13 15:24:03,363 [INFO] testcase.py line:77: Run the Step: ^3|CHECK|
2018-11-13 15:24:03,363 [INFO] testcase.py line:152: Run the Step: ^3|CHECK| is Pass
2018-11-13 15:24:03,565 [INFO] testcase.py line:77: Run the Step: >19|EXECUTE|text_input
2018-11-13 15:24:03,566 [INFO] testcase.py line:56: Run the TestCase: text_input|
2018-11-13 15:24:03,567 [INFO] testcase.py line:77: Run the Step: 1|CLICK|输入框#<字段>
2018-11-13 15:24:04,239 [INFO] testcase.py line:152: Run the Step: 1|CLICK|通用-输入框#组织编码 is Pass
2018-11-13 15:24:04,441 [INFO] testcase.py line:77: Run the Step: 2|INPUT|文本输入
2018-11-13 15:24:05,028 [INFO] testcase.py line:152: Run the Step: 2|INPUT|通用-文本输入 is Pass
2018-11-13 15:24:05,230 [INFO] testcase.py line:77: Run the Step: 3|INPUT|文本输入
2018-11-13 15:24:05,793 [INFO] testcase.py line:152: Run the Step: 3|INPUT|通用-文本输入 is Pass
2018-11-13 15:24:05,995 [INFO] testcase.py line:152: Run the Step: >19|EXECUTE|text_input is Pass
2018-11-13 15:24:06,195 [INFO] testcase.py line:152: Run the Step: 5|EXECUTE|字段输入 is Pass
2018-11-13 15:24:06,397 [INFO] testcase.py line:77: Run the Step: 6|EXECUTE|字段输入
2018-11-13 15:24:06,399 [INFO] testcase.py line:56: Run the TestCase: 字段输入|卡片页面中字段输入
2018-11-13 15:24:06,400 [INFO] testcase.py line:77: Run the Step: ^1|CHECK|
2018-11-13 15:24:06,400 [INFO] testcase.py line:77: Run the Step: ^2|CHECK|
2018-11-13 15:24:06,401 [INFO] testcase.py line:77: Run the Step: ^3|CHECK|
2018-11-13 15:24:06,401 [INFO] testcase.py line:152: Run the Step: ^3|CHECK| is Pass
2018-11-13 15:24:06,602 [INFO] testcase.py line:77: Run the Step: >19|EXECUTE|text_input
2018-11-13 15:24:06,602 [INFO] testcase.py line:56: Run the TestCase: text_input|
2018-11-13 15:24:06,603 [INFO] testcase.py line:77: Run the Step: 1|CLICK|输入框#<字段>
2018-11-13 15:24:07,215 [INFO] testcase.py line:152: Run the Step: 1|CLICK|通用-输入框#组织名称 is Pass
2018-11-13 15:24:07,417 [INFO] testcase.py line:77: Run the Step: 2|INPUT|文本输入
2018-11-13 15:24:07,987 [INFO] testcase.py line:152: Run the Step: 2|INPUT|通用-文本输入 is Pass
2018-11-13 15:24:08,189 [INFO] testcase.py line:77: Run the Step: 3|INPUT|文本输入
2018-11-13 15:24:08,774 [INFO] testcase.py line:152: Run the Step: 3|INPUT|通用-文本输入 is Pass
2018-11-13 15:24:08,976 [INFO] testcase.py line:152: Run the Step: >19|EXECUTE|text_input is Pass
2018-11-13 15:24:09,177 [INFO] testcase.py line:152: Run the Step: 6|EXECUTE|字段输入 is Pass
2018-11-13 15:24:09,379 [INFO] testcase.py line:77: Run the Step: 7|CLICK|按钮#保存
2018-11-13 15:24:09,986 [INFO] testcase.py line:152: Run the Step: 7|CLICK|通用-按钮#保存 is Pass
2018-11-13 15:24:10,188 [INFO] testcase.py line:77: Run the Step: 8|CHECK|提示#保存成功
2018-11-13 15:24:14,751 [ERROR] testcase.py line:172: *** save the screenshot is fail ***
Traceback (most recent call last):
  File "E:\py_workspaces\hap_test\sweetest\testcase.py", line 109, in run
    getattr(web, step['keyword'].lower())(step)
  File "E:\py_workspaces\hap_test\sweetest\keywords\web.py", line 69, in check
    element_location = locating_element(element)
  File "E:\py_workspaces\hap_test\sweetest\locator.py", line 29, in locating_element
    (getattr(By, el['by'].upper()), value)))
  File "E:\Python36\lib\site-packages\selenium\webdriver\support\wait.py", line 71, in until
    value = method(self._driver)
  File "E:\Python36\lib\site-packages\selenium\webdriver\support\expected_conditions.py", line 63, in __call__
    return _find_element(driver, self.locator)
  File "E:\Python36\lib\site-packages\selenium\webdriver\support\expected_conditions.py", line 402, in _find_element
    raise e
  File "E:\Python36\lib\site-packages\selenium\webdriver\support\expected_conditions.py", line 398, in _find_element
    return driver.find_element(*by)
  File "E:\Python36\lib\site-packages\selenium\webdriver\remote\webdriver.py", line 858, in find_element
    'value': value})['value']
  File "E:\Python36\lib\site-packages\selenium\webdriver\remote\webdriver.py", line 311, in execute
    self.error_handler.check_response(response)
  File "E:\Python36\lib\site-packages\selenium\webdriver\remote\errorhandler.py", line 237, in check_response
    raise exception_class(message, screen, stacktrace)
selenium.common.exceptions.NoSuchWindowException: Message: no such window: target window already closed
from unknown error: web view not found
  (Session info: chrome=70.0.3538.77)
  (Driver info: chromedriver=2.43.600210 (68dcf5eebde37173d4027fa8635e332711d2874a),platform=Windows NT 6.1.7601 SP1 x86_64)


During handling of the above exception, another exception occurred:

Traceback (most recent call last):
  File "E:\py_workspaces\hap_test\sweetest\testcase.py", line 170, in run
    g.driver.get_screenshot_as_file(snapshot_file)
  File "E:\Python36\lib\site-packages\selenium\webdriver\remote\webdriver.py", line 911, in get_screenshot_as_file
    png = self.get_screenshot_as_png()
  File "E:\Python36\lib\site-packages\selenium\webdriver\remote\webdriver.py", line 943, in get_screenshot_as_png
    return base64.b64decode(self.get_screenshot_as_base64().encode('ascii'))
  File "E:\Python36\lib\site-packages\selenium\webdriver\remote\webdriver.py", line 953, in get_screenshot_as_base64
    return self.execute(Command.SCREENSHOT)['value']
  File "E:\Python36\lib\site-packages\selenium\webdriver\remote\webdriver.py", line 311, in execute
    self.error_handler.check_response(response)
  File "E:\Python36\lib\site-packages\selenium\webdriver\remote\errorhandler.py", line 237, in check_response
    raise exception_class(message, screen, stacktrace)
selenium.common.exceptions.NoSuchWindowException: Message: no such window: target window already closed
from unknown error: web view not found
  (Session info: chrome=70.0.3538.77)
  (Driver info: chromedriver=2.43.600210 (68dcf5eebde37173d4027fa8635e332711d2874a),platform=Windows NT 6.1.7601 SP1 x86_64)

2018-11-13 15:24:14,786 [ERROR] testcase.py line:183: Run the Step: 8|CHECK|通用-提示#保存成功 is Failure
Traceback (most recent call last):
  File "E:\py_workspaces\hap_test\sweetest\testcase.py", line 109, in run
    getattr(web, step['keyword'].lower())(step)
  File "E:\py_workspaces\hap_test\sweetest\keywords\web.py", line 69, in check
    element_location = locating_element(element)
  File "E:\py_workspaces\hap_test\sweetest\locator.py", line 29, in locating_element
    (getattr(By, el['by'].upper()), value)))
  File "E:\Python36\lib\site-packages\selenium\webdriver\support\wait.py", line 71, in until
    value = method(self._driver)
  File "E:\Python36\lib\site-packages\selenium\webdriver\support\expected_conditions.py", line 63, in __call__
    return _find_element(driver, self.locator)
  File "E:\Python36\lib\site-packages\selenium\webdriver\support\expected_conditions.py", line 402, in _find_element
    raise e
  File "E:\Python36\lib\site-packages\selenium\webdriver\support\expected_conditions.py", line 398, in _find_element
    return driver.find_element(*by)
  File "E:\Python36\lib\site-packages\selenium\webdriver\remote\webdriver.py", line 858, in find_element
    'value': value})['value']
  File "E:\Python36\lib\site-packages\selenium\webdriver\remote\webdriver.py", line 311, in execute
    self.error_handler.check_response(response)
  File "E:\Python36\lib\site-packages\selenium\webdriver\remote\errorhandler.py", line 237, in check_response
    raise exception_class(message, screen, stacktrace)
selenium.common.exceptions.NoSuchWindowException: Message: no such window: target window already closed
from unknown error: web view not found
  (Session info: chrome=70.0.3538.77)
  (Driver info: chromedriver=2.43.600210 (68dcf5eebde37173d4027fa8635e332711d2874a),platform=Windows NT 6.1.7601 SP1 x86_64)

2018-11-13 15:24:14,801 [INFO] testsuite.py line:28: Start running the SETUP testcase...
2018-11-13 15:24:14,802 [INFO] testcase.py line:56: Run the TestCase: portal_setup|跳转到首页
2018-11-13 15:24:14,803 [INFO] testcase.py line:77: Run the Step: 1|REFRESH|
2018-11-13 15:24:14,814 [ERROR] testcase.py line:172: *** save the screenshot is fail ***
Traceback (most recent call last):
  File "E:\py_workspaces\hap_test\sweetest\testcase.py", line 109, in run
    getattr(web, step['keyword'].lower())(step)
  File "E:\py_workspaces\hap_test\sweetest\keywords\web.py", line 301, in refresh
    g.driver.refresh()
  File "E:\Python36\lib\site-packages\selenium\webdriver\remote\webdriver.py", line 718, in refresh
    self.execute(Command.REFRESH)
  File "E:\Python36\lib\site-packages\selenium\webdriver\remote\webdriver.py", line 311, in execute
    self.error_handler.check_response(response)
  File "E:\Python36\lib\site-packages\selenium\webdriver\remote\errorhandler.py", line 237, in check_response
    raise exception_class(message, screen, stacktrace)
selenium.common.exceptions.NoSuchWindowException: Message: no such window: target window already closed
from unknown error: web view not found
  (Session info: chrome=70.0.3538.77)
  (Driver info: chromedriver=2.43.600210 (68dcf5eebde37173d4027fa8635e332711d2874a),platform=Windows NT 6.1.7601 SP1 x86_64)


During handling of the above exception, another exception occurred:

Traceback (most recent call last):
  File "E:\py_workspaces\hap_test\sweetest\testcase.py", line 170, in run
    g.driver.get_screenshot_as_file(snapshot_file)
  File "E:\Python36\lib\site-packages\selenium\webdriver\remote\webdriver.py", line 911, in get_screenshot_as_file
    png = self.get_screenshot_as_png()
  File "E:\Python36\lib\site-packages\selenium\webdriver\remote\webdriver.py", line 943, in get_screenshot_as_png
    return base64.b64decode(self.get_screenshot_as_base64().encode('ascii'))
  File "E:\Python36\lib\site-packages\selenium\webdriver\remote\webdriver.py", line 953, in get_screenshot_as_base64
    return self.execute(Command.SCREENSHOT)['value']
  File "E:\Python36\lib\site-packages\selenium\webdriver\remote\webdriver.py", line 311, in execute
    self.error_handler.check_response(response)
  File "E:\Python36\lib\site-packages\selenium\webdriver\remote\errorhandler.py", line 237, in check_response
    raise exception_class(message, screen, stacktrace)
selenium.common.exceptions.NoSuchWindowException: Message: no such window: target window already closed
from unknown error: web view not found
  (Session info: chrome=70.0.3538.77)
  (Driver info: chromedriver=2.43.600210 (68dcf5eebde37173d4027fa8635e332711d2874a),platform=Windows NT 6.1.7601 SP1 x86_64)

2018-11-13 15:24:14,834 [ERROR] testcase.py line:183: Run the Step: 1|REFRESH| is Failure
Traceback (most recent call last):
  File "E:\py_workspaces\hap_test\sweetest\testcase.py", line 109, in run
    getattr(web, step['keyword'].lower())(step)
  File "E:\py_workspaces\hap_test\sweetest\keywords\web.py", line 301, in refresh
    g.driver.refresh()
  File "E:\Python36\lib\site-packages\selenium\webdriver\remote\webdriver.py", line 718, in refresh
    self.execute(Command.REFRESH)
  File "E:\Python36\lib\site-packages\selenium\webdriver\remote\webdriver.py", line 311, in execute
    self.error_handler.check_response(response)
  File "E:\Python36\lib\site-packages\selenium\webdriver\remote\errorhandler.py", line 237, in check_response
    raise exception_class(message, screen, stacktrace)
selenium.common.exceptions.NoSuchWindowException: Message: no such window: target window already closed
from unknown error: web view not found
  (Session info: chrome=70.0.3538.77)
  (Driver info: chromedriver=2.43.600210 (68dcf5eebde37173d4027fa8635e332711d2874a),platform=Windows NT 6.1.7601 SP1 x86_64)

2018-11-13 15:24:14,848 [INFO] testcase.py line:56: Run the TestCase: login|登录
2018-11-13 15:24:14,850 [INFO] testcase.py line:77: Run the Step: 1|OPEN|通用-prod3_pre_url
2018-11-13 15:24:14,853 [WARNING] elements.py line:57: Page:通用 element:通用-prod3_pre_url is not exist
2018-11-13 15:24:14,859 [ERROR] testcase.py line:172: *** save the screenshot is fail ***
Traceback (most recent call last):
  File "E:\py_workspaces\hap_test\sweetest\testcase.py", line 109, in run
    getattr(web, step['keyword'].lower())(step)
  File "E:\py_workspaces\hap_test\sweetest\keywords\web.py", line 58, in open
    g.driver.get(value)
  File "E:\Python36\lib\site-packages\selenium\webdriver\remote\webdriver.py", line 323, in get
    self.execute(Command.GET, {'url': url})
  File "E:\Python36\lib\site-packages\selenium\webdriver\remote\webdriver.py", line 311, in execute
    self.error_handler.check_response(response)
  File "E:\Python36\lib\site-packages\selenium\webdriver\remote\errorhandler.py", line 237, in check_response
    raise exception_class(message, screen, stacktrace)
selenium.common.exceptions.NoSuchWindowException: Message: no such window: target window already closed
from unknown error: web view not found
  (Session info: chrome=70.0.3538.77)
  (Driver info: chromedriver=2.43.600210 (68dcf5eebde37173d4027fa8635e332711d2874a),platform=Windows NT 6.1.7601 SP1 x86_64)


During handling of the above exception, another exception occurred:

Traceback (most recent call last):
  File "E:\py_workspaces\hap_test\sweetest\testcase.py", line 170, in run
    g.driver.get_screenshot_as_file(snapshot_file)
  File "E:\Python36\lib\site-packages\selenium\webdriver\remote\webdriver.py", line 911, in get_screenshot_as_file
    png = self.get_screenshot_as_png()
  File "E:\Python36\lib\site-packages\selenium\webdriver\remote\webdriver.py", line 943, in get_screenshot_as_png
    return base64.b64decode(self.get_screenshot_as_base64().encode('ascii'))
  File "E:\Python36\lib\site-packages\selenium\webdriver\remote\webdriver.py", line 953, in get_screenshot_as_base64
    return self.execute(Command.SCREENSHOT)['value']
  File "E:\Python36\lib\site-packages\selenium\webdriver\remote\webdriver.py", line 311, in execute
    self.error_handler.check_response(response)
  File "E:\Python36\lib\site-packages\selenium\webdriver\remote\errorhandler.py", line 237, in check_response
    raise exception_class(message, screen, stacktrace)
selenium.common.exceptions.NoSuchWindowException: Message: no such window: target window already closed
from unknown error: web view not found
  (Session info: chrome=70.0.3538.77)
  (Driver info: chromedriver=2.43.600210 (68dcf5eebde37173d4027fa8635e332711d2874a),platform=Windows NT 6.1.7601 SP1 x86_64)

2018-11-13 15:24:14,891 [ERROR] testcase.py line:183: Run the Step: 1|OPEN|通用-prod3_pre_url is Failure
Traceback (most recent call last):
  File "E:\py_workspaces\hap_test\sweetest\testcase.py", line 109, in run
    getattr(web, step['keyword'].lower())(step)
  File "E:\py_workspaces\hap_test\sweetest\keywords\web.py", line 58, in open
    g.driver.get(value)
  File "E:\Python36\lib\site-packages\selenium\webdriver\remote\webdriver.py", line 323, in get
    self.execute(Command.GET, {'url': url})
  File "E:\Python36\lib\site-packages\selenium\webdriver\remote\webdriver.py", line 311, in execute
    self.error_handler.check_response(response)
  File "E:\Python36\lib\site-packages\selenium\webdriver\remote\errorhandler.py", line 237, in check_response
    raise exception_class(message, screen, stacktrace)
selenium.common.exceptions.NoSuchWindowException: Message: no such window: target window already closed
from unknown error: web view not found
  (Session info: chrome=70.0.3538.77)
  (Driver info: chromedriver=2.43.600210 (68dcf5eebde37173d4027fa8635e332711d2874a),platform=Windows NT 6.1.7601 SP1 x86_64)

2018-11-13 15:24:14,909 [INFO] testcase.py line:56: Run the TestCase: sql_001|sql执行示例
2018-11-13 15:24:14,911 [INFO] testcase.py line:77: Run the Step: 1|SQL|sql#SELECT orgid from sy_org where orgname='炼油厂'
2018-11-13 15:24:14,913 [INFO] common.py line:81: SQL: "SELECT orgid from sy_org where orgname='炼油厂'"
2018-11-13 15:24:14,938 [INFO] common.py line:90: SQL result: (1688734,)
2018-11-13 15:24:14,939 [INFO] common.py line:102: keys result: {'orgid': 1688734}
2018-11-13 15:24:14,940 [INFO] common.py line:108: key: 'orgid', expect: '1688734', real: 1688734
2018-11-13 15:24:14,941 [INFO] testcase.py line:152: Run the Step: 1|SQL|通用-sql#SELECT orgid from sy_org where orgname='炼油厂' is Pass
2018-11-13 15:24:17,146 [ERROR] testsuite.py line:155: Clear the env is fail
Traceback (most recent call last):
  File "E:\py_workspaces\hap_test\sweetest\testsuite.py", line 153, in run
    w.close()
  File "E:\py_workspaces\hap_test\sweetest\windows.py", line 121, in close
    all_handles = g.driver.window_handles
  File "E:\Python36\lib\site-packages\selenium\webdriver\remote\webdriver.py", line 634, in window_handles
    return self.execute(Command.GET_WINDOW_HANDLES)['value']
  File "E:\Python36\lib\site-packages\selenium\webdriver\remote\webdriver.py", line 311, in execute
    self.error_handler.check_response(response)
  File "E:\Python36\lib\site-packages\selenium\webdriver\remote\errorhandler.py", line 237, in check_response
    raise exception_class(message, screen, stacktrace)
selenium.common.exceptions.WebDriverException: Message: chrome not reachable
  (Session info: chrome=70.0.3538.77)
  (Driver info: chromedriver=2.43.600210 (68dcf5eebde37173d4027fa8635e332711d2874a),platform=Windows NT 6.1.7601 SP1 x86_64)

2018-11-13 15:26:27,290 [INFO] autotest.py line:93: From Excel import testsuite success
2018-11-13 15:26:29,885 [INFO] testcase.py line:56: Run the TestCase: login|登录
2018-11-13 15:26:29,886 [INFO] testcase.py line:77: Run the Step: 1|OPEN|prod3_pre_url
2018-11-13 15:26:30,687 [INFO] testcase.py line:152: Run the Step: 1|OPEN|通用-prod3_pre_url is Pass
2018-11-13 15:26:30,888 [INFO] testcase.py line:77: Run the Step: 2|INPUT|用户名
2018-11-13 15:26:31,468 [INFO] testcase.py line:152: Run the Step: 2|INPUT|登录页-用户名 is Pass
2018-11-13 15:26:31,669 [INFO] testcase.py line:77: Run the Step: 3|INPUT|密码
2018-11-13 15:26:32,238 [INFO] testcase.py line:152: Run the Step: 3|INPUT|登录页-密码 is Pass
2018-11-13 15:26:32,439 [INFO] testcase.py line:77: Run the Step: 4|CLICK|立即登录
2018-11-13 15:26:33,020 [INFO] testcase.py line:152: Run the Step: 4|CLICK|登录页-立即登录 is Pass
2018-11-13 15:26:33,221 [INFO] testcase.py line:77: Run the Step: 5|CHECK|页面url
2018-11-13 15:26:33,222 [INFO] web.py line:29: DATA:'*portal'
2018-11-13 15:26:33,517 [INFO] web.py line:30: REAL:'http://v3-yfb-portal.hd-cloud.com/'
2018-11-13 15:26:33,523 [INFO] testcase.py line:152: Run the Step: 5|CHECK|通用-页面url is Pass
2018-11-13 15:26:33,725 [INFO] testsuite.py line:98: Run the testcase: portal_setup|跳转到首页 Skipped, because the flag=N or the condition=snippet
2018-11-13 15:26:33,726 [INFO] testsuite.py line:98: Run the testcase: 字段输入|卡片页面中字段输入 Skipped, because the flag=N or the condition=snippet
2018-11-13 15:26:33,728 [INFO] testsuite.py line:98: Run the testcase: text_input| Skipped, because the flag=N or the condition=snippet
2018-11-13 15:26:33,729 [INFO] testsuite.py line:98: Run the testcase: popup_query|弹出选择页面数据查询 Skipped, because the flag=N or the condition=snippet
2018-11-13 15:26:33,731 [INFO] testsuite.py line:98: Run the testcase: popup_input|弹出选择页面数据选择 Skipped, because the flag=N or the condition=snippet
2018-11-13 15:26:33,732 [INFO] testsuite.py line:98: Run the testcase: date_input|日期时间输入 Skipped, because the flag=N or the condition=snippet
2018-11-13 15:26:33,734 [INFO] testsuite.py line:98: Run the testcase: date_reduce|日期减小 Skipped, because the flag=N or the condition=snippet
2018-11-13 15:26:33,735 [INFO] testsuite.py line:98: Run the testcase: date_add|日期增加 Skipped, because the flag=N or the condition=snippet
2018-11-13 15:26:33,736 [INFO] testsuite.py line:28: Start running the SETUP testcase...
2018-11-13 15:26:33,743 [INFO] testcase.py line:56: Run the TestCase: portal_setup|跳转到首页
2018-11-13 15:26:33,743 [INFO] testcase.py line:77: Run the Step: 1|REFRESH|
2018-11-13 15:26:34,187 [INFO] testcase.py line:152: Run the Step: 1|REFRESH| is Pass
2018-11-13 15:26:34,388 [INFO] testcase.py line:77: Run the Step: 2|OPEN|prod3_pre_url
2018-11-13 15:26:35,389 [INFO] testcase.py line:152: Run the Step: 2|OPEN|通用-prod3_pre_url is Pass
2018-11-13 15:26:35,591 [INFO] testcase.py line:77: Run the Step: 3|CHECK|页面url
2018-11-13 15:26:35,592 [INFO] web.py line:29: DATA:'*portal'
2018-11-13 15:26:35,605 [INFO] web.py line:30: REAL:'http://v3-yfb-portal.hd-cloud.com/'
2018-11-13 15:26:35,612 [INFO] testcase.py line:152: Run the Step: 3|CHECK|通用-页面url is Pass
2018-11-13 15:26:35,813 [INFO] testcase.py line:56: Run the TestCase: sy_001|部门新增
2018-11-13 15:26:35,815 [INFO] testcase.py line:77: Run the Step: 1|CLICK|菜单#系统管理
2018-11-13 15:26:36,433 [INFO] testcase.py line:152: Run the Step: 1|CLICK|通用-菜单#系统管理 is Pass
2018-11-13 15:26:36,636 [INFO] testcase.py line:77: Run the Step: 2|CLICK|菜单#部门管理
2018-11-13 15:26:38,700 [INFO] testcase.py line:152: Run the Step: 2|CLICK|通用-菜单#部门管理 is Pass
2018-11-13 15:26:38,901 [INFO] testcase.py line:77: Run the Step: 3|CLICK|左侧树#2
2018-11-13 15:26:39,516 [INFO] testcase.py line:152: Run the Step: 3|CLICK|通用-左侧树#2 is Pass
2018-11-13 15:26:39,718 [INFO] testcase.py line:77: Run the Step: 4|CLICK|按钮#添加
2018-11-13 15:26:40,334 [INFO] testcase.py line:152: Run the Step: 4|CLICK|通用-按钮#添加 is Pass
2018-11-13 15:26:40,536 [INFO] testcase.py line:77: Run the Step: 5|EXECUTE|字段输入
2018-11-13 15:26:40,540 [INFO] testcase.py line:56: Run the TestCase: 字段输入|卡片页面中字段输入
2018-11-13 15:26:40,542 [INFO] testcase.py line:77: Run the Step: ^1|CHECK|
2018-11-13 15:26:40,544 [INFO] testcase.py line:77: Run the Step: ^2|CHECK|
2018-11-13 15:26:40,545 [INFO] testcase.py line:77: Run the Step: ^3|CHECK|
2018-11-13 15:26:40,546 [INFO] testcase.py line:152: Run the Step: ^3|CHECK| is Pass
2018-11-13 15:26:40,747 [INFO] testcase.py line:77: Run the Step: >19|EXECUTE|text_input
2018-11-13 15:26:40,748 [INFO] testcase.py line:56: Run the TestCase: text_input|
2018-11-13 15:26:40,749 [INFO] testcase.py line:77: Run the Step: 1|CLICK|输入框#<字段>
2018-11-13 15:26:41,382 [INFO] testcase.py line:152: Run the Step: 1|CLICK|通用-输入框#组织编码 is Pass
2018-11-13 15:26:41,584 [INFO] testcase.py line:77: Run the Step: 2|INPUT|文本输入
2018-11-13 15:26:42,162 [INFO] testcase.py line:152: Run the Step: 2|INPUT|通用-文本输入 is Pass
2018-11-13 15:26:42,364 [INFO] testcase.py line:77: Run the Step: 3|INPUT|文本输入
2018-11-13 15:26:42,923 [INFO] testcase.py line:152: Run the Step: 3|INPUT|通用-文本输入 is Pass
2018-11-13 15:26:43,125 [INFO] testcase.py line:152: Run the Step: >19|EXECUTE|text_input is Pass
2018-11-13 15:26:43,326 [INFO] testcase.py line:152: Run the Step: 5|EXECUTE|字段输入 is Pass
2018-11-13 15:26:43,528 [INFO] testcase.py line:77: Run the Step: 6|EXECUTE|字段输入
2018-11-13 15:26:43,529 [INFO] testcase.py line:56: Run the TestCase: 字段输入|卡片页面中字段输入
2018-11-13 15:26:43,530 [INFO] testcase.py line:77: Run the Step: ^1|CHECK|
2018-11-13 15:26:43,531 [INFO] testcase.py line:77: Run the Step: ^2|CHECK|
2018-11-13 15:26:43,531 [INFO] testcase.py line:77: Run the Step: ^3|CHECK|
2018-11-13 15:26:43,532 [INFO] testcase.py line:152: Run the Step: ^3|CHECK| is Pass
2018-11-13 15:26:43,734 [INFO] testcase.py line:77: Run the Step: >19|EXECUTE|text_input
2018-11-13 15:26:43,734 [INFO] testcase.py line:56: Run the TestCase: text_input|
2018-11-13 15:26:43,735 [INFO] testcase.py line:77: Run the Step: 1|CLICK|输入框#<字段>
2018-11-13 15:26:44,345 [INFO] testcase.py line:152: Run the Step: 1|CLICK|通用-输入框#组织名称 is Pass
2018-11-13 15:26:44,548 [INFO] testcase.py line:77: Run the Step: 2|INPUT|文本输入
2018-11-13 15:26:45,090 [INFO] testcase.py line:152: Run the Step: 2|INPUT|通用-文本输入 is Pass
2018-11-13 15:26:45,292 [INFO] testcase.py line:77: Run the Step: 3|INPUT|文本输入
2018-11-13 15:26:45,865 [INFO] testcase.py line:152: Run the Step: 3|INPUT|通用-文本输入 is Pass
2018-11-13 15:26:46,067 [INFO] testcase.py line:152: Run the Step: >19|EXECUTE|text_input is Pass
2018-11-13 15:26:46,268 [INFO] testcase.py line:152: Run the Step: 6|EXECUTE|字段输入 is Pass
2018-11-13 15:26:46,470 [INFO] testcase.py line:77: Run the Step: 7|CLICK|按钮#保存
2018-11-13 15:26:47,099 [INFO] testcase.py line:152: Run the Step: 7|CLICK|通用-按钮#保存 is Pass
2018-11-13 15:26:47,301 [INFO] testcase.py line:77: Run the Step: 8|CHECK|提示#保存成功
2018-11-13 15:26:49,287 [ERROR] testcase.py line:172: *** save the screenshot is fail ***
Traceback (most recent call last):
  File "E:\py_workspaces\hap_test\sweetest\testcase.py", line 109, in run
    getattr(web, step['keyword'].lower())(step)
  File "E:\py_workspaces\hap_test\sweetest\keywords\web.py", line 69, in check
    element_location = locating_element(element)
  File "E:\py_workspaces\hap_test\sweetest\locator.py", line 29, in locating_element
    (getattr(By, el['by'].upper()), value)))
  File "E:\Python36\lib\site-packages\selenium\webdriver\support\wait.py", line 71, in until
    value = method(self._driver)
  File "E:\Python36\lib\site-packages\selenium\webdriver\support\expected_conditions.py", line 63, in __call__
    return _find_element(driver, self.locator)
  File "E:\Python36\lib\site-packages\selenium\webdriver\support\expected_conditions.py", line 402, in _find_element
    raise e
  File "E:\Python36\lib\site-packages\selenium\webdriver\support\expected_conditions.py", line 398, in _find_element
    return driver.find_element(*by)
  File "E:\Python36\lib\site-packages\selenium\webdriver\remote\webdriver.py", line 858, in find_element
    'value': value})['value']
  File "E:\Python36\lib\site-packages\selenium\webdriver\remote\webdriver.py", line 311, in execute
    self.error_handler.check_response(response)
  File "E:\Python36\lib\site-packages\selenium\webdriver\remote\errorhandler.py", line 237, in check_response
    raise exception_class(message, screen, stacktrace)
selenium.common.exceptions.NoSuchWindowException: Message: no such window: target window already closed
from unknown error: web view not found
  (Session info: chrome=70.0.3538.77)
  (Driver info: chromedriver=2.43.600210 (68dcf5eebde37173d4027fa8635e332711d2874a),platform=Windows NT 6.1.7601 SP1 x86_64)


During handling of the above exception, another exception occurred:

Traceback (most recent call last):
  File "E:\py_workspaces\hap_test\sweetest\testcase.py", line 170, in run
    g.driver.get_screenshot_as_file(snapshot_file)
  File "E:\Python36\lib\site-packages\selenium\webdriver\remote\webdriver.py", line 911, in get_screenshot_as_file
    png = self.get_screenshot_as_png()
  File "E:\Python36\lib\site-packages\selenium\webdriver\remote\webdriver.py", line 943, in get_screenshot_as_png
    return base64.b64decode(self.get_screenshot_as_base64().encode('ascii'))
  File "E:\Python36\lib\site-packages\selenium\webdriver\remote\webdriver.py", line 953, in get_screenshot_as_base64
    return self.execute(Command.SCREENSHOT)['value']
  File "E:\Python36\lib\site-packages\selenium\webdriver\remote\webdriver.py", line 311, in execute
    self.error_handler.check_response(response)
  File "E:\Python36\lib\site-packages\selenium\webdriver\remote\errorhandler.py", line 237, in check_response
    raise exception_class(message, screen, stacktrace)
selenium.common.exceptions.NoSuchWindowException: Message: no such window: target window already closed
from unknown error: web view not found
  (Session info: chrome=70.0.3538.77)
  (Driver info: chromedriver=2.43.600210 (68dcf5eebde37173d4027fa8635e332711d2874a),platform=Windows NT 6.1.7601 SP1 x86_64)

2018-11-13 15:26:49,315 [ERROR] testcase.py line:183: Run the Step: 8|CHECK|通用-提示#保存成功 is Failure
Traceback (most recent call last):
  File "E:\py_workspaces\hap_test\sweetest\testcase.py", line 109, in run
    getattr(web, step['keyword'].lower())(step)
  File "E:\py_workspaces\hap_test\sweetest\keywords\web.py", line 69, in check
    element_location = locating_element(element)
  File "E:\py_workspaces\hap_test\sweetest\locator.py", line 29, in locating_element
    (getattr(By, el['by'].upper()), value)))
  File "E:\Python36\lib\site-packages\selenium\webdriver\support\wait.py", line 71, in until
    value = method(self._driver)
  File "E:\Python36\lib\site-packages\selenium\webdriver\support\expected_conditions.py", line 63, in __call__
    return _find_element(driver, self.locator)
  File "E:\Python36\lib\site-packages\selenium\webdriver\support\expected_conditions.py", line 402, in _find_element
    raise e
  File "E:\Python36\lib\site-packages\selenium\webdriver\support\expected_conditions.py", line 398, in _find_element
    return driver.find_element(*by)
  File "E:\Python36\lib\site-packages\selenium\webdriver\remote\webdriver.py", line 858, in find_element
    'value': value})['value']
  File "E:\Python36\lib\site-packages\selenium\webdriver\remote\webdriver.py", line 311, in execute
    self.error_handler.check_response(response)
  File "E:\Python36\lib\site-packages\selenium\webdriver\remote\errorhandler.py", line 237, in check_response
    raise exception_class(message, screen, stacktrace)
selenium.common.exceptions.NoSuchWindowException: Message: no such window: target window already closed
from unknown error: web view not found
  (Session info: chrome=70.0.3538.77)
  (Driver info: chromedriver=2.43.600210 (68dcf5eebde37173d4027fa8635e332711d2874a),platform=Windows NT 6.1.7601 SP1 x86_64)

2018-11-13 15:26:49,331 [INFO] testsuite.py line:28: Start running the SETUP testcase...
2018-11-13 15:26:49,332 [INFO] testcase.py line:56: Run the TestCase: portal_setup|跳转到首页
2018-11-13 15:26:49,332 [INFO] testcase.py line:77: Run the Step: 1|REFRESH|
2018-11-13 15:26:49,344 [ERROR] testcase.py line:172: *** save the screenshot is fail ***
Traceback (most recent call last):
  File "E:\py_workspaces\hap_test\sweetest\testcase.py", line 109, in run
    getattr(web, step['keyword'].lower())(step)
  File "E:\py_workspaces\hap_test\sweetest\keywords\web.py", line 301, in refresh
    g.driver.refresh()
  File "E:\Python36\lib\site-packages\selenium\webdriver\remote\webdriver.py", line 718, in refresh
    self.execute(Command.REFRESH)
  File "E:\Python36\lib\site-packages\selenium\webdriver\remote\webdriver.py", line 311, in execute
    self.error_handler.check_response(response)
  File "E:\Python36\lib\site-packages\selenium\webdriver\remote\errorhandler.py", line 237, in check_response
    raise exception_class(message, screen, stacktrace)
selenium.common.exceptions.NoSuchWindowException: Message: no such window: target window already closed
from unknown error: web view not found
  (Session info: chrome=70.0.3538.77)
  (Driver info: chromedriver=2.43.600210 (68dcf5eebde37173d4027fa8635e332711d2874a),platform=Windows NT 6.1.7601 SP1 x86_64)


During handling of the above exception, another exception occurred:

Traceback (most recent call last):
  File "E:\py_workspaces\hap_test\sweetest\testcase.py", line 170, in run
    g.driver.get_screenshot_as_file(snapshot_file)
  File "E:\Python36\lib\site-packages\selenium\webdriver\remote\webdriver.py", line 911, in get_screenshot_as_file
    png = self.get_screenshot_as_png()
  File "E:\Python36\lib\site-packages\selenium\webdriver\remote\webdriver.py", line 943, in get_screenshot_as_png
    return base64.b64decode(self.get_screenshot_as_base64().encode('ascii'))
  File "E:\Python36\lib\site-packages\selenium\webdriver\remote\webdriver.py", line 953, in get_screenshot_as_base64
    return self.execute(Command.SCREENSHOT)['value']
  File "E:\Python36\lib\site-packages\selenium\webdriver\remote\webdriver.py", line 311, in execute
    self.error_handler.check_response(response)
  File "E:\Python36\lib\site-packages\selenium\webdriver\remote\errorhandler.py", line 237, in check_response
    raise exception_class(message, screen, stacktrace)
selenium.common.exceptions.NoSuchWindowException: Message: no such window: target window already closed
from unknown error: web view not found
  (Session info: chrome=70.0.3538.77)
  (Driver info: chromedriver=2.43.600210 (68dcf5eebde37173d4027fa8635e332711d2874a),platform=Windows NT 6.1.7601 SP1 x86_64)

2018-11-13 15:26:49,362 [ERROR] testcase.py line:183: Run the Step: 1|REFRESH| is Failure
Traceback (most recent call last):
  File "E:\py_workspaces\hap_test\sweetest\testcase.py", line 109, in run
    getattr(web, step['keyword'].lower())(step)
  File "E:\py_workspaces\hap_test\sweetest\keywords\web.py", line 301, in refresh
    g.driver.refresh()
  File "E:\Python36\lib\site-packages\selenium\webdriver\remote\webdriver.py", line 718, in refresh
    self.execute(Command.REFRESH)
  File "E:\Python36\lib\site-packages\selenium\webdriver\remote\webdriver.py", line 311, in execute
    self.error_handler.check_response(response)
  File "E:\Python36\lib\site-packages\selenium\webdriver\remote\errorhandler.py", line 237, in check_response
    raise exception_class(message, screen, stacktrace)
selenium.common.exceptions.NoSuchWindowException: Message: no such window: target window already closed
from unknown error: web view not found
  (Session info: chrome=70.0.3538.77)
  (Driver info: chromedriver=2.43.600210 (68dcf5eebde37173d4027fa8635e332711d2874a),platform=Windows NT 6.1.7601 SP1 x86_64)

2018-11-13 15:26:49,378 [INFO] testcase.py line:56: Run the TestCase: login|登录
2018-11-13 15:26:49,380 [INFO] testcase.py line:77: Run the Step: 1|OPEN|通用-prod3_pre_url
2018-11-13 15:26:49,381 [WARNING] elements.py line:57: Page:通用 element:通用-prod3_pre_url is not exist
2018-11-13 15:26:49,385 [ERROR] testcase.py line:172: *** save the screenshot is fail ***
Traceback (most recent call last):
  File "E:\py_workspaces\hap_test\sweetest\testcase.py", line 109, in run
    getattr(web, step['keyword'].lower())(step)
  File "E:\py_workspaces\hap_test\sweetest\keywords\web.py", line 58, in open
    g.driver.get(value)
  File "E:\Python36\lib\site-packages\selenium\webdriver\remote\webdriver.py", line 323, in get
    self.execute(Command.GET, {'url': url})
  File "E:\Python36\lib\site-packages\selenium\webdriver\remote\webdriver.py", line 311, in execute
    self.error_handler.check_response(response)
  File "E:\Python36\lib\site-packages\selenium\webdriver\remote\errorhandler.py", line 237, in check_response
    raise exception_class(message, screen, stacktrace)
selenium.common.exceptions.NoSuchWindowException: Message: no such window: target window already closed
from unknown error: web view not found
  (Session info: chrome=70.0.3538.77)
  (Driver info: chromedriver=2.43.600210 (68dcf5eebde37173d4027fa8635e332711d2874a),platform=Windows NT 6.1.7601 SP1 x86_64)


During handling of the above exception, another exception occurred:

Traceback (most recent call last):
  File "E:\py_workspaces\hap_test\sweetest\testcase.py", line 170, in run
    g.driver.get_screenshot_as_file(snapshot_file)
  File "E:\Python36\lib\site-packages\selenium\webdriver\remote\webdriver.py", line 911, in get_screenshot_as_file
    png = self.get_screenshot_as_png()
  File "E:\Python36\lib\site-packages\selenium\webdriver\remote\webdriver.py", line 943, in get_screenshot_as_png
    return base64.b64decode(self.get_screenshot_as_base64().encode('ascii'))
  File "E:\Python36\lib\site-packages\selenium\webdriver\remote\webdriver.py", line 953, in get_screenshot_as_base64
    return self.execute(Command.SCREENSHOT)['value']
  File "E:\Python36\lib\site-packages\selenium\webdriver\remote\webdriver.py", line 311, in execute
    self.error_handler.check_response(response)
  File "E:\Python36\lib\site-packages\selenium\webdriver\remote\errorhandler.py", line 237, in check_response
    raise exception_class(message, screen, stacktrace)
selenium.common.exceptions.NoSuchWindowException: Message: no such window: target window already closed
from unknown error: web view not found
  (Session info: chrome=70.0.3538.77)
  (Driver info: chromedriver=2.43.600210 (68dcf5eebde37173d4027fa8635e332711d2874a),platform=Windows NT 6.1.7601 SP1 x86_64)

2018-11-13 15:26:49,411 [ERROR] testcase.py line:183: Run the Step: 1|OPEN|通用-prod3_pre_url is Failure
Traceback (most recent call last):
  File "E:\py_workspaces\hap_test\sweetest\testcase.py", line 109, in run
    getattr(web, step['keyword'].lower())(step)
  File "E:\py_workspaces\hap_test\sweetest\keywords\web.py", line 58, in open
    g.driver.get(value)
  File "E:\Python36\lib\site-packages\selenium\webdriver\remote\webdriver.py", line 323, in get
    self.execute(Command.GET, {'url': url})
  File "E:\Python36\lib\site-packages\selenium\webdriver\remote\webdriver.py", line 311, in execute
    self.error_handler.check_response(response)
  File "E:\Python36\lib\site-packages\selenium\webdriver\remote\errorhandler.py", line 237, in check_response
    raise exception_class(message, screen, stacktrace)
selenium.common.exceptions.NoSuchWindowException: Message: no such window: target window already closed
from unknown error: web view not found
  (Session info: chrome=70.0.3538.77)
  (Driver info: chromedriver=2.43.600210 (68dcf5eebde37173d4027fa8635e332711d2874a),platform=Windows NT 6.1.7601 SP1 x86_64)

2018-11-13 15:26:49,429 [INFO] testcase.py line:56: Run the TestCase: sql_001|sql执行示例
2018-11-13 15:26:49,431 [INFO] testcase.py line:77: Run the Step: 1|SQL|sql#SELECT orgid from sy_org where orgname='炼油厂'
2018-11-13 15:26:49,432 [INFO] common.py line:81: SQL: "SELECT orgid from sy_org where orgname='炼油厂'"
2018-11-13 15:26:49,455 [INFO] common.py line:90: SQL result: (1688734,)
2018-11-13 15:26:49,456 [INFO] common.py line:102: keys result: {'orgid': 1688734}
2018-11-13 15:26:49,457 [INFO] common.py line:108: key: 'orgid', expect: '1688734', real: 1688734
2018-11-13 15:26:49,458 [INFO] testcase.py line:152: Run the Step: 1|SQL|通用-sql#SELECT orgid from sy_org where orgname='炼油厂' is Pass
2018-11-13 15:28:40,379 [INFO] autotest.py line:93: From Excel import testsuite success
2018-11-13 15:28:43,077 [INFO] testcase.py line:56: Run the TestCase: login|登录
2018-11-13 15:28:43,079 [INFO] testcase.py line:77: Run the Step: 1|OPEN|prod3_pre_url
2018-11-13 15:28:44,227 [INFO] testcase.py line:152: Run the Step: 1|OPEN|通用-prod3_pre_url is Pass
2018-11-13 15:28:44,428 [INFO] testcase.py line:77: Run the Step: 2|INPUT|用户名
2018-11-13 15:28:45,006 [INFO] testcase.py line:152: Run the Step: 2|INPUT|登录页-用户名 is Pass
2018-11-13 15:28:45,207 [INFO] testcase.py line:77: Run the Step: 3|INPUT|密码
2018-11-13 15:28:45,777 [INFO] testcase.py line:152: Run the Step: 3|INPUT|登录页-密码 is Pass
2018-11-13 15:28:45,978 [INFO] testcase.py line:77: Run the Step: 4|CLICK|立即登录
2018-11-13 15:28:46,559 [INFO] testcase.py line:152: Run the Step: 4|CLICK|登录页-立即登录 is Pass
2018-11-13 15:28:46,761 [INFO] testcase.py line:77: Run the Step: 5|CHECK|页面url
2018-11-13 15:28:46,762 [INFO] web.py line:29: DATA:'*portal'
2018-11-13 15:28:47,512 [INFO] web.py line:30: REAL:'http://v3-yfb-portal.hd-cloud.com/'
2018-11-13 15:28:47,516 [INFO] testcase.py line:152: Run the Step: 5|CHECK|通用-页面url is Pass
2018-11-13 15:28:47,717 [INFO] testsuite.py line:98: Run the testcase: portal_setup|跳转到首页 Skipped, because the flag=N or the condition=snippet
2018-11-13 15:28:47,719 [INFO] testsuite.py line:98: Run the testcase: 字段输入|卡片页面中字段输入 Skipped, because the flag=N or the condition=snippet
2018-11-13 15:28:47,722 [INFO] testsuite.py line:98: Run the testcase: text_input| Skipped, because the flag=N or the condition=snippet
2018-11-13 15:28:47,723 [INFO] testsuite.py line:98: Run the testcase: popup_query|弹出选择页面数据查询 Skipped, because the flag=N or the condition=snippet
2018-11-13 15:28:47,725 [INFO] testsuite.py line:98: Run the testcase: popup_input|弹出选择页面数据选择 Skipped, because the flag=N or the condition=snippet
2018-11-13 15:28:47,732 [INFO] testsuite.py line:98: Run the testcase: date_input|日期时间输入 Skipped, because the flag=N or the condition=snippet
2018-11-13 15:28:47,733 [INFO] testsuite.py line:98: Run the testcase: date_reduce|日期减小 Skipped, because the flag=N or the condition=snippet
2018-11-13 15:28:47,734 [INFO] testsuite.py line:98: Run the testcase: date_add|日期增加 Skipped, because the flag=N or the condition=snippet
2018-11-13 15:28:47,736 [INFO] testsuite.py line:28: Start running the SETUP testcase...
2018-11-13 15:28:47,736 [INFO] testcase.py line:56: Run the TestCase: portal_setup|跳转到首页
2018-11-13 15:28:47,737 [INFO] testcase.py line:77: Run the Step: 1|REFRESH|
2018-11-13 15:28:48,368 [INFO] testcase.py line:152: Run the Step: 1|REFRESH| is Pass
2018-11-13 15:28:48,568 [INFO] testcase.py line:77: Run the Step: 2|OPEN|prod3_pre_url
2018-11-13 15:28:49,547 [INFO] testcase.py line:152: Run the Step: 2|OPEN|通用-prod3_pre_url is Pass
2018-11-13 15:28:49,748 [INFO] testcase.py line:77: Run the Step: 3|CHECK|页面url
2018-11-13 15:28:49,749 [INFO] web.py line:29: DATA:'*portal'
2018-11-13 15:28:49,757 [INFO] web.py line:30: REAL:'http://v3-yfb-portal.hd-cloud.com/'
2018-11-13 15:28:49,761 [INFO] testcase.py line:152: Run the Step: 3|CHECK|通用-页面url is Pass
2018-11-13 15:28:49,962 [INFO] testcase.py line:56: Run the TestCase: sy_001|部门新增
2018-11-13 15:28:49,964 [INFO] testcase.py line:77: Run the Step: 1|CLICK|菜单#系统管理
2018-11-13 15:28:50,583 [INFO] testcase.py line:152: Run the Step: 1|CLICK|通用-菜单#系统管理 is Pass
2018-11-13 15:28:50,786 [INFO] testcase.py line:77: Run the Step: 2|CLICK|菜单#部门管理
2018-11-13 15:28:52,515 [INFO] testcase.py line:152: Run the Step: 2|CLICK|通用-菜单#部门管理 is Pass
2018-11-13 15:28:52,716 [INFO] testcase.py line:77: Run the Step: 3|CLICK|左侧树#2
2018-11-13 15:28:53,355 [INFO] testcase.py line:152: Run the Step: 3|CLICK|通用-左侧树#2 is Pass
2018-11-13 15:28:53,558 [INFO] testcase.py line:77: Run the Step: 4|CLICK|按钮#添加
2018-11-13 15:28:54,177 [INFO] testcase.py line:152: Run the Step: 4|CLICK|通用-按钮#添加 is Pass
2018-11-13 15:28:54,380 [INFO] testcase.py line:77: Run the Step: 5|EXECUTE|字段输入
2018-11-13 15:28:54,384 [INFO] testcase.py line:56: Run the TestCase: 字段输入|卡片页面中字段输入
2018-11-13 15:28:54,386 [INFO] testcase.py line:77: Run the Step: ^1|CHECK|
2018-11-13 15:28:54,386 [INFO] testcase.py line:77: Run the Step: ^2|CHECK|
2018-11-13 15:28:54,387 [INFO] testcase.py line:77: Run the Step: ^3|CHECK|
2018-11-13 15:28:54,388 [INFO] testcase.py line:152: Run the Step: ^3|CHECK| is Pass
2018-11-13 15:28:54,589 [INFO] testcase.py line:77: Run the Step: >19|EXECUTE|text_input
2018-11-13 15:28:54,590 [INFO] testcase.py line:56: Run the TestCase: text_input|
2018-11-13 15:28:54,591 [INFO] testcase.py line:77: Run the Step: 1|CHECK|输入框#<字段>
2018-11-13 15:28:54,640 [INFO] testcase.py line:152: Run the Step: 1|CHECK|通用-输入框#组织编码 is Pass
2018-11-13 15:28:54,841 [INFO] testcase.py line:77: Run the Step: 2|CLICK|输入框#<字段>
2018-11-13 15:28:55,460 [INFO] testcase.py line:152: Run the Step: 2|CLICK|通用-输入框#组织编码 is Pass
2018-11-13 15:28:55,663 [INFO] testcase.py line:77: Run the Step: 3|INPUT|文本输入
2018-11-13 15:28:56,241 [INFO] testcase.py line:152: Run the Step: 3|INPUT|通用-文本输入 is Pass
2018-11-13 15:28:56,443 [INFO] testcase.py line:77: Run the Step: 4|INPUT|文本输入
2018-11-13 15:28:56,976 [INFO] testcase.py line:152: Run the Step: 4|INPUT|通用-文本输入 is Pass
2018-11-13 15:28:57,178 [INFO] testcase.py line:152: Run the Step: >19|EXECUTE|text_input is Pass
2018-11-13 15:28:57,379 [INFO] testcase.py line:152: Run the Step: 5|EXECUTE|字段输入 is Pass
2018-11-13 15:28:57,581 [INFO] testcase.py line:77: Run the Step: 6|EXECUTE|字段输入
2018-11-13 15:28:57,584 [INFO] testcase.py line:56: Run the TestCase: 字段输入|卡片页面中字段输入
2018-11-13 15:28:57,586 [INFO] testcase.py line:77: Run the Step: ^1|CHECK|
2018-11-13 15:28:57,587 [INFO] testcase.py line:77: Run the Step: ^2|CHECK|
2018-11-13 15:28:57,589 [INFO] testcase.py line:77: Run the Step: ^3|CHECK|
2018-11-13 15:28:57,590 [INFO] testcase.py line:152: Run the Step: ^3|CHECK| is Pass
2018-11-13 15:28:57,791 [INFO] testcase.py line:77: Run the Step: >19|EXECUTE|text_input
2018-11-13 15:28:57,792 [INFO] testcase.py line:56: Run the TestCase: text_input|
2018-11-13 15:28:57,793 [INFO] testcase.py line:77: Run the Step: 1|CHECK|输入框#<字段>
2018-11-13 15:28:57,851 [INFO] testcase.py line:152: Run the Step: 1|CHECK|通用-输入框#组织名称 is Pass
2018-11-13 15:28:58,053 [INFO] testcase.py line:77: Run the Step: 2|CLICK|输入框#<字段>
2018-11-13 15:28:58,669 [INFO] testcase.py line:152: Run the Step: 2|CLICK|通用-输入框#组织名称 is Pass
2018-11-13 15:28:58,871 [INFO] testcase.py line:77: Run the Step: 3|INPUT|文本输入
2018-11-13 15:28:59,413 [INFO] testcase.py line:152: Run the Step: 3|INPUT|通用-文本输入 is Pass
2018-11-13 15:28:59,615 [INFO] testcase.py line:77: Run the Step: 4|INPUT|文本输入
2018-11-13 15:29:00,194 [INFO] testcase.py line:152: Run the Step: 4|INPUT|通用-文本输入 is Pass
2018-11-13 15:29:00,395 [INFO] testcase.py line:152: Run the Step: >19|EXECUTE|text_input is Pass
2018-11-13 15:29:00,595 [INFO] testcase.py line:152: Run the Step: 6|EXECUTE|字段输入 is Pass
2018-11-13 15:29:00,796 [INFO] testcase.py line:77: Run the Step: 7|CLICK|按钮#保存
2018-11-13 15:29:01,416 [INFO] testcase.py line:152: Run the Step: 7|CLICK|通用-按钮#保存 is Pass
2018-11-13 15:29:01,618 [INFO] testcase.py line:77: Run the Step: 8|CHECK|提示#保存成功
2018-11-13 15:29:08,489 [ERROR] testcase.py line:183: Run the Step: 8|CHECK|通用-提示#保存成功 is Failure
Traceback (most recent call last):
  File "E:\py_workspaces\hap_test\sweetest\testcase.py", line 109, in run
    getattr(web, step['keyword'].lower())(step)
  File "E:\py_workspaces\hap_test\sweetest\keywords\web.py", line 69, in check
    element_location = locating_element(element)
  File "E:\py_workspaces\hap_test\sweetest\locator.py", line 29, in locating_element
    (getattr(By, el['by'].upper()), value)))
  File "E:\Python36\lib\site-packages\selenium\webdriver\support\wait.py", line 80, in until
    raise TimeoutException(message, screen, stacktrace)
selenium.common.exceptions.TimeoutException: Message: 

2018-11-13 15:29:08,492 [INFO] testsuite.py line:28: Start running the SETUP testcase...
2018-11-13 15:29:08,493 [INFO] testcase.py line:56: Run the TestCase: portal_setup|跳转到首页
2018-11-13 15:29:08,499 [INFO] testcase.py line:77: Run the Step: 1|REFRESH|
2018-11-13 15:29:09,000 [INFO] testcase.py line:152: Run the Step: 1|REFRESH| is Pass
2018-11-13 15:29:09,201 [INFO] testcase.py line:77: Run the Step: 2|OPEN|通用-prod3_pre_url
2018-11-13 15:29:09,202 [WARNING] elements.py line:57: Page:通用 element:通用-prod3_pre_url is not exist
2018-11-13 15:29:10,356 [INFO] testcase.py line:152: Run the Step: 2|OPEN|通用-prod3_pre_url is Pass
2018-11-13 15:29:10,558 [INFO] testcase.py line:77: Run the Step: 3|CHECK|通用-页面url
2018-11-13 15:29:10,559 [WARNING] elements.py line:57: Page:通用 element:通用-页面url is not exist
2018-11-13 15:29:10,560 [INFO] web.py line:29: DATA:'*portal'
2018-11-13 15:29:10,565 [INFO] web.py line:30: REAL:'http://v3-yfb-portal.hd-cloud.com/'
2018-11-13 15:29:10,572 [INFO] testcase.py line:152: Run the Step: 3|CHECK|通用-页面url is Pass
2018-11-13 15:29:10,774 [INFO] testcase.py line:56: Run the TestCase: sql_001|sql执行示例
2018-11-13 15:29:10,774 [INFO] testcase.py line:77: Run the Step: 1|SQL|sql#SELECT orgid from sy_org where orgname='炼油厂'
2018-11-13 15:29:10,776 [INFO] common.py line:81: SQL: "SELECT orgid from sy_org where orgname='炼油厂'"
2018-11-13 15:29:10,800 [INFO] common.py line:90: SQL result: (1688734,)
2018-11-13 15:29:10,801 [INFO] common.py line:102: keys result: {'orgid': 1688734}
2018-11-13 15:29:10,802 [INFO] common.py line:108: key: 'orgid', expect: '1688734', real: 1688734
2018-11-13 15:29:10,802 [INFO] testcase.py line:152: Run the Step: 1|SQL|通用-sql#SELECT orgid from sy_org where orgname='炼油厂' is Pass
2018-11-13 15:43:36,393 [INFO] autotest.py line:93: From Excel import testsuite success
2018-11-13 15:43:39,068 [INFO] testcase.py line:56: Run the TestCase: login|登录
2018-11-13 15:43:39,070 [INFO] testcase.py line:77: Run the Step: 1|OPEN|prod3_pre_url
2018-11-13 15:43:39,831 [INFO] testcase.py line:152: Run the Step: 1|OPEN|通用-prod3_pre_url is Pass
2018-11-13 15:43:40,033 [INFO] testcase.py line:77: Run the Step: 2|INPUT|用户名
2018-11-13 15:43:40,645 [INFO] testcase.py line:152: Run the Step: 2|INPUT|登录页-用户名 is Pass
2018-11-13 15:43:40,847 [INFO] testcase.py line:77: Run the Step: 3|INPUT|密码
2018-11-13 15:43:41,437 [INFO] testcase.py line:152: Run the Step: 3|INPUT|登录页-密码 is Pass
2018-11-13 15:43:41,638 [INFO] testcase.py line:77: Run the Step: 4|CLICK|立即登录
2018-11-13 15:43:42,218 [INFO] testcase.py line:152: Run the Step: 4|CLICK|登录页-立即登录 is Pass
2018-11-13 15:43:42,419 [INFO] testcase.py line:77: Run the Step: 5|CHECK|页面url
2018-11-13 15:43:42,420 [INFO] web.py line:29: DATA:'*portal'
2018-11-13 15:43:42,873 [INFO] web.py line:30: REAL:'http://v3-yfb-portal.hd-cloud.com/'
2018-11-13 15:43:42,876 [INFO] testcase.py line:152: Run the Step: 5|CHECK|通用-页面url is Pass
2018-11-13 15:43:43,079 [INFO] testsuite.py line:98: Run the testcase: portal_setup|跳转到首页 Skipped, because the flag=N or the condition=snippet
2018-11-13 15:43:43,080 [INFO] testsuite.py line:98: Run the testcase: 字段输入|卡片页面中字段输入 Skipped, because the flag=N or the condition=snippet
2018-11-13 15:43:43,081 [INFO] testsuite.py line:98: Run the testcase: text_input| Skipped, because the flag=N or the condition=snippet
2018-11-13 15:43:43,082 [INFO] testsuite.py line:98: Run the testcase: popup_query|弹出选择页面数据查询 Skipped, because the flag=N or the condition=snippet
2018-11-13 15:43:43,083 [INFO] testsuite.py line:98: Run the testcase: popup_input|弹出选择页面数据选择 Skipped, because the flag=N or the condition=snippet
2018-11-13 15:43:43,084 [INFO] testsuite.py line:98: Run the testcase: date_input|日期时间输入 Skipped, because the flag=N or the condition=snippet
2018-11-13 15:43:43,085 [INFO] testsuite.py line:98: Run the testcase: date_reduce|日期减小 Skipped, because the flag=N or the condition=snippet
2018-11-13 15:43:43,086 [INFO] testsuite.py line:98: Run the testcase: date_add|日期增加 Skipped, because the flag=N or the condition=snippet
2018-11-13 15:43:43,087 [INFO] testsuite.py line:28: Start running the SETUP testcase...
2018-11-13 15:43:43,088 [INFO] testcase.py line:56: Run the TestCase: portal_setup|跳转到首页
2018-11-13 15:43:43,088 [INFO] testcase.py line:77: Run the Step: 1|REFRESH|
2018-11-13 15:43:43,517 [INFO] testcase.py line:152: Run the Step: 1|REFRESH| is Pass
2018-11-13 15:43:43,717 [INFO] testcase.py line:77: Run the Step: 2|OPEN|prod3_pre_url
2018-11-13 15:43:44,728 [INFO] testcase.py line:152: Run the Step: 2|OPEN|通用-prod3_pre_url is Pass
2018-11-13 15:43:44,929 [INFO] testcase.py line:77: Run the Step: 3|CHECK|页面url
2018-11-13 15:43:44,931 [INFO] web.py line:29: DATA:'*portal'
2018-11-13 15:43:44,935 [INFO] web.py line:30: REAL:'http://v3-yfb-portal.hd-cloud.com/'
2018-11-13 15:43:44,943 [INFO] testcase.py line:152: Run the Step: 3|CHECK|通用-页面url is Pass
2018-11-13 15:43:45,145 [INFO] testcase.py line:56: Run the TestCase: sy_001|部门新增
2018-11-13 15:43:45,146 [INFO] testcase.py line:77: Run the Step: 1|CLICK|菜单#系统管理
2018-11-13 15:43:45,744 [INFO] testcase.py line:152: Run the Step: 1|CLICK|通用-菜单#系统管理 is Pass
2018-11-13 15:43:45,947 [INFO] testcase.py line:77: Run the Step: 2|CLICK|菜单#部门管理
2018-11-13 15:43:47,672 [INFO] testcase.py line:152: Run the Step: 2|CLICK|通用-菜单#部门管理 is Pass
2018-11-13 15:43:47,874 [INFO] testcase.py line:77: Run the Step: 3|CLICK|左侧树#2
2018-11-13 15:43:48,489 [INFO] testcase.py line:152: Run the Step: 3|CLICK|通用-左侧树#2 is Pass
2018-11-13 15:43:48,692 [INFO] testcase.py line:77: Run the Step: 4|CLICK|按钮#添加
2018-11-13 15:43:49,325 [INFO] testcase.py line:152: Run the Step: 4|CLICK|通用-按钮#添加 is Pass
2018-11-13 15:43:49,527 [INFO] testcase.py line:77: Run the Step: 5|EXECUTE|字段输入
2018-11-13 15:43:49,531 [INFO] testcase.py line:56: Run the TestCase: 字段输入|卡片页面中字段输入
2018-11-13 15:43:49,533 [INFO] testcase.py line:77: Run the Step: ^1|CHECK|
2018-11-13 15:43:49,534 [INFO] testcase.py line:77: Run the Step: ^2|CHECK|
2018-11-13 15:43:49,535 [INFO] testcase.py line:77: Run the Step: ^3|CHECK|
2018-11-13 15:43:49,536 [INFO] testcase.py line:152: Run the Step: ^3|CHECK| is Pass
2018-11-13 15:43:49,737 [INFO] testcase.py line:77: Run the Step: >19|EXECUTE|text_input
2018-11-13 15:43:49,738 [INFO] testcase.py line:56: Run the TestCase: text_input|
2018-11-13 15:43:49,739 [INFO] testcase.py line:77: Run the Step: 1|CHECK|输入框#<字段>
2018-11-13 15:43:49,800 [INFO] testcase.py line:152: Run the Step: 1|CHECK|通用-输入框#组织编码 is Pass
2018-11-13 15:43:50,002 [INFO] testcase.py line:77: Run the Step: 2|CLICK|输入框#<字段>
2018-11-13 15:43:50,617 [INFO] testcase.py line:152: Run the Step: 2|CLICK|通用-输入框#组织编码 is Pass
2018-11-13 15:43:50,819 [INFO] testcase.py line:77: Run the Step: 3|INPUT|文本输入
2018-11-13 15:43:51,434 [INFO] testcase.py line:152: Run the Step: 3|INPUT|通用-文本输入 is Pass
2018-11-13 15:43:51,636 [INFO] testcase.py line:152: Run the Step: >19|EXECUTE|text_input is Pass
2018-11-13 15:43:51,837 [INFO] testcase.py line:152: Run the Step: 5|EXECUTE|字段输入 is Pass
2018-11-13 15:43:52,039 [INFO] testcase.py line:77: Run the Step: 6|EXECUTE|字段输入
2018-11-13 15:43:52,042 [INFO] testcase.py line:56: Run the TestCase: 字段输入|卡片页面中字段输入
2018-11-13 15:43:52,044 [INFO] testcase.py line:77: Run the Step: ^1|CHECK|
2018-11-13 15:43:52,045 [INFO] testcase.py line:77: Run the Step: ^2|CHECK|
2018-11-13 15:43:52,046 [INFO] testcase.py line:77: Run the Step: ^3|CHECK|
2018-11-13 15:43:52,047 [INFO] testcase.py line:152: Run the Step: ^3|CHECK| is Pass
2018-11-13 15:43:52,248 [INFO] testcase.py line:77: Run the Step: >19|EXECUTE|text_input
2018-11-13 15:43:52,249 [INFO] testcase.py line:56: Run the TestCase: text_input|
2018-11-13 15:43:52,250 [INFO] testcase.py line:77: Run the Step: 1|CHECK|输入框#<字段>
2018-11-13 15:43:52,298 [INFO] testcase.py line:152: Run the Step: 1|CHECK|通用-输入框#组织名称 is Pass
2018-11-13 15:43:52,499 [INFO] testcase.py line:77: Run the Step: 2|CLICK|输入框#<字段>
2018-11-13 15:43:53,105 [INFO] testcase.py line:152: Run the Step: 2|CLICK|通用-输入框#组织名称 is Pass
2018-11-13 15:43:53,308 [INFO] testcase.py line:77: Run the Step: 3|INPUT|文本输入
2018-11-13 15:43:53,887 [INFO] testcase.py line:152: Run the Step: 3|INPUT|通用-文本输入 is Pass
2018-11-13 15:43:54,089 [INFO] testcase.py line:152: Run the Step: >19|EXECUTE|text_input is Pass
2018-11-13 15:43:54,290 [INFO] testcase.py line:152: Run the Step: 6|EXECUTE|字段输入 is Pass
2018-11-13 15:43:54,492 [INFO] testcase.py line:77: Run the Step: 7|CLICK|按钮#保存
2018-11-13 15:43:55,114 [INFO] testcase.py line:152: Run the Step: 7|CLICK|通用-按钮#保存 is Pass
2018-11-13 15:43:55,315 [INFO] testcase.py line:77: Run the Step: 8|CHECK|提示#保存成功
2018-11-13 15:43:55,344 [INFO] testcase.py line:152: Run the Step: 8|CHECK|通用-提示#保存成功 is Pass
2018-11-13 15:43:55,546 [INFO] testsuite.py line:28: Start running the SETUP testcase...
2018-11-13 15:43:55,547 [INFO] testcase.py line:56: Run the TestCase: portal_setup|跳转到首页
2018-11-13 15:43:55,548 [INFO] testcase.py line:77: Run the Step: 1|REFRESH|
2018-11-13 15:43:55,996 [INFO] testcase.py line:152: Run the Step: 1|REFRESH| is Pass
2018-11-13 15:43:56,196 [INFO] testcase.py line:77: Run the Step: 2|OPEN|通用-prod3_pre_url
2018-11-13 15:43:56,197 [WARNING] elements.py line:57: Page:通用 element:通用-prod3_pre_url is not exist
2018-11-13 15:43:57,313 [INFO] testcase.py line:152: Run the Step: 2|OPEN|通用-prod3_pre_url is Pass
2018-11-13 15:43:57,514 [INFO] testcase.py line:77: Run the Step: 3|CHECK|通用-页面url
2018-11-13 15:43:57,516 [WARNING] elements.py line:57: Page:通用 element:通用-页面url is not exist
2018-11-13 15:43:57,519 [INFO] web.py line:29: DATA:'*portal'
2018-11-13 15:43:57,534 [INFO] web.py line:30: REAL:'http://v3-yfb-portal.hd-cloud.com/'
2018-11-13 15:43:57,539 [INFO] testcase.py line:152: Run the Step: 3|CHECK|通用-页面url is Pass
2018-11-13 15:43:57,741 [INFO] testcase.py line:56: Run the TestCase: sql_001|sql执行示例
2018-11-13 15:43:57,741 [INFO] testcase.py line:77: Run the Step: 1|SQL|sql#SELECT orgid from sy_org where orgname='炼油厂'
2018-11-13 15:43:57,743 [INFO] common.py line:81: SQL: "SELECT orgid from sy_org where orgname='炼油厂'"
2018-11-13 15:43:57,777 [INFO] common.py line:90: SQL result: (1688734,)
2018-11-13 15:43:57,778 [INFO] common.py line:102: keys result: {'orgid': 1688734}
2018-11-13 15:43:57,778 [INFO] common.py line:108: key: 'orgid', expect: '1688734', real: 1688734
2018-11-13 15:43:57,779 [INFO] testcase.py line:152: Run the Step: 1|SQL|通用-sql#SELECT orgid from sy_org where orgname='炼油厂' is Pass
2018-11-13 16:35:05,688 [INFO] autotest.py line:93: From Excel import testsuite success
2018-11-13 16:35:08,229 [INFO] testcase.py line:56: Run the TestCase: login|登录
2018-11-13 16:35:08,231 [INFO] testcase.py line:77: Run the Step: 1|OPEN|prod3_pre_url
2018-11-13 16:35:09,146 [INFO] testcase.py line:152: Run the Step: 1|OPEN|通用-prod3_pre_url is Pass
2018-11-13 16:35:09,347 [INFO] testcase.py line:77: Run the Step: 2|INPUT|用户名
2018-11-13 16:35:09,925 [INFO] testcase.py line:152: Run the Step: 2|INPUT|登录页-用户名 is Pass
2018-11-13 16:35:10,126 [INFO] testcase.py line:77: Run the Step: 3|INPUT|密码
2018-11-13 16:35:10,698 [INFO] testcase.py line:152: Run the Step: 3|INPUT|登录页-密码 is Pass
2018-11-13 16:35:10,899 [INFO] testcase.py line:77: Run the Step: 4|CLICK|立即登录
2018-11-13 16:35:11,506 [INFO] testcase.py line:152: Run the Step: 4|CLICK|登录页-立即登录 is Pass
2018-11-13 16:35:11,716 [INFO] testcase.py line:77: Run the Step: 5|CHECK|页面url
2018-11-13 16:35:11,717 [INFO] web.py line:29: DATA:'*portal'
2018-11-13 16:35:12,413 [INFO] web.py line:30: REAL:'http://v3-yfb-portal.hd-cloud.com/'
2018-11-13 16:35:12,426 [INFO] testcase.py line:152: Run the Step: 5|CHECK|通用-页面url is Pass
2018-11-13 16:35:12,627 [INFO] testsuite.py line:98: Run the testcase: portal_setup|跳转到首页 Skipped, because the flag=N or the condition=snippet
2018-11-13 16:35:12,628 [INFO] testsuite.py line:98: Run the testcase: 字段输入|卡片页面中字段输入 Skipped, because the flag=N or the condition=snippet
2018-11-13 16:35:12,630 [INFO] testsuite.py line:98: Run the testcase: 列表查询|列表查询数据 Skipped, because the flag=N or the condition=snippet
2018-11-13 16:35:12,632 [INFO] testsuite.py line:98: Run the testcase: text_input| Skipped, because the flag=N or the condition=snippet
2018-11-13 16:35:12,632 [INFO] testsuite.py line:98: Run the testcase: popup_query|弹出选择页面数据查询 Skipped, because the flag=N or the condition=snippet
2018-11-13 16:35:12,633 [INFO] testsuite.py line:98: Run the testcase: popup_input|弹出选择页面数据选择 Skipped, because the flag=N or the condition=snippet
2018-11-13 16:35:12,634 [INFO] testsuite.py line:98: Run the testcase: date_input|日期时间输入 Skipped, because the flag=N or the condition=snippet
2018-11-13 16:35:12,636 [INFO] testsuite.py line:98: Run the testcase: date_reduce|日期减小 Skipped, because the flag=N or the condition=snippet
2018-11-13 16:35:12,636 [INFO] testsuite.py line:98: Run the testcase: date_add|日期增加 Skipped, because the flag=N or the condition=snippet
2018-11-13 16:35:12,637 [INFO] testsuite.py line:28: Start running the SETUP testcase...
2018-11-13 16:35:12,638 [INFO] testcase.py line:56: Run the TestCase: portal_setup|跳转到首页
2018-11-13 16:35:12,639 [INFO] testcase.py line:77: Run the Step: 1|REFRESH|
2018-11-13 16:35:13,050 [INFO] testcase.py line:152: Run the Step: 1|REFRESH| is Pass
2018-11-13 16:35:13,251 [INFO] testcase.py line:77: Run the Step: 2|OPEN|prod3_pre_url
2018-11-13 16:35:14,189 [INFO] testcase.py line:152: Run the Step: 2|OPEN|通用-prod3_pre_url is Pass
2018-11-13 16:35:14,395 [INFO] testcase.py line:77: Run the Step: 3|CHECK|页面url
2018-11-13 16:35:14,396 [INFO] web.py line:29: DATA:'*portal'
2018-11-13 16:35:14,400 [INFO] web.py line:30: REAL:'http://v3-yfb-portal.hd-cloud.com/'
2018-11-13 16:35:14,402 [INFO] testcase.py line:152: Run the Step: 3|CHECK|通用-页面url is Pass
2018-11-13 16:35:14,604 [INFO] testcase.py line:56: Run the TestCase: sy_001|部门新增
2018-11-13 16:35:14,605 [INFO] testcase.py line:77: Run the Step: 1|CLICK|菜单#系统管理
2018-11-13 16:35:15,222 [INFO] testcase.py line:152: Run the Step: 1|CLICK|通用-菜单#系统管理 is Pass
2018-11-13 16:35:15,425 [INFO] testcase.py line:77: Run the Step: 2|CLICK|菜单#部门管理
2018-11-13 16:35:17,376 [INFO] testcase.py line:152: Run the Step: 2|CLICK|通用-菜单#部门管理 is Pass
2018-11-13 16:35:17,579 [INFO] testcase.py line:77: Run the Step: 3|CLICK|左侧树#2
2018-11-13 16:35:18,794 [INFO] testcase.py line:152: Run the Step: 3|CLICK|通用-左侧树#2 is Pass
2018-11-13 16:35:18,997 [INFO] testcase.py line:77: Run the Step: 4|CLICK|按钮#添加
2018-11-13 16:35:19,632 [INFO] testcase.py line:152: Run the Step: 4|CLICK|通用-按钮#添加 is Pass
2018-11-13 16:35:19,834 [INFO] testcase.py line:77: Run the Step: 5|EXECUTE|字段输入
2018-11-13 16:35:19,838 [INFO] testcase.py line:56: Run the TestCase: 字段输入|卡片页面中字段输入
2018-11-13 16:35:19,840 [INFO] testcase.py line:77: Run the Step: ^1|CHECK|
2018-11-13 16:35:19,841 [INFO] testcase.py line:77: Run the Step: ^2|CHECK|
2018-11-13 16:35:19,842 [INFO] testcase.py line:77: Run the Step: ^3|CHECK|
2018-11-13 16:35:19,844 [INFO] testcase.py line:152: Run the Step: ^3|CHECK| is Pass
2018-11-13 16:35:20,044 [INFO] testcase.py line:77: Run the Step: >19|EXECUTE|text_input
2018-11-13 16:35:20,045 [INFO] testcase.py line:56: Run the TestCase: text_input|
2018-11-13 16:35:20,046 [INFO] testcase.py line:77: Run the Step: 1|CHECK|输入框#<字段>
2018-11-13 16:35:20,105 [INFO] testcase.py line:152: Run the Step: 1|CHECK|通用-输入框#组织编码 is Pass
2018-11-13 16:35:20,307 [INFO] testcase.py line:77: Run the Step: 2|CLICK|输入框#<字段>
2018-11-13 16:35:20,927 [INFO] testcase.py line:152: Run the Step: 2|CLICK|通用-输入框#组织编码 is Pass
2018-11-13 16:35:21,129 [INFO] testcase.py line:77: Run the Step: 3|INPUT|文本输入
2018-11-13 16:35:21,728 [INFO] testcase.py line:152: Run the Step: 3|INPUT|通用-文本输入 is Pass
2018-11-13 16:35:21,931 [INFO] testcase.py line:152: Run the Step: >19|EXECUTE|text_input is Pass
2018-11-13 16:35:22,131 [INFO] testcase.py line:152: Run the Step: 5|EXECUTE|字段输入 is Pass
2018-11-13 16:35:22,332 [INFO] testcase.py line:77: Run the Step: 6|EXECUTE|字段输入
2018-11-13 16:35:22,335 [INFO] testcase.py line:56: Run the TestCase: 字段输入|卡片页面中字段输入
2018-11-13 16:35:22,337 [INFO] testcase.py line:77: Run the Step: ^1|CHECK|
2018-11-13 16:35:22,339 [INFO] testcase.py line:77: Run the Step: ^2|CHECK|
2018-11-13 16:35:22,339 [INFO] testcase.py line:77: Run the Step: ^3|CHECK|
2018-11-13 16:35:22,340 [INFO] testcase.py line:152: Run the Step: ^3|CHECK| is Pass
2018-11-13 16:35:22,541 [INFO] testcase.py line:77: Run the Step: >19|EXECUTE|text_input
2018-11-13 16:35:22,542 [INFO] testcase.py line:56: Run the TestCase: text_input|
2018-11-13 16:35:22,543 [INFO] testcase.py line:77: Run the Step: 1|CHECK|输入框#<字段>
2018-11-13 16:35:22,592 [INFO] testcase.py line:152: Run the Step: 1|CHECK|通用-输入框#组织名称 is Pass
2018-11-13 16:35:22,793 [INFO] testcase.py line:77: Run the Step: 2|CLICK|输入框#<字段>
2018-11-13 16:35:23,386 [INFO] testcase.py line:152: Run the Step: 2|CLICK|通用-输入框#组织名称 is Pass
2018-11-13 16:35:23,588 [INFO] testcase.py line:77: Run the Step: 3|INPUT|文本输入
2018-11-13 16:35:24,153 [INFO] testcase.py line:152: Run the Step: 3|INPUT|通用-文本输入 is Pass
2018-11-13 16:35:24,355 [INFO] testcase.py line:152: Run the Step: >19|EXECUTE|text_input is Pass
2018-11-13 16:35:24,556 [INFO] testcase.py line:152: Run the Step: 6|EXECUTE|字段输入 is Pass
2018-11-13 16:35:24,758 [INFO] testcase.py line:77: Run the Step: 7|CLICK|按钮#保存
2018-11-13 16:35:25,374 [INFO] testcase.py line:152: Run the Step: 7|CLICK|通用-按钮#保存 is Pass
2018-11-13 16:35:25,577 [INFO] testcase.py line:77: Run the Step: 8|CHECK|提示#保存成功
2018-11-13 16:35:32,452 [ERROR] testcase.py line:183: Run the Step: 8|CHECK|通用-提示#保存成功 is Failure
Traceback (most recent call last):
  File "E:\py_workspaces\hap_test\sweetest\testcase.py", line 109, in run
    getattr(web, step['keyword'].lower())(step)
  File "E:\py_workspaces\hap_test\sweetest\keywords\web.py", line 69, in check
    element_location = locating_element(element)
  File "E:\py_workspaces\hap_test\sweetest\locator.py", line 29, in locating_element
    (getattr(By, el['by'].upper()), value)))
  File "E:\Python36\lib\site-packages\selenium\webdriver\support\wait.py", line 80, in until
    raise TimeoutException(message, screen, stacktrace)
selenium.common.exceptions.TimeoutException: Message: 

2018-11-13 16:35:32,456 [INFO] testsuite.py line:28: Start running the SETUP testcase...
2018-11-13 16:35:32,456 [INFO] testcase.py line:56: Run the TestCase: portal_setup|跳转到首页
2018-11-13 16:35:32,457 [INFO] testcase.py line:77: Run the Step: 1|REFRESH|
2018-11-13 16:35:32,852 [INFO] testcase.py line:152: Run the Step: 1|REFRESH| is Pass
2018-11-13 16:35:33,053 [INFO] testcase.py line:77: Run the Step: 2|OPEN|通用-prod3_pre_url
2018-11-13 16:35:33,054 [WARNING] elements.py line:57: Page:通用 element:通用-prod3_pre_url is not exist
2018-11-13 16:35:34,140 [INFO] testcase.py line:152: Run the Step: 2|OPEN|通用-prod3_pre_url is Pass
2018-11-13 16:35:34,342 [INFO] testcase.py line:77: Run the Step: 3|CHECK|通用-页面url
2018-11-13 16:35:34,344 [WARNING] elements.py line:57: Page:通用 element:通用-页面url is not exist
2018-11-13 16:35:34,350 [INFO] web.py line:29: DATA:'*portal'
2018-11-13 16:35:34,368 [INFO] web.py line:30: REAL:None
2018-11-13 16:35:34,372 [ERROR] testcase.py line:172: *** save the screenshot is fail ***
Traceback (most recent call last):
  File "E:\py_workspaces\hap_test\sweetest\testcase.py", line 109, in run
    getattr(web, step['keyword'].lower())(step)
  File "E:\py_workspaces\hap_test\sweetest\keywords\web.py", line 78, in check
    getattr(Common, by)(data, output)
  File "E:\py_workspaces\hap_test\sweetest\keywords\web.py", line 32, in current_url
    assert data['text'][1:] in g.driver.current_url
  File "E:\Python36\lib\site-packages\selenium\webdriver\remote\webdriver.py", line 577, in current_url
    return self.execute(Command.GET_CURRENT_URL)['value']
  File "E:\Python36\lib\site-packages\selenium\webdriver\remote\webdriver.py", line 311, in execute
    self.error_handler.check_response(response)
  File "E:\Python36\lib\site-packages\selenium\webdriver\remote\errorhandler.py", line 237, in check_response
    raise exception_class(message, screen, stacktrace)
selenium.common.exceptions.NoSuchWindowException: Message: no such window: target window already closed
from unknown error: web view not found
  (Session info: chrome=70.0.3538.77)
  (Driver info: chromedriver=2.43.600210 (68dcf5eebde37173d4027fa8635e332711d2874a),platform=Windows NT 6.1.7601 SP1 x86_64)


During handling of the above exception, another exception occurred:

Traceback (most recent call last):
  File "E:\py_workspaces\hap_test\sweetest\testcase.py", line 170, in run
    g.driver.get_screenshot_as_file(snapshot_file)
  File "E:\Python36\lib\site-packages\selenium\webdriver\remote\webdriver.py", line 911, in get_screenshot_as_file
    png = self.get_screenshot_as_png()
  File "E:\Python36\lib\site-packages\selenium\webdriver\remote\webdriver.py", line 943, in get_screenshot_as_png
    return base64.b64decode(self.get_screenshot_as_base64().encode('ascii'))
  File "E:\Python36\lib\site-packages\selenium\webdriver\remote\webdriver.py", line 953, in get_screenshot_as_base64
    return self.execute(Command.SCREENSHOT)['value']
  File "E:\Python36\lib\site-packages\selenium\webdriver\remote\webdriver.py", line 311, in execute
    self.error_handler.check_response(response)
  File "E:\Python36\lib\site-packages\selenium\webdriver\remote\errorhandler.py", line 237, in check_response
    raise exception_class(message, screen, stacktrace)
selenium.common.exceptions.NoSuchWindowException: Message: no such window: target window already closed
from unknown error: web view not found
  (Session info: chrome=70.0.3538.77)
  (Driver info: chromedriver=2.43.600210 (68dcf5eebde37173d4027fa8635e332711d2874a),platform=Windows NT 6.1.7601 SP1 x86_64)

2018-11-13 16:35:34,415 [ERROR] testcase.py line:183: Run the Step: 3|CHECK|通用-页面url is Failure
Traceback (most recent call last):
  File "E:\py_workspaces\hap_test\sweetest\testcase.py", line 109, in run
    getattr(web, step['keyword'].lower())(step)
  File "E:\py_workspaces\hap_test\sweetest\keywords\web.py", line 78, in check
    getattr(Common, by)(data, output)
  File "E:\py_workspaces\hap_test\sweetest\keywords\web.py", line 32, in current_url
    assert data['text'][1:] in g.driver.current_url
  File "E:\Python36\lib\site-packages\selenium\webdriver\remote\webdriver.py", line 577, in current_url
    return self.execute(Command.GET_CURRENT_URL)['value']
  File "E:\Python36\lib\site-packages\selenium\webdriver\remote\webdriver.py", line 311, in execute
    self.error_handler.check_response(response)
  File "E:\Python36\lib\site-packages\selenium\webdriver\remote\errorhandler.py", line 237, in check_response
    raise exception_class(message, screen, stacktrace)
selenium.common.exceptions.NoSuchWindowException: Message: no such window: target window already closed
from unknown error: web view not found
  (Session info: chrome=70.0.3538.77)
  (Driver info: chromedriver=2.43.600210 (68dcf5eebde37173d4027fa8635e332711d2874a),platform=Windows NT 6.1.7601 SP1 x86_64)

2018-11-13 16:35:34,422 [INFO] testcase.py line:56: Run the TestCase: login|登录
2018-11-13 16:35:34,424 [INFO] testcase.py line:77: Run the Step: 1|OPEN|通用-prod3_pre_url
2018-11-13 16:35:34,425 [WARNING] elements.py line:57: Page:通用 element:通用-prod3_pre_url is not exist
2018-11-13 16:35:34,468 [ERROR] testcase.py line:172: *** save the screenshot is fail ***
Traceback (most recent call last):
  File "E:\py_workspaces\hap_test\sweetest\testcase.py", line 109, in run
    getattr(web, step['keyword'].lower())(step)
  File "E:\py_workspaces\hap_test\sweetest\keywords\web.py", line 58, in open
    g.driver.get(value)
  File "E:\Python36\lib\site-packages\selenium\webdriver\remote\webdriver.py", line 323, in get
    self.execute(Command.GET, {'url': url})
  File "E:\Python36\lib\site-packages\selenium\webdriver\remote\webdriver.py", line 311, in execute
    self.error_handler.check_response(response)
  File "E:\Python36\lib\site-packages\selenium\webdriver\remote\errorhandler.py", line 237, in check_response
    raise exception_class(message, screen, stacktrace)
selenium.common.exceptions.NoSuchWindowException: Message: no such window: target window already closed
from unknown error: web view not found
  (Session info: chrome=70.0.3538.77)
  (Driver info: chromedriver=2.43.600210 (68dcf5eebde37173d4027fa8635e332711d2874a),platform=Windows NT 6.1.7601 SP1 x86_64)


During handling of the above exception, another exception occurred:

Traceback (most recent call last):
  File "E:\py_workspaces\hap_test\sweetest\testcase.py", line 170, in run
    g.driver.get_screenshot_as_file(snapshot_file)
  File "E:\Python36\lib\site-packages\selenium\webdriver\remote\webdriver.py", line 911, in get_screenshot_as_file
    png = self.get_screenshot_as_png()
  File "E:\Python36\lib\site-packages\selenium\webdriver\remote\webdriver.py", line 943, in get_screenshot_as_png
    return base64.b64decode(self.get_screenshot_as_base64().encode('ascii'))
  File "E:\Python36\lib\site-packages\selenium\webdriver\remote\webdriver.py", line 953, in get_screenshot_as_base64
    return self.execute(Command.SCREENSHOT)['value']
  File "E:\Python36\lib\site-packages\selenium\webdriver\remote\webdriver.py", line 311, in execute
    self.error_handler.check_response(response)
  File "E:\Python36\lib\site-packages\selenium\webdriver\remote\errorhandler.py", line 237, in check_response
    raise exception_class(message, screen, stacktrace)
selenium.common.exceptions.NoSuchWindowException: Message: no such window: target window already closed
from unknown error: web view not found
  (Session info: chrome=70.0.3538.77)
  (Driver info: chromedriver=2.43.600210 (68dcf5eebde37173d4027fa8635e332711d2874a),platform=Windows NT 6.1.7601 SP1 x86_64)

2018-11-13 16:35:34,495 [ERROR] testcase.py line:183: Run the Step: 1|OPEN|通用-prod3_pre_url is Failure
Traceback (most recent call last):
  File "E:\py_workspaces\hap_test\sweetest\testcase.py", line 109, in run
    getattr(web, step['keyword'].lower())(step)
  File "E:\py_workspaces\hap_test\sweetest\keywords\web.py", line 58, in open
    g.driver.get(value)
  File "E:\Python36\lib\site-packages\selenium\webdriver\remote\webdriver.py", line 323, in get
    self.execute(Command.GET, {'url': url})
  File "E:\Python36\lib\site-packages\selenium\webdriver\remote\webdriver.py", line 311, in execute
    self.error_handler.check_response(response)
  File "E:\Python36\lib\site-packages\selenium\webdriver\remote\errorhandler.py", line 237, in check_response
    raise exception_class(message, screen, stacktrace)
selenium.common.exceptions.NoSuchWindowException: Message: no such window: target window already closed
from unknown error: web view not found
  (Session info: chrome=70.0.3538.77)
  (Driver info: chromedriver=2.43.600210 (68dcf5eebde37173d4027fa8635e332711d2874a),platform=Windows NT 6.1.7601 SP1 x86_64)

2018-11-13 16:35:34,538 [INFO] testcase.py line:56: Run the TestCase: sy_002|部门导入
2018-11-13 16:35:34,540 [INFO] testcase.py line:77: Run the Step: 1|CLICK|菜单#系统管理
2018-11-13 16:35:34,545 [ERROR] testcase.py line:172: *** save the screenshot is fail ***
Traceback (most recent call last):
  File "E:\py_workspaces\hap_test\sweetest\testcase.py", line 109, in run
    getattr(web, step['keyword'].lower())(step)
  File "E:\py_workspaces\hap_test\sweetest\keywords\web.py", line 171, in click
    element_location = locating_element(element, 'CLICK')
  File "E:\py_workspaces\hap_test\sweetest\locator.py", line 26, in locating_element
    (getattr(By, el['by'].upper()), value)))
  File "E:\Python36\lib\site-packages\selenium\webdriver\support\wait.py", line 71, in until
    value = method(self._driver)
  File "E:\Python36\lib\site-packages\selenium\webdriver\support\expected_conditions.py", line 283, in __call__
    element = visibility_of_element_located(self.locator)(driver)
  File "E:\Python36\lib\site-packages\selenium\webdriver\support\expected_conditions.py", line 127, in __call__
    return _element_if_visible(_find_element(driver, self.locator))
  File "E:\Python36\lib\site-packages\selenium\webdriver\support\expected_conditions.py", line 402, in _find_element
    raise e
  File "E:\Python36\lib\site-packages\selenium\webdriver\support\expected_conditions.py", line 398, in _find_element
    return driver.find_element(*by)
  File "E:\Python36\lib\site-packages\selenium\webdriver\remote\webdriver.py", line 858, in find_element
    'value': value})['value']
  File "E:\Python36\lib\site-packages\selenium\webdriver\remote\webdriver.py", line 311, in execute
    self.error_handler.check_response(response)
  File "E:\Python36\lib\site-packages\selenium\webdriver\remote\errorhandler.py", line 237, in check_response
    raise exception_class(message, screen, stacktrace)
selenium.common.exceptions.NoSuchWindowException: Message: no such window: target window already closed
from unknown error: web view not found
  (Session info: chrome=70.0.3538.77)
  (Driver info: chromedriver=2.43.600210 (68dcf5eebde37173d4027fa8635e332711d2874a),platform=Windows NT 6.1.7601 SP1 x86_64)


During handling of the above exception, another exception occurred:

Traceback (most recent call last):
  File "E:\py_workspaces\hap_test\sweetest\testcase.py", line 170, in run
    g.driver.get_screenshot_as_file(snapshot_file)
  File "E:\Python36\lib\site-packages\selenium\webdriver\remote\webdriver.py", line 911, in get_screenshot_as_file
    png = self.get_screenshot_as_png()
  File "E:\Python36\lib\site-packages\selenium\webdriver\remote\webdriver.py", line 943, in get_screenshot_as_png
    return base64.b64decode(self.get_screenshot_as_base64().encode('ascii'))
  File "E:\Python36\lib\site-packages\selenium\webdriver\remote\webdriver.py", line 953, in get_screenshot_as_base64
    return self.execute(Command.SCREENSHOT)['value']
  File "E:\Python36\lib\site-packages\selenium\webdriver\remote\webdriver.py", line 311, in execute
    self.error_handler.check_response(response)
  File "E:\Python36\lib\site-packages\selenium\webdriver\remote\errorhandler.py", line 237, in check_response
    raise exception_class(message, screen, stacktrace)
selenium.common.exceptions.NoSuchWindowException: Message: no such window: target window already closed
from unknown error: web view not found
  (Session info: chrome=70.0.3538.77)
  (Driver info: chromedriver=2.43.600210 (68dcf5eebde37173d4027fa8635e332711d2874a),platform=Windows NT 6.1.7601 SP1 x86_64)

2018-11-13 16:35:34,590 [ERROR] testcase.py line:183: Run the Step: 1|CLICK|通用-菜单#系统管理 is Failure
Traceback (most recent call last):
  File "E:\py_workspaces\hap_test\sweetest\testcase.py", line 109, in run
    getattr(web, step['keyword'].lower())(step)
  File "E:\py_workspaces\hap_test\sweetest\keywords\web.py", line 171, in click
    element_location = locating_element(element, 'CLICK')
  File "E:\py_workspaces\hap_test\sweetest\locator.py", line 26, in locating_element
    (getattr(By, el['by'].upper()), value)))
  File "E:\Python36\lib\site-packages\selenium\webdriver\support\wait.py", line 71, in until
    value = method(self._driver)
  File "E:\Python36\lib\site-packages\selenium\webdriver\support\expected_conditions.py", line 283, in __call__
    element = visibility_of_element_located(self.locator)(driver)
  File "E:\Python36\lib\site-packages\selenium\webdriver\support\expected_conditions.py", line 127, in __call__
    return _element_if_visible(_find_element(driver, self.locator))
  File "E:\Python36\lib\site-packages\selenium\webdriver\support\expected_conditions.py", line 402, in _find_element
    raise e
  File "E:\Python36\lib\site-packages\selenium\webdriver\support\expected_conditions.py", line 398, in _find_element
    return driver.find_element(*by)
  File "E:\Python36\lib\site-packages\selenium\webdriver\remote\webdriver.py", line 858, in find_element
    'value': value})['value']
  File "E:\Python36\lib\site-packages\selenium\webdriver\remote\webdriver.py", line 311, in execute
    self.error_handler.check_response(response)
  File "E:\Python36\lib\site-packages\selenium\webdriver\remote\errorhandler.py", line 237, in check_response
    raise exception_class(message, screen, stacktrace)
selenium.common.exceptions.NoSuchWindowException: Message: no such window: target window already closed
from unknown error: web view not found
  (Session info: chrome=70.0.3538.77)
  (Driver info: chromedriver=2.43.600210 (68dcf5eebde37173d4027fa8635e332711d2874a),platform=Windows NT 6.1.7601 SP1 x86_64)

2018-11-13 16:35:34,613 [INFO] testsuite.py line:28: Start running the SETUP testcase...
2018-11-13 16:35:34,614 [INFO] testcase.py line:56: Run the TestCase: portal_setup|跳转到首页
2018-11-13 16:35:34,615 [INFO] testcase.py line:77: Run the Step: 1|REFRESH|
2018-11-13 16:35:34,617 [ERROR] testcase.py line:172: *** save the screenshot is fail ***
Traceback (most recent call last):
  File "E:\py_workspaces\hap_test\sweetest\testcase.py", line 109, in run
    getattr(web, step['keyword'].lower())(step)
  File "E:\py_workspaces\hap_test\sweetest\keywords\web.py", line 301, in refresh
    g.driver.refresh()
  File "E:\Python36\lib\site-packages\selenium\webdriver\remote\webdriver.py", line 718, in refresh
    self.execute(Command.REFRESH)
  File "E:\Python36\lib\site-packages\selenium\webdriver\remote\webdriver.py", line 311, in execute
    self.error_handler.check_response(response)
  File "E:\Python36\lib\site-packages\selenium\webdriver\remote\errorhandler.py", line 237, in check_response
    raise exception_class(message, screen, stacktrace)
selenium.common.exceptions.NoSuchWindowException: Message: no such window: target window already closed
from unknown error: web view not found
  (Session info: chrome=70.0.3538.77)
  (Driver info: chromedriver=2.43.600210 (68dcf5eebde37173d4027fa8635e332711d2874a),platform=Windows NT 6.1.7601 SP1 x86_64)


During handling of the above exception, another exception occurred:

Traceback (most recent call last):
  File "E:\py_workspaces\hap_test\sweetest\testcase.py", line 170, in run
    g.driver.get_screenshot_as_file(snapshot_file)
  File "E:\Python36\lib\site-packages\selenium\webdriver\remote\webdriver.py", line 911, in get_screenshot_as_file
    png = self.get_screenshot_as_png()
  File "E:\Python36\lib\site-packages\selenium\webdriver\remote\webdriver.py", line 943, in get_screenshot_as_png
    return base64.b64decode(self.get_screenshot_as_base64().encode('ascii'))
  File "E:\Python36\lib\site-packages\selenium\webdriver\remote\webdriver.py", line 953, in get_screenshot_as_base64
    return self.execute(Command.SCREENSHOT)['value']
  File "E:\Python36\lib\site-packages\selenium\webdriver\remote\webdriver.py", line 311, in execute
    self.error_handler.check_response(response)
  File "E:\Python36\lib\site-packages\selenium\webdriver\remote\errorhandler.py", line 237, in check_response
    raise exception_class(message, screen, stacktrace)
selenium.common.exceptions.NoSuchWindowException: Message: no such window: target window already closed
from unknown error: web view not found
  (Session info: chrome=70.0.3538.77)
  (Driver info: chromedriver=2.43.600210 (68dcf5eebde37173d4027fa8635e332711d2874a),platform=Windows NT 6.1.7601 SP1 x86_64)

2018-11-13 16:35:34,637 [ERROR] testcase.py line:183: Run the Step: 1|REFRESH| is Failure
Traceback (most recent call last):
  File "E:\py_workspaces\hap_test\sweetest\testcase.py", line 109, in run
    getattr(web, step['keyword'].lower())(step)
  File "E:\py_workspaces\hap_test\sweetest\keywords\web.py", line 301, in refresh
    g.driver.refresh()
  File "E:\Python36\lib\site-packages\selenium\webdriver\remote\webdriver.py", line 718, in refresh
    self.execute(Command.REFRESH)
  File "E:\Python36\lib\site-packages\selenium\webdriver\remote\webdriver.py", line 311, in execute
    self.error_handler.check_response(response)
  File "E:\Python36\lib\site-packages\selenium\webdriver\remote\errorhandler.py", line 237, in check_response
    raise exception_class(message, screen, stacktrace)
selenium.common.exceptions.NoSuchWindowException: Message: no such window: target window already closed
from unknown error: web view not found
  (Session info: chrome=70.0.3538.77)
  (Driver info: chromedriver=2.43.600210 (68dcf5eebde37173d4027fa8635e332711d2874a),platform=Windows NT 6.1.7601 SP1 x86_64)

2018-11-13 16:35:34,645 [INFO] testcase.py line:56: Run the TestCase: login|登录
2018-11-13 16:35:34,647 [INFO] testcase.py line:77: Run the Step: 1|OPEN|通用-prod3_pre_url
2018-11-13 16:35:34,648 [WARNING] elements.py line:57: Page:通用 element:通用-prod3_pre_url is not exist
2018-11-13 16:35:34,651 [ERROR] testcase.py line:172: *** save the screenshot is fail ***
Traceback (most recent call last):
  File "E:\py_workspaces\hap_test\sweetest\testcase.py", line 109, in run
    getattr(web, step['keyword'].lower())(step)
  File "E:\py_workspaces\hap_test\sweetest\keywords\web.py", line 58, in open
    g.driver.get(value)
  File "E:\Python36\lib\site-packages\selenium\webdriver\remote\webdriver.py", line 323, in get
    self.execute(Command.GET, {'url': url})
  File "E:\Python36\lib\site-packages\selenium\webdriver\remote\webdriver.py", line 311, in execute
    self.error_handler.check_response(response)
  File "E:\Python36\lib\site-packages\selenium\webdriver\remote\errorhandler.py", line 237, in check_response
    raise exception_class(message, screen, stacktrace)
selenium.common.exceptions.NoSuchWindowException: Message: no such window: target window already closed
from unknown error: web view not found
  (Session info: chrome=70.0.3538.77)
  (Driver info: chromedriver=2.43.600210 (68dcf5eebde37173d4027fa8635e332711d2874a),platform=Windows NT 6.1.7601 SP1 x86_64)


During handling of the above exception, another exception occurred:

Traceback (most recent call last):
  File "E:\py_workspaces\hap_test\sweetest\testcase.py", line 170, in run
    g.driver.get_screenshot_as_file(snapshot_file)
  File "E:\Python36\lib\site-packages\selenium\webdriver\remote\webdriver.py", line 911, in get_screenshot_as_file
    png = self.get_screenshot_as_png()
  File "E:\Python36\lib\site-packages\selenium\webdriver\remote\webdriver.py", line 943, in get_screenshot_as_png
    return base64.b64decode(self.get_screenshot_as_base64().encode('ascii'))
  File "E:\Python36\lib\site-packages\selenium\webdriver\remote\webdriver.py", line 953, in get_screenshot_as_base64
    return self.execute(Command.SCREENSHOT)['value']
  File "E:\Python36\lib\site-packages\selenium\webdriver\remote\webdriver.py", line 311, in execute
    self.error_handler.check_response(response)
  File "E:\Python36\lib\site-packages\selenium\webdriver\remote\errorhandler.py", line 237, in check_response
    raise exception_class(message, screen, stacktrace)
selenium.common.exceptions.NoSuchWindowException: Message: no such window: target window already closed
from unknown error: web view not found
  (Session info: chrome=70.0.3538.77)
  (Driver info: chromedriver=2.43.600210 (68dcf5eebde37173d4027fa8635e332711d2874a),platform=Windows NT 6.1.7601 SP1 x86_64)

2018-11-13 16:35:34,671 [ERROR] testcase.py line:183: Run the Step: 1|OPEN|通用-prod3_pre_url is Failure
Traceback (most recent call last):
  File "E:\py_workspaces\hap_test\sweetest\testcase.py", line 109, in run
    getattr(web, step['keyword'].lower())(step)
  File "E:\py_workspaces\hap_test\sweetest\keywords\web.py", line 58, in open
    g.driver.get(value)
  File "E:\Python36\lib\site-packages\selenium\webdriver\remote\webdriver.py", line 323, in get
    self.execute(Command.GET, {'url': url})
  File "E:\Python36\lib\site-packages\selenium\webdriver\remote\webdriver.py", line 311, in execute
    self.error_handler.check_response(response)
  File "E:\Python36\lib\site-packages\selenium\webdriver\remote\errorhandler.py", line 237, in check_response
    raise exception_class(message, screen, stacktrace)
selenium.common.exceptions.NoSuchWindowException: Message: no such window: target window already closed
from unknown error: web view not found
  (Session info: chrome=70.0.3538.77)
  (Driver info: chromedriver=2.43.600210 (68dcf5eebde37173d4027fa8635e332711d2874a),platform=Windows NT 6.1.7601 SP1 x86_64)

2018-11-13 16:35:34,679 [INFO] testcase.py line:56: Run the TestCase: sy_003|部门查询-按组织名称
2018-11-13 16:35:34,681 [INFO] testcase.py line:77: Run the Step: 1|CLICK|菜单#系统管理
2018-11-13 16:35:34,684 [ERROR] testcase.py line:172: *** save the screenshot is fail ***
Traceback (most recent call last):
  File "E:\py_workspaces\hap_test\sweetest\testcase.py", line 109, in run
    getattr(web, step['keyword'].lower())(step)
  File "E:\py_workspaces\hap_test\sweetest\keywords\web.py", line 171, in click
    element_location = locating_element(element, 'CLICK')
  File "E:\py_workspaces\hap_test\sweetest\locator.py", line 26, in locating_element
    (getattr(By, el['by'].upper()), value)))
  File "E:\Python36\lib\site-packages\selenium\webdriver\support\wait.py", line 71, in until
    value = method(self._driver)
  File "E:\Python36\lib\site-packages\selenium\webdriver\support\expected_conditions.py", line 283, in __call__
    element = visibility_of_element_located(self.locator)(driver)
  File "E:\Python36\lib\site-packages\selenium\webdriver\support\expected_conditions.py", line 127, in __call__
    return _element_if_visible(_find_element(driver, self.locator))
  File "E:\Python36\lib\site-packages\selenium\webdriver\support\expected_conditions.py", line 402, in _find_element
    raise e
  File "E:\Python36\lib\site-packages\selenium\webdriver\support\expected_conditions.py", line 398, in _find_element
    return driver.find_element(*by)
  File "E:\Python36\lib\site-packages\selenium\webdriver\remote\webdriver.py", line 858, in find_element
    'value': value})['value']
  File "E:\Python36\lib\site-packages\selenium\webdriver\remote\webdriver.py", line 311, in execute
    self.error_handler.check_response(response)
  File "E:\Python36\lib\site-packages\selenium\webdriver\remote\errorhandler.py", line 237, in check_response
    raise exception_class(message, screen, stacktrace)
selenium.common.exceptions.NoSuchWindowException: Message: no such window: target window already closed
from unknown error: web view not found
  (Session info: chrome=70.0.3538.77)
  (Driver info: chromedriver=2.43.600210 (68dcf5eebde37173d4027fa8635e332711d2874a),platform=Windows NT 6.1.7601 SP1 x86_64)


During handling of the above exception, another exception occurred:

Traceback (most recent call last):
  File "E:\py_workspaces\hap_test\sweetest\testcase.py", line 170, in run
    g.driver.get_screenshot_as_file(snapshot_file)
  File "E:\Python36\lib\site-packages\selenium\webdriver\remote\webdriver.py", line 911, in get_screenshot_as_file
    png = self.get_screenshot_as_png()
  File "E:\Python36\lib\site-packages\selenium\webdriver\remote\webdriver.py", line 943, in get_screenshot_as_png
    return base64.b64decode(self.get_screenshot_as_base64().encode('ascii'))
  File "E:\Python36\lib\site-packages\selenium\webdriver\remote\webdriver.py", line 953, in get_screenshot_as_base64
    return self.execute(Command.SCREENSHOT)['value']
  File "E:\Python36\lib\site-packages\selenium\webdriver\remote\webdriver.py", line 311, in execute
    self.error_handler.check_response(response)
  File "E:\Python36\lib\site-packages\selenium\webdriver\remote\errorhandler.py", line 237, in check_response
    raise exception_class(message, screen, stacktrace)
selenium.common.exceptions.NoSuchWindowException: Message: no such window: target window already closed
from unknown error: web view not found
  (Session info: chrome=70.0.3538.77)
  (Driver info: chromedriver=2.43.600210 (68dcf5eebde37173d4027fa8635e332711d2874a),platform=Windows NT 6.1.7601 SP1 x86_64)

2018-11-13 16:35:34,714 [ERROR] testcase.py line:183: Run the Step: 1|CLICK|通用-菜单#系统管理 is Failure
Traceback (most recent call last):
  File "E:\py_workspaces\hap_test\sweetest\testcase.py", line 109, in run
    getattr(web, step['keyword'].lower())(step)
  File "E:\py_workspaces\hap_test\sweetest\keywords\web.py", line 171, in click
    element_location = locating_element(element, 'CLICK')
  File "E:\py_workspaces\hap_test\sweetest\locator.py", line 26, in locating_element
    (getattr(By, el['by'].upper()), value)))
  File "E:\Python36\lib\site-packages\selenium\webdriver\support\wait.py", line 71, in until
    value = method(self._driver)
  File "E:\Python36\lib\site-packages\selenium\webdriver\support\expected_conditions.py", line 283, in __call__
    element = visibility_of_element_located(self.locator)(driver)
  File "E:\Python36\lib\site-packages\selenium\webdriver\support\expected_conditions.py", line 127, in __call__
    return _element_if_visible(_find_element(driver, self.locator))
  File "E:\Python36\lib\site-packages\selenium\webdriver\support\expected_conditions.py", line 402, in _find_element
    raise e
  File "E:\Python36\lib\site-packages\selenium\webdriver\support\expected_conditions.py", line 398, in _find_element
    return driver.find_element(*by)
  File "E:\Python36\lib\site-packages\selenium\webdriver\remote\webdriver.py", line 858, in find_element
    'value': value})['value']
  File "E:\Python36\lib\site-packages\selenium\webdriver\remote\webdriver.py", line 311, in execute
    self.error_handler.check_response(response)
  File "E:\Python36\lib\site-packages\selenium\webdriver\remote\errorhandler.py", line 237, in check_response
    raise exception_class(message, screen, stacktrace)
selenium.common.exceptions.NoSuchWindowException: Message: no such window: target window already closed
from unknown error: web view not found
  (Session info: chrome=70.0.3538.77)
  (Driver info: chromedriver=2.43.600210 (68dcf5eebde37173d4027fa8635e332711d2874a),platform=Windows NT 6.1.7601 SP1 x86_64)

2018-11-13 16:35:34,732 [INFO] testsuite.py line:28: Start running the SETUP testcase...
2018-11-13 16:35:34,733 [INFO] testcase.py line:56: Run the TestCase: portal_setup|跳转到首页
2018-11-13 16:35:34,734 [INFO] testcase.py line:77: Run the Step: 1|REFRESH|
2018-11-13 16:35:34,736 [ERROR] testcase.py line:172: *** save the screenshot is fail ***
Traceback (most recent call last):
  File "E:\py_workspaces\hap_test\sweetest\testcase.py", line 109, in run
    getattr(web, step['keyword'].lower())(step)
  File "E:\py_workspaces\hap_test\sweetest\keywords\web.py", line 301, in refresh
    g.driver.refresh()
  File "E:\Python36\lib\site-packages\selenium\webdriver\remote\webdriver.py", line 718, in refresh
    self.execute(Command.REFRESH)
  File "E:\Python36\lib\site-packages\selenium\webdriver\remote\webdriver.py", line 311, in execute
    self.error_handler.check_response(response)
  File "E:\Python36\lib\site-packages\selenium\webdriver\remote\errorhandler.py", line 237, in check_response
    raise exception_class(message, screen, stacktrace)
selenium.common.exceptions.NoSuchWindowException: Message: no such window: target window already closed
from unknown error: web view not found
  (Session info: chrome=70.0.3538.77)
  (Driver info: chromedriver=2.43.600210 (68dcf5eebde37173d4027fa8635e332711d2874a),platform=Windows NT 6.1.7601 SP1 x86_64)


During handling of the above exception, another exception occurred:

Traceback (most recent call last):
  File "E:\py_workspaces\hap_test\sweetest\testcase.py", line 170, in run
    g.driver.get_screenshot_as_file(snapshot_file)
  File "E:\Python36\lib\site-packages\selenium\webdriver\remote\webdriver.py", line 911, in get_screenshot_as_file
    png = self.get_screenshot_as_png()
  File "E:\Python36\lib\site-packages\selenium\webdriver\remote\webdriver.py", line 943, in get_screenshot_as_png
    return base64.b64decode(self.get_screenshot_as_base64().encode('ascii'))
  File "E:\Python36\lib\site-packages\selenium\webdriver\remote\webdriver.py", line 953, in get_screenshot_as_base64
    return self.execute(Command.SCREENSHOT)['value']
  File "E:\Python36\lib\site-packages\selenium\webdriver\remote\webdriver.py", line 311, in execute
    self.error_handler.check_response(response)
  File "E:\Python36\lib\site-packages\selenium\webdriver\remote\errorhandler.py", line 237, in check_response
    raise exception_class(message, screen, stacktrace)
selenium.common.exceptions.NoSuchWindowException: Message: no such window: target window already closed
from unknown error: web view not found
  (Session info: chrome=70.0.3538.77)
  (Driver info: chromedriver=2.43.600210 (68dcf5eebde37173d4027fa8635e332711d2874a),platform=Windows NT 6.1.7601 SP1 x86_64)

2018-11-13 16:35:34,757 [ERROR] testcase.py line:183: Run the Step: 1|REFRESH| is Failure
Traceback (most recent call last):
  File "E:\py_workspaces\hap_test\sweetest\testcase.py", line 109, in run
    getattr(web, step['keyword'].lower())(step)
  File "E:\py_workspaces\hap_test\sweetest\keywords\web.py", line 301, in refresh
    g.driver.refresh()
  File "E:\Python36\lib\site-packages\selenium\webdriver\remote\webdriver.py", line 718, in refresh
    self.execute(Command.REFRESH)
  File "E:\Python36\lib\site-packages\selenium\webdriver\remote\webdriver.py", line 311, in execute
    self.error_handler.check_response(response)
  File "E:\Python36\lib\site-packages\selenium\webdriver\remote\errorhandler.py", line 237, in check_response
    raise exception_class(message, screen, stacktrace)
selenium.common.exceptions.NoSuchWindowException: Message: no such window: target window already closed
from unknown error: web view not found
  (Session info: chrome=70.0.3538.77)
  (Driver info: chromedriver=2.43.600210 (68dcf5eebde37173d4027fa8635e332711d2874a),platform=Windows NT 6.1.7601 SP1 x86_64)

2018-11-13 16:35:34,769 [INFO] testcase.py line:56: Run the TestCase: login|登录
2018-11-13 16:35:34,770 [INFO] testcase.py line:77: Run the Step: 1|OPEN|通用-prod3_pre_url
2018-11-13 16:35:34,772 [WARNING] elements.py line:57: Page:通用 element:通用-prod3_pre_url is not exist
2018-11-13 16:35:34,775 [ERROR] testcase.py line:172: *** save the screenshot is fail ***
Traceback (most recent call last):
  File "E:\py_workspaces\hap_test\sweetest\testcase.py", line 109, in run
    getattr(web, step['keyword'].lower())(step)
  File "E:\py_workspaces\hap_test\sweetest\keywords\web.py", line 58, in open
    g.driver.get(value)
  File "E:\Python36\lib\site-packages\selenium\webdriver\remote\webdriver.py", line 323, in get
    self.execute(Command.GET, {'url': url})
  File "E:\Python36\lib\site-packages\selenium\webdriver\remote\webdriver.py", line 311, in execute
    self.error_handler.check_response(response)
  File "E:\Python36\lib\site-packages\selenium\webdriver\remote\errorhandler.py", line 237, in check_response
    raise exception_class(message, screen, stacktrace)
selenium.common.exceptions.NoSuchWindowException: Message: no such window: target window already closed
from unknown error: web view not found
  (Session info: chrome=70.0.3538.77)
  (Driver info: chromedriver=2.43.600210 (68dcf5eebde37173d4027fa8635e332711d2874a),platform=Windows NT 6.1.7601 SP1 x86_64)


During handling of the above exception, another exception occurred:

Traceback (most recent call last):
  File "E:\py_workspaces\hap_test\sweetest\testcase.py", line 170, in run
    g.driver.get_screenshot_as_file(snapshot_file)
  File "E:\Python36\lib\site-packages\selenium\webdriver\remote\webdriver.py", line 911, in get_screenshot_as_file
    png = self.get_screenshot_as_png()
  File "E:\Python36\lib\site-packages\selenium\webdriver\remote\webdriver.py", line 943, in get_screenshot_as_png
    return base64.b64decode(self.get_screenshot_as_base64().encode('ascii'))
  File "E:\Python36\lib\site-packages\selenium\webdriver\remote\webdriver.py", line 953, in get_screenshot_as_base64
    return self.execute(Command.SCREENSHOT)['value']
  File "E:\Python36\lib\site-packages\selenium\webdriver\remote\webdriver.py", line 311, in execute
    self.error_handler.check_response(response)
  File "E:\Python36\lib\site-packages\selenium\webdriver\remote\errorhandler.py", line 237, in check_response
    raise exception_class(message, screen, stacktrace)
selenium.common.exceptions.NoSuchWindowException: Message: no such window: target window already closed
from unknown error: web view not found
  (Session info: chrome=70.0.3538.77)
  (Driver info: chromedriver=2.43.600210 (68dcf5eebde37173d4027fa8635e332711d2874a),platform=Windows NT 6.1.7601 SP1 x86_64)

2018-11-13 16:35:34,800 [ERROR] testcase.py line:183: Run the Step: 1|OPEN|通用-prod3_pre_url is Failure
Traceback (most recent call last):
  File "E:\py_workspaces\hap_test\sweetest\testcase.py", line 109, in run
    getattr(web, step['keyword'].lower())(step)
  File "E:\py_workspaces\hap_test\sweetest\keywords\web.py", line 58, in open
    g.driver.get(value)
  File "E:\Python36\lib\site-packages\selenium\webdriver\remote\webdriver.py", line 323, in get
    self.execute(Command.GET, {'url': url})
  File "E:\Python36\lib\site-packages\selenium\webdriver\remote\webdriver.py", line 311, in execute
    self.error_handler.check_response(response)
  File "E:\Python36\lib\site-packages\selenium\webdriver\remote\errorhandler.py", line 237, in check_response
    raise exception_class(message, screen, stacktrace)
selenium.common.exceptions.NoSuchWindowException: Message: no such window: target window already closed
from unknown error: web view not found
  (Session info: chrome=70.0.3538.77)
  (Driver info: chromedriver=2.43.600210 (68dcf5eebde37173d4027fa8635e332711d2874a),platform=Windows NT 6.1.7601 SP1 x86_64)

2018-11-13 16:35:34,808 [INFO] testcase.py line:56: Run the TestCase: sy_004|部门删除
2018-11-13 16:35:34,810 [INFO] testcase.py line:77: Run the Step: 1|CLICK|菜单#系统管理
2018-11-13 16:35:34,813 [ERROR] testcase.py line:172: *** save the screenshot is fail ***
Traceback (most recent call last):
  File "E:\py_workspaces\hap_test\sweetest\testcase.py", line 109, in run
    getattr(web, step['keyword'].lower())(step)
  File "E:\py_workspaces\hap_test\sweetest\keywords\web.py", line 171, in click
    element_location = locating_element(element, 'CLICK')
  File "E:\py_workspaces\hap_test\sweetest\locator.py", line 26, in locating_element
    (getattr(By, el['by'].upper()), value)))
  File "E:\Python36\lib\site-packages\selenium\webdriver\support\wait.py", line 71, in until
    value = method(self._driver)
  File "E:\Python36\lib\site-packages\selenium\webdriver\support\expected_conditions.py", line 283, in __call__
    element = visibility_of_element_located(self.locator)(driver)
  File "E:\Python36\lib\site-packages\selenium\webdriver\support\expected_conditions.py", line 127, in __call__
    return _element_if_visible(_find_element(driver, self.locator))
  File "E:\Python36\lib\site-packages\selenium\webdriver\support\expected_conditions.py", line 402, in _find_element
    raise e
  File "E:\Python36\lib\site-packages\selenium\webdriver\support\expected_conditions.py", line 398, in _find_element
    return driver.find_element(*by)
  File "E:\Python36\lib\site-packages\selenium\webdriver\remote\webdriver.py", line 858, in find_element
    'value': value})['value']
  File "E:\Python36\lib\site-packages\selenium\webdriver\remote\webdriver.py", line 311, in execute
    self.error_handler.check_response(response)
  File "E:\Python36\lib\site-packages\selenium\webdriver\remote\errorhandler.py", line 237, in check_response
    raise exception_class(message, screen, stacktrace)
selenium.common.exceptions.NoSuchWindowException: Message: no such window: target window already closed
from unknown error: web view not found
  (Session info: chrome=70.0.3538.77)
  (Driver info: chromedriver=2.43.600210 (68dcf5eebde37173d4027fa8635e332711d2874a),platform=Windows NT 6.1.7601 SP1 x86_64)


During handling of the above exception, another exception occurred:

Traceback (most recent call last):
  File "E:\py_workspaces\hap_test\sweetest\testcase.py", line 170, in run
    g.driver.get_screenshot_as_file(snapshot_file)
  File "E:\Python36\lib\site-packages\selenium\webdriver\remote\webdriver.py", line 911, in get_screenshot_as_file
    png = self.get_screenshot_as_png()
  File "E:\Python36\lib\site-packages\selenium\webdriver\remote\webdriver.py", line 943, in get_screenshot_as_png
    return base64.b64decode(self.get_screenshot_as_base64().encode('ascii'))
  File "E:\Python36\lib\site-packages\selenium\webdriver\remote\webdriver.py", line 953, in get_screenshot_as_base64
    return self.execute(Command.SCREENSHOT)['value']
  File "E:\Python36\lib\site-packages\selenium\webdriver\remote\webdriver.py", line 311, in execute
    self.error_handler.check_response(response)
  File "E:\Python36\lib\site-packages\selenium\webdriver\remote\errorhandler.py", line 237, in check_response
    raise exception_class(message, screen, stacktrace)
selenium.common.exceptions.NoSuchWindowException: Message: no such window: target window already closed
from unknown error: web view not found
  (Session info: chrome=70.0.3538.77)
  (Driver info: chromedriver=2.43.600210 (68dcf5eebde37173d4027fa8635e332711d2874a),platform=Windows NT 6.1.7601 SP1 x86_64)

2018-11-13 16:35:34,848 [ERROR] testcase.py line:183: Run the Step: 1|CLICK|通用-菜单#系统管理 is Failure
Traceback (most recent call last):
  File "E:\py_workspaces\hap_test\sweetest\testcase.py", line 109, in run
    getattr(web, step['keyword'].lower())(step)
  File "E:\py_workspaces\hap_test\sweetest\keywords\web.py", line 171, in click
    element_location = locating_element(element, 'CLICK')
  File "E:\py_workspaces\hap_test\sweetest\locator.py", line 26, in locating_element
    (getattr(By, el['by'].upper()), value)))
  File "E:\Python36\lib\site-packages\selenium\webdriver\support\wait.py", line 71, in until
    value = method(self._driver)
  File "E:\Python36\lib\site-packages\selenium\webdriver\support\expected_conditions.py", line 283, in __call__
    element = visibility_of_element_located(self.locator)(driver)
  File "E:\Python36\lib\site-packages\selenium\webdriver\support\expected_conditions.py", line 127, in __call__
    return _element_if_visible(_find_element(driver, self.locator))
  File "E:\Python36\lib\site-packages\selenium\webdriver\support\expected_conditions.py", line 402, in _find_element
    raise e
  File "E:\Python36\lib\site-packages\selenium\webdriver\support\expected_conditions.py", line 398, in _find_element
    return driver.find_element(*by)
  File "E:\Python36\lib\site-packages\selenium\webdriver\remote\webdriver.py", line 858, in find_element
    'value': value})['value']
  File "E:\Python36\lib\site-packages\selenium\webdriver\remote\webdriver.py", line 311, in execute
    self.error_handler.check_response(response)
  File "E:\Python36\lib\site-packages\selenium\webdriver\remote\errorhandler.py", line 237, in check_response
    raise exception_class(message, screen, stacktrace)
selenium.common.exceptions.NoSuchWindowException: Message: no such window: target window already closed
from unknown error: web view not found
  (Session info: chrome=70.0.3538.77)
  (Driver info: chromedriver=2.43.600210 (68dcf5eebde37173d4027fa8635e332711d2874a),platform=Windows NT 6.1.7601 SP1 x86_64)

2018-11-13 16:35:34,868 [INFO] testsuite.py line:28: Start running the SETUP testcase...
2018-11-13 16:35:34,869 [INFO] testcase.py line:56: Run the TestCase: portal_setup|跳转到首页
2018-11-13 16:35:34,870 [INFO] testcase.py line:77: Run the Step: 1|REFRESH|
2018-11-13 16:35:34,873 [ERROR] testcase.py line:172: *** save the screenshot is fail ***
Traceback (most recent call last):
  File "E:\py_workspaces\hap_test\sweetest\testcase.py", line 109, in run
    getattr(web, step['keyword'].lower())(step)
  File "E:\py_workspaces\hap_test\sweetest\keywords\web.py", line 301, in refresh
    g.driver.refresh()
  File "E:\Python36\lib\site-packages\selenium\webdriver\remote\webdriver.py", line 718, in refresh
    self.execute(Command.REFRESH)
  File "E:\Python36\lib\site-packages\selenium\webdriver\remote\webdriver.py", line 311, in execute
    self.error_handler.check_response(response)
  File "E:\Python36\lib\site-packages\selenium\webdriver\remote\errorhandler.py", line 237, in check_response
    raise exception_class(message, screen, stacktrace)
selenium.common.exceptions.NoSuchWindowException: Message: no such window: target window already closed
from unknown error: web view not found
  (Session info: chrome=70.0.3538.77)
  (Driver info: chromedriver=2.43.600210 (68dcf5eebde37173d4027fa8635e332711d2874a),platform=Windows NT 6.1.7601 SP1 x86_64)


During handling of the above exception, another exception occurred:

Traceback (most recent call last):
  File "E:\py_workspaces\hap_test\sweetest\testcase.py", line 170, in run
    g.driver.get_screenshot_as_file(snapshot_file)
  File "E:\Python36\lib\site-packages\selenium\webdriver\remote\webdriver.py", line 911, in get_screenshot_as_file
    png = self.get_screenshot_as_png()
  File "E:\Python36\lib\site-packages\selenium\webdriver\remote\webdriver.py", line 943, in get_screenshot_as_png
    return base64.b64decode(self.get_screenshot_as_base64().encode('ascii'))
  File "E:\Python36\lib\site-packages\selenium\webdriver\remote\webdriver.py", line 953, in get_screenshot_as_base64
    return self.execute(Command.SCREENSHOT)['value']
  File "E:\Python36\lib\site-packages\selenium\webdriver\remote\webdriver.py", line 311, in execute
    self.error_handler.check_response(response)
  File "E:\Python36\lib\site-packages\selenium\webdriver\remote\errorhandler.py", line 237, in check_response
    raise exception_class(message, screen, stacktrace)
selenium.common.exceptions.NoSuchWindowException: Message: no such window: target window already closed
from unknown error: web view not found
  (Session info: chrome=70.0.3538.77)
  (Driver info: chromedriver=2.43.600210 (68dcf5eebde37173d4027fa8635e332711d2874a),platform=Windows NT 6.1.7601 SP1 x86_64)

2018-11-13 16:35:34,891 [ERROR] testcase.py line:183: Run the Step: 1|REFRESH| is Failure
Traceback (most recent call last):
  File "E:\py_workspaces\hap_test\sweetest\testcase.py", line 109, in run
    getattr(web, step['keyword'].lower())(step)
  File "E:\py_workspaces\hap_test\sweetest\keywords\web.py", line 301, in refresh
    g.driver.refresh()
  File "E:\Python36\lib\site-packages\selenium\webdriver\remote\webdriver.py", line 718, in refresh
    self.execute(Command.REFRESH)
  File "E:\Python36\lib\site-packages\selenium\webdriver\remote\webdriver.py", line 311, in execute
    self.error_handler.check_response(response)
  File "E:\Python36\lib\site-packages\selenium\webdriver\remote\errorhandler.py", line 237, in check_response
    raise exception_class(message, screen, stacktrace)
selenium.common.exceptions.NoSuchWindowException: Message: no such window: target window already closed
from unknown error: web view not found
  (Session info: chrome=70.0.3538.77)
  (Driver info: chromedriver=2.43.600210 (68dcf5eebde37173d4027fa8635e332711d2874a),platform=Windows NT 6.1.7601 SP1 x86_64)

2018-11-13 16:35:34,903 [INFO] testcase.py line:56: Run the TestCase: login|登录
2018-11-13 16:35:34,905 [INFO] testcase.py line:77: Run the Step: 1|OPEN|通用-prod3_pre_url
2018-11-13 16:35:34,906 [WARNING] elements.py line:57: Page:通用 element:通用-prod3_pre_url is not exist
2018-11-13 16:35:34,909 [ERROR] testcase.py line:172: *** save the screenshot is fail ***
Traceback (most recent call last):
  File "E:\py_workspaces\hap_test\sweetest\testcase.py", line 109, in run
    getattr(web, step['keyword'].lower())(step)
  File "E:\py_workspaces\hap_test\sweetest\keywords\web.py", line 58, in open
    g.driver.get(value)
  File "E:\Python36\lib\site-packages\selenium\webdriver\remote\webdriver.py", line 323, in get
    self.execute(Command.GET, {'url': url})
  File "E:\Python36\lib\site-packages\selenium\webdriver\remote\webdriver.py", line 311, in execute
    self.error_handler.check_response(response)
  File "E:\Python36\lib\site-packages\selenium\webdriver\remote\errorhandler.py", line 237, in check_response
    raise exception_class(message, screen, stacktrace)
selenium.common.exceptions.NoSuchWindowException: Message: no such window: target window already closed
from unknown error: web view not found
  (Session info: chrome=70.0.3538.77)
  (Driver info: chromedriver=2.43.600210 (68dcf5eebde37173d4027fa8635e332711d2874a),platform=Windows NT 6.1.7601 SP1 x86_64)


During handling of the above exception, another exception occurred:

Traceback (most recent call last):
  File "E:\py_workspaces\hap_test\sweetest\testcase.py", line 170, in run
    g.driver.get_screenshot_as_file(snapshot_file)
  File "E:\Python36\lib\site-packages\selenium\webdriver\remote\webdriver.py", line 911, in get_screenshot_as_file
    png = self.get_screenshot_as_png()
  File "E:\Python36\lib\site-packages\selenium\webdriver\remote\webdriver.py", line 943, in get_screenshot_as_png
    return base64.b64decode(self.get_screenshot_as_base64().encode('ascii'))
  File "E:\Python36\lib\site-packages\selenium\webdriver\remote\webdriver.py", line 953, in get_screenshot_as_base64
    return self.execute(Command.SCREENSHOT)['value']
  File "E:\Python36\lib\site-packages\selenium\webdriver\remote\webdriver.py", line 311, in execute
    self.error_handler.check_response(response)
  File "E:\Python36\lib\site-packages\selenium\webdriver\remote\errorhandler.py", line 237, in check_response
    raise exception_class(message, screen, stacktrace)
selenium.common.exceptions.NoSuchWindowException: Message: no such window: target window already closed
from unknown error: web view not found
  (Session info: chrome=70.0.3538.77)
  (Driver info: chromedriver=2.43.600210 (68dcf5eebde37173d4027fa8635e332711d2874a),platform=Windows NT 6.1.7601 SP1 x86_64)

2018-11-13 16:35:34,926 [ERROR] testcase.py line:183: Run the Step: 1|OPEN|通用-prod3_pre_url is Failure
Traceback (most recent call last):
  File "E:\py_workspaces\hap_test\sweetest\testcase.py", line 109, in run
    getattr(web, step['keyword'].lower())(step)
  File "E:\py_workspaces\hap_test\sweetest\keywords\web.py", line 58, in open
    g.driver.get(value)
  File "E:\Python36\lib\site-packages\selenium\webdriver\remote\webdriver.py", line 323, in get
    self.execute(Command.GET, {'url': url})
  File "E:\Python36\lib\site-packages\selenium\webdriver\remote\webdriver.py", line 311, in execute
    self.error_handler.check_response(response)
  File "E:\Python36\lib\site-packages\selenium\webdriver\remote\errorhandler.py", line 237, in check_response
    raise exception_class(message, screen, stacktrace)
selenium.common.exceptions.NoSuchWindowException: Message: no such window: target window already closed
from unknown error: web view not found
  (Session info: chrome=70.0.3538.77)
  (Driver info: chromedriver=2.43.600210 (68dcf5eebde37173d4027fa8635e332711d2874a),platform=Windows NT 6.1.7601 SP1 x86_64)

2018-11-13 16:35:34,934 [INFO] testcase.py line:56: Run the TestCase: sy_005|员工新增
2018-11-13 16:35:34,936 [INFO] testcase.py line:77: Run the Step: 1|CLICK|菜单#系统管理
2018-11-13 16:35:34,939 [ERROR] testcase.py line:172: *** save the screenshot is fail ***
Traceback (most recent call last):
  File "E:\py_workspaces\hap_test\sweetest\testcase.py", line 109, in run
    getattr(web, step['keyword'].lower())(step)
  File "E:\py_workspaces\hap_test\sweetest\keywords\web.py", line 171, in click
    element_location = locating_element(element, 'CLICK')
  File "E:\py_workspaces\hap_test\sweetest\locator.py", line 26, in locating_element
    (getattr(By, el['by'].upper()), value)))
  File "E:\Python36\lib\site-packages\selenium\webdriver\support\wait.py", line 71, in until
    value = method(self._driver)
  File "E:\Python36\lib\site-packages\selenium\webdriver\support\expected_conditions.py", line 283, in __call__
    element = visibility_of_element_located(self.locator)(driver)
  File "E:\Python36\lib\site-packages\selenium\webdriver\support\expected_conditions.py", line 127, in __call__
    return _element_if_visible(_find_element(driver, self.locator))
  File "E:\Python36\lib\site-packages\selenium\webdriver\support\expected_conditions.py", line 402, in _find_element
    raise e
  File "E:\Python36\lib\site-packages\selenium\webdriver\support\expected_conditions.py", line 398, in _find_element
    return driver.find_element(*by)
  File "E:\Python36\lib\site-packages\selenium\webdriver\remote\webdriver.py", line 858, in find_element
    'value': value})['value']
  File "E:\Python36\lib\site-packages\selenium\webdriver\remote\webdriver.py", line 311, in execute
    self.error_handler.check_response(response)
  File "E:\Python36\lib\site-packages\selenium\webdriver\remote\errorhandler.py", line 237, in check_response
    raise exception_class(message, screen, stacktrace)
selenium.common.exceptions.NoSuchWindowException: Message: no such window: target window already closed
from unknown error: web view not found
  (Session info: chrome=70.0.3538.77)
  (Driver info: chromedriver=2.43.600210 (68dcf5eebde37173d4027fa8635e332711d2874a),platform=Windows NT 6.1.7601 SP1 x86_64)


During handling of the above exception, another exception occurred:

Traceback (most recent call last):
  File "E:\py_workspaces\hap_test\sweetest\testcase.py", line 170, in run
    g.driver.get_screenshot_as_file(snapshot_file)
  File "E:\Python36\lib\site-packages\selenium\webdriver\remote\webdriver.py", line 911, in get_screenshot_as_file
    png = self.get_screenshot_as_png()
  File "E:\Python36\lib\site-packages\selenium\webdriver\remote\webdriver.py", line 943, in get_screenshot_as_png
    return base64.b64decode(self.get_screenshot_as_base64().encode('ascii'))
  File "E:\Python36\lib\site-packages\selenium\webdriver\remote\webdriver.py", line 953, in get_screenshot_as_base64
    return self.execute(Command.SCREENSHOT)['value']
  File "E:\Python36\lib\site-packages\selenium\webdriver\remote\webdriver.py", line 311, in execute
    self.error_handler.check_response(response)
  File "E:\Python36\lib\site-packages\selenium\webdriver\remote\errorhandler.py", line 237, in check_response
    raise exception_class(message, screen, stacktrace)
selenium.common.exceptions.NoSuchWindowException: Message: no such window: target window already closed
from unknown error: web view not found
  (Session info: chrome=70.0.3538.77)
  (Driver info: chromedriver=2.43.600210 (68dcf5eebde37173d4027fa8635e332711d2874a),platform=Windows NT 6.1.7601 SP1 x86_64)

2018-11-13 16:35:34,964 [ERROR] testcase.py line:183: Run the Step: 1|CLICK|通用-菜单#系统管理 is Failure
Traceback (most recent call last):
  File "E:\py_workspaces\hap_test\sweetest\testcase.py", line 109, in run
    getattr(web, step['keyword'].lower())(step)
  File "E:\py_workspaces\hap_test\sweetest\keywords\web.py", line 171, in click
    element_location = locating_element(element, 'CLICK')
  File "E:\py_workspaces\hap_test\sweetest\locator.py", line 26, in locating_element
    (getattr(By, el['by'].upper()), value)))
  File "E:\Python36\lib\site-packages\selenium\webdriver\support\wait.py", line 71, in until
    value = method(self._driver)
  File "E:\Python36\lib\site-packages\selenium\webdriver\support\expected_conditions.py", line 283, in __call__
    element = visibility_of_element_located(self.locator)(driver)
  File "E:\Python36\lib\site-packages\selenium\webdriver\support\expected_conditions.py", line 127, in __call__
    return _element_if_visible(_find_element(driver, self.locator))
  File "E:\Python36\lib\site-packages\selenium\webdriver\support\expected_conditions.py", line 402, in _find_element
    raise e
  File "E:\Python36\lib\site-packages\selenium\webdriver\support\expected_conditions.py", line 398, in _find_element
    return driver.find_element(*by)
  File "E:\Python36\lib\site-packages\selenium\webdriver\remote\webdriver.py", line 858, in find_element
    'value': value})['value']
  File "E:\Python36\lib\site-packages\selenium\webdriver\remote\webdriver.py", line 311, in execute
    self.error_handler.check_response(response)
  File "E:\Python36\lib\site-packages\selenium\webdriver\remote\errorhandler.py", line 237, in check_response
    raise exception_class(message, screen, stacktrace)
selenium.common.exceptions.NoSuchWindowException: Message: no such window: target window already closed
from unknown error: web view not found
  (Session info: chrome=70.0.3538.77)
  (Driver info: chromedriver=2.43.600210 (68dcf5eebde37173d4027fa8635e332711d2874a),platform=Windows NT 6.1.7601 SP1 x86_64)

2018-11-13 16:35:34,977 [INFO] testsuite.py line:28: Start running the SETUP testcase...
2018-11-13 16:35:34,978 [INFO] testcase.py line:56: Run the TestCase: portal_setup|跳转到首页
2018-11-13 16:35:34,979 [INFO] testcase.py line:77: Run the Step: 1|REFRESH|
2018-11-13 16:35:34,981 [ERROR] testcase.py line:172: *** save the screenshot is fail ***
Traceback (most recent call last):
  File "E:\py_workspaces\hap_test\sweetest\testcase.py", line 109, in run
    getattr(web, step['keyword'].lower())(step)
  File "E:\py_workspaces\hap_test\sweetest\keywords\web.py", line 301, in refresh
    g.driver.refresh()
  File "E:\Python36\lib\site-packages\selenium\webdriver\remote\webdriver.py", line 718, in refresh
    self.execute(Command.REFRESH)
  File "E:\Python36\lib\site-packages\selenium\webdriver\remote\webdriver.py", line 311, in execute
    self.error_handler.check_response(response)
  File "E:\Python36\lib\site-packages\selenium\webdriver\remote\errorhandler.py", line 237, in check_response
    raise exception_class(message, screen, stacktrace)
selenium.common.exceptions.NoSuchWindowException: Message: no such window: target window already closed
from unknown error: web view not found
  (Session info: chrome=70.0.3538.77)
  (Driver info: chromedriver=2.43.600210 (68dcf5eebde37173d4027fa8635e332711d2874a),platform=Windows NT 6.1.7601 SP1 x86_64)


During handling of the above exception, another exception occurred:

Traceback (most recent call last):
  File "E:\py_workspaces\hap_test\sweetest\testcase.py", line 170, in run
    g.driver.get_screenshot_as_file(snapshot_file)
  File "E:\Python36\lib\site-packages\selenium\webdriver\remote\webdriver.py", line 911, in get_screenshot_as_file
    png = self.get_screenshot_as_png()
  File "E:\Python36\lib\site-packages\selenium\webdriver\remote\webdriver.py", line 943, in get_screenshot_as_png
    return base64.b64decode(self.get_screenshot_as_base64().encode('ascii'))
  File "E:\Python36\lib\site-packages\selenium\webdriver\remote\webdriver.py", line 953, in get_screenshot_as_base64
    return self.execute(Command.SCREENSHOT)['value']
  File "E:\Python36\lib\site-packages\selenium\webdriver\remote\webdriver.py", line 311, in execute
    self.error_handler.check_response(response)
  File "E:\Python36\lib\site-packages\selenium\webdriver\remote\errorhandler.py", line 237, in check_response
    raise exception_class(message, screen, stacktrace)
selenium.common.exceptions.NoSuchWindowException: Message: no such window: target window already closed
from unknown error: web view not found
  (Session info: chrome=70.0.3538.77)
  (Driver info: chromedriver=2.43.600210 (68dcf5eebde37173d4027fa8635e332711d2874a),platform=Windows NT 6.1.7601 SP1 x86_64)

2018-11-13 16:35:35,001 [ERROR] testcase.py line:183: Run the Step: 1|REFRESH| is Failure
Traceback (most recent call last):
  File "E:\py_workspaces\hap_test\sweetest\testcase.py", line 109, in run
    getattr(web, step['keyword'].lower())(step)
  File "E:\py_workspaces\hap_test\sweetest\keywords\web.py", line 301, in refresh
    g.driver.refresh()
  File "E:\Python36\lib\site-packages\selenium\webdriver\remote\webdriver.py", line 718, in refresh
    self.execute(Command.REFRESH)
  File "E:\Python36\lib\site-packages\selenium\webdriver\remote\webdriver.py", line 311, in execute
    self.error_handler.check_response(response)
  File "E:\Python36\lib\site-packages\selenium\webdriver\remote\errorhandler.py", line 237, in check_response
    raise exception_class(message, screen, stacktrace)
selenium.common.exceptions.NoSuchWindowException: Message: no such window: target window already closed
from unknown error: web view not found
  (Session info: chrome=70.0.3538.77)
  (Driver info: chromedriver=2.43.600210 (68dcf5eebde37173d4027fa8635e332711d2874a),platform=Windows NT 6.1.7601 SP1 x86_64)

2018-11-13 16:35:35,008 [INFO] testcase.py line:56: Run the TestCase: login|登录
2018-11-13 16:35:35,010 [INFO] testcase.py line:77: Run the Step: 1|OPEN|通用-prod3_pre_url
2018-11-13 16:35:35,011 [WARNING] elements.py line:57: Page:通用 element:通用-prod3_pre_url is not exist
2018-11-13 16:35:35,014 [ERROR] testcase.py line:172: *** save the screenshot is fail ***
Traceback (most recent call last):
  File "E:\py_workspaces\hap_test\sweetest\testcase.py", line 109, in run
    getattr(web, step['keyword'].lower())(step)
  File "E:\py_workspaces\hap_test\sweetest\keywords\web.py", line 58, in open
    g.driver.get(value)
  File "E:\Python36\lib\site-packages\selenium\webdriver\remote\webdriver.py", line 323, in get
    self.execute(Command.GET, {'url': url})
  File "E:\Python36\lib\site-packages\selenium\webdriver\remote\webdriver.py", line 311, in execute
    self.error_handler.check_response(response)
  File "E:\Python36\lib\site-packages\selenium\webdriver\remote\errorhandler.py", line 237, in check_response
    raise exception_class(message, screen, stacktrace)
selenium.common.exceptions.NoSuchWindowException: Message: no such window: target window already closed
from unknown error: web view not found
  (Session info: chrome=70.0.3538.77)
  (Driver info: chromedriver=2.43.600210 (68dcf5eebde37173d4027fa8635e332711d2874a),platform=Windows NT 6.1.7601 SP1 x86_64)


During handling of the above exception, another exception occurred:

Traceback (most recent call last):
  File "E:\py_workspaces\hap_test\sweetest\testcase.py", line 170, in run
    g.driver.get_screenshot_as_file(snapshot_file)
  File "E:\Python36\lib\site-packages\selenium\webdriver\remote\webdriver.py", line 911, in get_screenshot_as_file
    png = self.get_screenshot_as_png()
  File "E:\Python36\lib\site-packages\selenium\webdriver\remote\webdriver.py", line 943, in get_screenshot_as_png
    return base64.b64decode(self.get_screenshot_as_base64().encode('ascii'))
  File "E:\Python36\lib\site-packages\selenium\webdriver\remote\webdriver.py", line 953, in get_screenshot_as_base64
    return self.execute(Command.SCREENSHOT)['value']
  File "E:\Python36\lib\site-packages\selenium\webdriver\remote\webdriver.py", line 311, in execute
    self.error_handler.check_response(response)
  File "E:\Python36\lib\site-packages\selenium\webdriver\remote\errorhandler.py", line 237, in check_response
    raise exception_class(message, screen, stacktrace)
selenium.common.exceptions.NoSuchWindowException: Message: no such window: target window already closed
from unknown error: web view not found
  (Session info: chrome=70.0.3538.77)
  (Driver info: chromedriver=2.43.600210 (68dcf5eebde37173d4027fa8635e332711d2874a),platform=Windows NT 6.1.7601 SP1 x86_64)

2018-11-13 16:35:35,034 [ERROR] testcase.py line:183: Run the Step: 1|OPEN|通用-prod3_pre_url is Failure
Traceback (most recent call last):
  File "E:\py_workspaces\hap_test\sweetest\testcase.py", line 109, in run
    getattr(web, step['keyword'].lower())(step)
  File "E:\py_workspaces\hap_test\sweetest\keywords\web.py", line 58, in open
    g.driver.get(value)
  File "E:\Python36\lib\site-packages\selenium\webdriver\remote\webdriver.py", line 323, in get
    self.execute(Command.GET, {'url': url})
  File "E:\Python36\lib\site-packages\selenium\webdriver\remote\webdriver.py", line 311, in execute
    self.error_handler.check_response(response)
  File "E:\Python36\lib\site-packages\selenium\webdriver\remote\errorhandler.py", line 237, in check_response
    raise exception_class(message, screen, stacktrace)
selenium.common.exceptions.NoSuchWindowException: Message: no such window: target window already closed
from unknown error: web view not found
  (Session info: chrome=70.0.3538.77)
  (Driver info: chromedriver=2.43.600210 (68dcf5eebde37173d4027fa8635e332711d2874a),platform=Windows NT 6.1.7601 SP1 x86_64)

2018-11-13 16:35:35,041 [INFO] testcase.py line:56: Run the TestCase: sy_006|角色新增
2018-11-13 16:35:35,043 [INFO] testcase.py line:77: Run the Step: 1|CLICK|菜单#系统管理
2018-11-13 16:35:35,047 [ERROR] testcase.py line:172: *** save the screenshot is fail ***
Traceback (most recent call last):
  File "E:\py_workspaces\hap_test\sweetest\testcase.py", line 109, in run
    getattr(web, step['keyword'].lower())(step)
  File "E:\py_workspaces\hap_test\sweetest\keywords\web.py", line 171, in click
    element_location = locating_element(element, 'CLICK')
  File "E:\py_workspaces\hap_test\sweetest\locator.py", line 26, in locating_element
    (getattr(By, el['by'].upper()), value)))
  File "E:\Python36\lib\site-packages\selenium\webdriver\support\wait.py", line 71, in until
    value = method(self._driver)
  File "E:\Python36\lib\site-packages\selenium\webdriver\support\expected_conditions.py", line 283, in __call__
    element = visibility_of_element_located(self.locator)(driver)
  File "E:\Python36\lib\site-packages\selenium\webdriver\support\expected_conditions.py", line 127, in __call__
    return _element_if_visible(_find_element(driver, self.locator))
  File "E:\Python36\lib\site-packages\selenium\webdriver\support\expected_conditions.py", line 402, in _find_element
    raise e
  File "E:\Python36\lib\site-packages\selenium\webdriver\support\expected_conditions.py", line 398, in _find_element
    return driver.find_element(*by)
  File "E:\Python36\lib\site-packages\selenium\webdriver\remote\webdriver.py", line 858, in find_element
    'value': value})['value']
  File "E:\Python36\lib\site-packages\selenium\webdriver\remote\webdriver.py", line 311, in execute
    self.error_handler.check_response(response)
  File "E:\Python36\lib\site-packages\selenium\webdriver\remote\errorhandler.py", line 237, in check_response
    raise exception_class(message, screen, stacktrace)
selenium.common.exceptions.NoSuchWindowException: Message: no such window: target window already closed
from unknown error: web view not found
  (Session info: chrome=70.0.3538.77)
  (Driver info: chromedriver=2.43.600210 (68dcf5eebde37173d4027fa8635e332711d2874a),platform=Windows NT 6.1.7601 SP1 x86_64)


During handling of the above exception, another exception occurred:

Traceback (most recent call last):
  File "E:\py_workspaces\hap_test\sweetest\testcase.py", line 170, in run
    g.driver.get_screenshot_as_file(snapshot_file)
  File "E:\Python36\lib\site-packages\selenium\webdriver\remote\webdriver.py", line 911, in get_screenshot_as_file
    png = self.get_screenshot_as_png()
  File "E:\Python36\lib\site-packages\selenium\webdriver\remote\webdriver.py", line 943, in get_screenshot_as_png
    return base64.b64decode(self.get_screenshot_as_base64().encode('ascii'))
  File "E:\Python36\lib\site-packages\selenium\webdriver\remote\webdriver.py", line 953, in get_screenshot_as_base64
    return self.execute(Command.SCREENSHOT)['value']
  File "E:\Python36\lib\site-packages\selenium\webdriver\remote\webdriver.py", line 311, in execute
    self.error_handler.check_response(response)
  File "E:\Python36\lib\site-packages\selenium\webdriver\remote\errorhandler.py", line 237, in check_response
    raise exception_class(message, screen, stacktrace)
selenium.common.exceptions.NoSuchWindowException: Message: no such window: target window already closed
from unknown error: web view not found
  (Session info: chrome=70.0.3538.77)
  (Driver info: chromedriver=2.43.600210 (68dcf5eebde37173d4027fa8635e332711d2874a),platform=Windows NT 6.1.7601 SP1 x86_64)

2018-11-13 16:35:35,076 [ERROR] testcase.py line:183: Run the Step: 1|CLICK|通用-菜单#系统管理 is Failure
Traceback (most recent call last):
  File "E:\py_workspaces\hap_test\sweetest\testcase.py", line 109, in run
    getattr(web, step['keyword'].lower())(step)
  File "E:\py_workspaces\hap_test\sweetest\keywords\web.py", line 171, in click
    element_location = locating_element(element, 'CLICK')
  File "E:\py_workspaces\hap_test\sweetest\locator.py", line 26, in locating_element
    (getattr(By, el['by'].upper()), value)))
  File "E:\Python36\lib\site-packages\selenium\webdriver\support\wait.py", line 71, in until
    value = method(self._driver)
  File "E:\Python36\lib\site-packages\selenium\webdriver\support\expected_conditions.py", line 283, in __call__
    element = visibility_of_element_located(self.locator)(driver)
  File "E:\Python36\lib\site-packages\selenium\webdriver\support\expected_conditions.py", line 127, in __call__
    return _element_if_visible(_find_element(driver, self.locator))
  File "E:\Python36\lib\site-packages\selenium\webdriver\support\expected_conditions.py", line 402, in _find_element
    raise e
  File "E:\Python36\lib\site-packages\selenium\webdriver\support\expected_conditions.py", line 398, in _find_element
    return driver.find_element(*by)
  File "E:\Python36\lib\site-packages\selenium\webdriver\remote\webdriver.py", line 858, in find_element
    'value': value})['value']
  File "E:\Python36\lib\site-packages\selenium\webdriver\remote\webdriver.py", line 311, in execute
    self.error_handler.check_response(response)
  File "E:\Python36\lib\site-packages\selenium\webdriver\remote\errorhandler.py", line 237, in check_response
    raise exception_class(message, screen, stacktrace)
selenium.common.exceptions.NoSuchWindowException: Message: no such window: target window already closed
from unknown error: web view not found
  (Session info: chrome=70.0.3538.77)
  (Driver info: chromedriver=2.43.600210 (68dcf5eebde37173d4027fa8635e332711d2874a),platform=Windows NT 6.1.7601 SP1 x86_64)

2018-11-13 16:35:35,089 [INFO] testsuite.py line:28: Start running the SETUP testcase...
2018-11-13 16:35:35,090 [INFO] testcase.py line:56: Run the TestCase: portal_setup|跳转到首页
2018-11-13 16:35:35,091 [INFO] testcase.py line:77: Run the Step: 1|REFRESH|
2018-11-13 16:35:35,093 [ERROR] testcase.py line:172: *** save the screenshot is fail ***
Traceback (most recent call last):
  File "E:\py_workspaces\hap_test\sweetest\testcase.py", line 109, in run
    getattr(web, step['keyword'].lower())(step)
  File "E:\py_workspaces\hap_test\sweetest\keywords\web.py", line 301, in refresh
    g.driver.refresh()
  File "E:\Python36\lib\site-packages\selenium\webdriver\remote\webdriver.py", line 718, in refresh
    self.execute(Command.REFRESH)
  File "E:\Python36\lib\site-packages\selenium\webdriver\remote\webdriver.py", line 311, in execute
    self.error_handler.check_response(response)
  File "E:\Python36\lib\site-packages\selenium\webdriver\remote\errorhandler.py", line 237, in check_response
    raise exception_class(message, screen, stacktrace)
selenium.common.exceptions.NoSuchWindowException: Message: no such window: target window already closed
from unknown error: web view not found
  (Session info: chrome=70.0.3538.77)
  (Driver info: chromedriver=2.43.600210 (68dcf5eebde37173d4027fa8635e332711d2874a),platform=Windows NT 6.1.7601 SP1 x86_64)


During handling of the above exception, another exception occurred:

Traceback (most recent call last):
  File "E:\py_workspaces\hap_test\sweetest\testcase.py", line 170, in run
    g.driver.get_screenshot_as_file(snapshot_file)
  File "E:\Python36\lib\site-packages\selenium\webdriver\remote\webdriver.py", line 911, in get_screenshot_as_file
    png = self.get_screenshot_as_png()
  File "E:\Python36\lib\site-packages\selenium\webdriver\remote\webdriver.py", line 943, in get_screenshot_as_png
    return base64.b64decode(self.get_screenshot_as_base64().encode('ascii'))
  File "E:\Python36\lib\site-packages\selenium\webdriver\remote\webdriver.py", line 953, in get_screenshot_as_base64
    return self.execute(Command.SCREENSHOT)['value']
  File "E:\Python36\lib\site-packages\selenium\webdriver\remote\webdriver.py", line 311, in execute
    self.error_handler.check_response(response)
  File "E:\Python36\lib\site-packages\selenium\webdriver\remote\errorhandler.py", line 237, in check_response
    raise exception_class(message, screen, stacktrace)
selenium.common.exceptions.NoSuchWindowException: Message: no such window: target window already closed
from unknown error: web view not found
  (Session info: chrome=70.0.3538.77)
  (Driver info: chromedriver=2.43.600210 (68dcf5eebde37173d4027fa8635e332711d2874a),platform=Windows NT 6.1.7601 SP1 x86_64)

2018-11-13 16:35:35,113 [ERROR] testcase.py line:183: Run the Step: 1|REFRESH| is Failure
Traceback (most recent call last):
  File "E:\py_workspaces\hap_test\sweetest\testcase.py", line 109, in run
    getattr(web, step['keyword'].lower())(step)
  File "E:\py_workspaces\hap_test\sweetest\keywords\web.py", line 301, in refresh
    g.driver.refresh()
  File "E:\Python36\lib\site-packages\selenium\webdriver\remote\webdriver.py", line 718, in refresh
    self.execute(Command.REFRESH)
  File "E:\Python36\lib\site-packages\selenium\webdriver\remote\webdriver.py", line 311, in execute
    self.error_handler.check_response(response)
  File "E:\Python36\lib\site-packages\selenium\webdriver\remote\errorhandler.py", line 237, in check_response
    raise exception_class(message, screen, stacktrace)
selenium.common.exceptions.NoSuchWindowException: Message: no such window: target window already closed
from unknown error: web view not found
  (Session info: chrome=70.0.3538.77)
  (Driver info: chromedriver=2.43.600210 (68dcf5eebde37173d4027fa8635e332711d2874a),platform=Windows NT 6.1.7601 SP1 x86_64)

2018-11-13 16:35:35,120 [INFO] testcase.py line:56: Run the TestCase: login|登录
2018-11-13 16:35:35,121 [INFO] testcase.py line:77: Run the Step: 1|OPEN|通用-prod3_pre_url
2018-11-13 16:35:35,123 [WARNING] elements.py line:57: Page:通用 element:通用-prod3_pre_url is not exist
2018-11-13 16:35:35,126 [ERROR] testcase.py line:172: *** save the screenshot is fail ***
Traceback (most recent call last):
  File "E:\py_workspaces\hap_test\sweetest\testcase.py", line 109, in run
    getattr(web, step['keyword'].lower())(step)
  File "E:\py_workspaces\hap_test\sweetest\keywords\web.py", line 58, in open
    g.driver.get(value)
  File "E:\Python36\lib\site-packages\selenium\webdriver\remote\webdriver.py", line 323, in get
    self.execute(Command.GET, {'url': url})
  File "E:\Python36\lib\site-packages\selenium\webdriver\remote\webdriver.py", line 311, in execute
    self.error_handler.check_response(response)
  File "E:\Python36\lib\site-packages\selenium\webdriver\remote\errorhandler.py", line 237, in check_response
    raise exception_class(message, screen, stacktrace)
selenium.common.exceptions.NoSuchWindowException: Message: no such window: target window already closed
from unknown error: web view not found
  (Session info: chrome=70.0.3538.77)
  (Driver info: chromedriver=2.43.600210 (68dcf5eebde37173d4027fa8635e332711d2874a),platform=Windows NT 6.1.7601 SP1 x86_64)


During handling of the above exception, another exception occurred:

Traceback (most recent call last):
  File "E:\py_workspaces\hap_test\sweetest\testcase.py", line 170, in run
    g.driver.get_screenshot_as_file(snapshot_file)
  File "E:\Python36\lib\site-packages\selenium\webdriver\remote\webdriver.py", line 911, in get_screenshot_as_file
    png = self.get_screenshot_as_png()
  File "E:\Python36\lib\site-packages\selenium\webdriver\remote\webdriver.py", line 943, in get_screenshot_as_png
    return base64.b64decode(self.get_screenshot_as_base64().encode('ascii'))
  File "E:\Python36\lib\site-packages\selenium\webdriver\remote\webdriver.py", line 953, in get_screenshot_as_base64
    return self.execute(Command.SCREENSHOT)['value']
  File "E:\Python36\lib\site-packages\selenium\webdriver\remote\webdriver.py", line 311, in execute
    self.error_handler.check_response(response)
  File "E:\Python36\lib\site-packages\selenium\webdriver\remote\errorhandler.py", line 237, in check_response
    raise exception_class(message, screen, stacktrace)
selenium.common.exceptions.NoSuchWindowException: Message: no such window: target window already closed
from unknown error: web view not found
  (Session info: chrome=70.0.3538.77)
  (Driver info: chromedriver=2.43.600210 (68dcf5eebde37173d4027fa8635e332711d2874a),platform=Windows NT 6.1.7601 SP1 x86_64)

2018-11-13 16:35:35,145 [ERROR] testcase.py line:183: Run the Step: 1|OPEN|通用-prod3_pre_url is Failure
Traceback (most recent call last):
  File "E:\py_workspaces\hap_test\sweetest\testcase.py", line 109, in run
    getattr(web, step['keyword'].lower())(step)
  File "E:\py_workspaces\hap_test\sweetest\keywords\web.py", line 58, in open
    g.driver.get(value)
  File "E:\Python36\lib\site-packages\selenium\webdriver\remote\webdriver.py", line 323, in get
    self.execute(Command.GET, {'url': url})
  File "E:\Python36\lib\site-packages\selenium\webdriver\remote\webdriver.py", line 311, in execute
    self.error_handler.check_response(response)
  File "E:\Python36\lib\site-packages\selenium\webdriver\remote\errorhandler.py", line 237, in check_response
    raise exception_class(message, screen, stacktrace)
selenium.common.exceptions.NoSuchWindowException: Message: no such window: target window already closed
from unknown error: web view not found
  (Session info: chrome=70.0.3538.77)
  (Driver info: chromedriver=2.43.600210 (68dcf5eebde37173d4027fa8635e332711d2874a),platform=Windows NT 6.1.7601 SP1 x86_64)

2018-11-13 16:35:35,157 [INFO] testcase.py line:56: Run the TestCase: sy_007|PC端权限配置保存
2018-11-13 16:35:35,159 [INFO] testcase.py line:77: Run the Step: 1|CLICK|菜单#系统管理
2018-11-13 16:35:35,162 [ERROR] testcase.py line:172: *** save the screenshot is fail ***
Traceback (most recent call last):
  File "E:\py_workspaces\hap_test\sweetest\testcase.py", line 109, in run
    getattr(web, step['keyword'].lower())(step)
  File "E:\py_workspaces\hap_test\sweetest\keywords\web.py", line 171, in click
    element_location = locating_element(element, 'CLICK')
  File "E:\py_workspaces\hap_test\sweetest\locator.py", line 26, in locating_element
    (getattr(By, el['by'].upper()), value)))
  File "E:\Python36\lib\site-packages\selenium\webdriver\support\wait.py", line 71, in until
    value = method(self._driver)
  File "E:\Python36\lib\site-packages\selenium\webdriver\support\expected_conditions.py", line 283, in __call__
    element = visibility_of_element_located(self.locator)(driver)
  File "E:\Python36\lib\site-packages\selenium\webdriver\support\expected_conditions.py", line 127, in __call__
    return _element_if_visible(_find_element(driver, self.locator))
  File "E:\Python36\lib\site-packages\selenium\webdriver\support\expected_conditions.py", line 402, in _find_element
    raise e
  File "E:\Python36\lib\site-packages\selenium\webdriver\support\expected_conditions.py", line 398, in _find_element
    return driver.find_element(*by)
  File "E:\Python36\lib\site-packages\selenium\webdriver\remote\webdriver.py", line 858, in find_element
    'value': value})['value']
  File "E:\Python36\lib\site-packages\selenium\webdriver\remote\webdriver.py", line 311, in execute
    self.error_handler.check_response(response)
  File "E:\Python36\lib\site-packages\selenium\webdriver\remote\errorhandler.py", line 237, in check_response
    raise exception_class(message, screen, stacktrace)
selenium.common.exceptions.NoSuchWindowException: Message: no such window: target window already closed
from unknown error: web view not found
  (Session info: chrome=70.0.3538.77)
  (Driver info: chromedriver=2.43.600210 (68dcf5eebde37173d4027fa8635e332711d2874a),platform=Windows NT 6.1.7601 SP1 x86_64)


During handling of the above exception, another exception occurred:

Traceback (most recent call last):
  File "E:\py_workspaces\hap_test\sweetest\testcase.py", line 170, in run
    g.driver.get_screenshot_as_file(snapshot_file)
  File "E:\Python36\lib\site-packages\selenium\webdriver\remote\webdriver.py", line 911, in get_screenshot_as_file
    png = self.get_screenshot_as_png()
  File "E:\Python36\lib\site-packages\selenium\webdriver\remote\webdriver.py", line 943, in get_screenshot_as_png
    return base64.b64decode(self.get_screenshot_as_base64().encode('ascii'))
  File "E:\Python36\lib\site-packages\selenium\webdriver\remote\webdriver.py", line 953, in get_screenshot_as_base64
    return self.execute(Command.SCREENSHOT)['value']
  File "E:\Python36\lib\site-packages\selenium\webdriver\remote\webdriver.py", line 311, in execute
    self.error_handler.check_response(response)
  File "E:\Python36\lib\site-packages\selenium\webdriver\remote\errorhandler.py", line 237, in check_response
    raise exception_class(message, screen, stacktrace)
selenium.common.exceptions.NoSuchWindowException: Message: no such window: target window already closed
from unknown error: web view not found
  (Session info: chrome=70.0.3538.77)
  (Driver info: chromedriver=2.43.600210 (68dcf5eebde37173d4027fa8635e332711d2874a),platform=Windows NT 6.1.7601 SP1 x86_64)

2018-11-13 16:35:35,192 [ERROR] testcase.py line:183: Run the Step: 1|CLICK|通用-菜单#系统管理 is Failure
Traceback (most recent call last):
  File "E:\py_workspaces\hap_test\sweetest\testcase.py", line 109, in run
    getattr(web, step['keyword'].lower())(step)
  File "E:\py_workspaces\hap_test\sweetest\keywords\web.py", line 171, in click
    element_location = locating_element(element, 'CLICK')
  File "E:\py_workspaces\hap_test\sweetest\locator.py", line 26, in locating_element
    (getattr(By, el['by'].upper()), value)))
  File "E:\Python36\lib\site-packages\selenium\webdriver\support\wait.py", line 71, in until
    value = method(self._driver)
  File "E:\Python36\lib\site-packages\selenium\webdriver\support\expected_conditions.py", line 283, in __call__
    element = visibility_of_element_located(self.locator)(driver)
  File "E:\Python36\lib\site-packages\selenium\webdriver\support\expected_conditions.py", line 127, in __call__
    return _element_if_visible(_find_element(driver, self.locator))
  File "E:\Python36\lib\site-packages\selenium\webdriver\support\expected_conditions.py", line 402, in _find_element
    raise e
  File "E:\Python36\lib\site-packages\selenium\webdriver\support\expected_conditions.py", line 398, in _find_element
    return driver.find_element(*by)
  File "E:\Python36\lib\site-packages\selenium\webdriver\remote\webdriver.py", line 858, in find_element
    'value': value})['value']
  File "E:\Python36\lib\site-packages\selenium\webdriver\remote\webdriver.py", line 311, in execute
    self.error_handler.check_response(response)
  File "E:\Python36\lib\site-packages\selenium\webdriver\remote\errorhandler.py", line 237, in check_response
    raise exception_class(message, screen, stacktrace)
selenium.common.exceptions.NoSuchWindowException: Message: no such window: target window already closed
from unknown error: web view not found
  (Session info: chrome=70.0.3538.77)
  (Driver info: chromedriver=2.43.600210 (68dcf5eebde37173d4027fa8635e332711d2874a),platform=Windows NT 6.1.7601 SP1 x86_64)

2018-11-13 16:35:35,211 [INFO] testsuite.py line:28: Start running the SETUP testcase...
2018-11-13 16:35:35,211 [INFO] testcase.py line:56: Run the TestCase: portal_setup|跳转到首页
2018-11-13 16:35:35,213 [INFO] testcase.py line:77: Run the Step: 1|REFRESH|
2018-11-13 16:35:35,215 [ERROR] testcase.py line:172: *** save the screenshot is fail ***
Traceback (most recent call last):
  File "E:\py_workspaces\hap_test\sweetest\testcase.py", line 109, in run
    getattr(web, step['keyword'].lower())(step)
  File "E:\py_workspaces\hap_test\sweetest\keywords\web.py", line 301, in refresh
    g.driver.refresh()
  File "E:\Python36\lib\site-packages\selenium\webdriver\remote\webdriver.py", line 718, in refresh
    self.execute(Command.REFRESH)
  File "E:\Python36\lib\site-packages\selenium\webdriver\remote\webdriver.py", line 311, in execute
    self.error_handler.check_response(response)
  File "E:\Python36\lib\site-packages\selenium\webdriver\remote\errorhandler.py", line 237, in check_response
    raise exception_class(message, screen, stacktrace)
selenium.common.exceptions.NoSuchWindowException: Message: no such window: target window already closed
from unknown error: web view not found
  (Session info: chrome=70.0.3538.77)
  (Driver info: chromedriver=2.43.600210 (68dcf5eebde37173d4027fa8635e332711d2874a),platform=Windows NT 6.1.7601 SP1 x86_64)


During handling of the above exception, another exception occurred:

Traceback (most recent call last):
  File "E:\py_workspaces\hap_test\sweetest\testcase.py", line 170, in run
    g.driver.get_screenshot_as_file(snapshot_file)
  File "E:\Python36\lib\site-packages\selenium\webdriver\remote\webdriver.py", line 911, in get_screenshot_as_file
    png = self.get_screenshot_as_png()
  File "E:\Python36\lib\site-packages\selenium\webdriver\remote\webdriver.py", line 943, in get_screenshot_as_png
    return base64.b64decode(self.get_screenshot_as_base64().encode('ascii'))
  File "E:\Python36\lib\site-packages\selenium\webdriver\remote\webdriver.py", line 953, in get_screenshot_as_base64
    return self.execute(Command.SCREENSHOT)['value']
  File "E:\Python36\lib\site-packages\selenium\webdriver\remote\webdriver.py", line 311, in execute
    self.error_handler.check_response(response)
  File "E:\Python36\lib\site-packages\selenium\webdriver\remote\errorhandler.py", line 237, in check_response
    raise exception_class(message, screen, stacktrace)
selenium.common.exceptions.NoSuchWindowException: Message: no such window: target window already closed
from unknown error: web view not found
  (Session info: chrome=70.0.3538.77)
  (Driver info: chromedriver=2.43.600210 (68dcf5eebde37173d4027fa8635e332711d2874a),platform=Windows NT 6.1.7601 SP1 x86_64)

2018-11-13 16:35:35,235 [ERROR] testcase.py line:183: Run the Step: 1|REFRESH| is Failure
Traceback (most recent call last):
  File "E:\py_workspaces\hap_test\sweetest\testcase.py", line 109, in run
    getattr(web, step['keyword'].lower())(step)
  File "E:\py_workspaces\hap_test\sweetest\keywords\web.py", line 301, in refresh
    g.driver.refresh()
  File "E:\Python36\lib\site-packages\selenium\webdriver\remote\webdriver.py", line 718, in refresh
    self.execute(Command.REFRESH)
  File "E:\Python36\lib\site-packages\selenium\webdriver\remote\webdriver.py", line 311, in execute
    self.error_handler.check_response(response)
  File "E:\Python36\lib\site-packages\selenium\webdriver\remote\errorhandler.py", line 237, in check_response
    raise exception_class(message, screen, stacktrace)
selenium.common.exceptions.NoSuchWindowException: Message: no such window: target window already closed
from unknown error: web view not found
  (Session info: chrome=70.0.3538.77)
  (Driver info: chromedriver=2.43.600210 (68dcf5eebde37173d4027fa8635e332711d2874a),platform=Windows NT 6.1.7601 SP1 x86_64)

2018-11-13 16:35:35,242 [INFO] testcase.py line:56: Run the TestCase: login|登录
2018-11-13 16:35:35,244 [INFO] testcase.py line:77: Run the Step: 1|OPEN|通用-prod3_pre_url
2018-11-13 16:35:35,245 [WARNING] elements.py line:57: Page:通用 element:通用-prod3_pre_url is not exist
2018-11-13 16:35:35,248 [ERROR] testcase.py line:172: *** save the screenshot is fail ***
Traceback (most recent call last):
  File "E:\py_workspaces\hap_test\sweetest\testcase.py", line 109, in run
    getattr(web, step['keyword'].lower())(step)
  File "E:\py_workspaces\hap_test\sweetest\keywords\web.py", line 58, in open
    g.driver.get(value)
  File "E:\Python36\lib\site-packages\selenium\webdriver\remote\webdriver.py", line 323, in get
    self.execute(Command.GET, {'url': url})
  File "E:\Python36\lib\site-packages\selenium\webdriver\remote\webdriver.py", line 311, in execute
    self.error_handler.check_response(response)
  File "E:\Python36\lib\site-packages\selenium\webdriver\remote\errorhandler.py", line 237, in check_response
    raise exception_class(message, screen, stacktrace)
selenium.common.exceptions.NoSuchWindowException: Message: no such window: target window already closed
from unknown error: web view not found
  (Session info: chrome=70.0.3538.77)
  (Driver info: chromedriver=2.43.600210 (68dcf5eebde37173d4027fa8635e332711d2874a),platform=Windows NT 6.1.7601 SP1 x86_64)


During handling of the above exception, another exception occurred:

Traceback (most recent call last):
  File "E:\py_workspaces\hap_test\sweetest\testcase.py", line 170, in run
    g.driver.get_screenshot_as_file(snapshot_file)
  File "E:\Python36\lib\site-packages\selenium\webdriver\remote\webdriver.py", line 911, in get_screenshot_as_file
    png = self.get_screenshot_as_png()
  File "E:\Python36\lib\site-packages\selenium\webdriver\remote\webdriver.py", line 943, in get_screenshot_as_png
    return base64.b64decode(self.get_screenshot_as_base64().encode('ascii'))
  File "E:\Python36\lib\site-packages\selenium\webdriver\remote\webdriver.py", line 953, in get_screenshot_as_base64
    return self.execute(Command.SCREENSHOT)['value']
  File "E:\Python36\lib\site-packages\selenium\webdriver\remote\webdriver.py", line 311, in execute
    self.error_handler.check_response(response)
  File "E:\Python36\lib\site-packages\selenium\webdriver\remote\errorhandler.py", line 237, in check_response
    raise exception_class(message, screen, stacktrace)
selenium.common.exceptions.NoSuchWindowException: Message: no such window: target window already closed
from unknown error: web view not found
  (Session info: chrome=70.0.3538.77)
  (Driver info: chromedriver=2.43.600210 (68dcf5eebde37173d4027fa8635e332711d2874a),platform=Windows NT 6.1.7601 SP1 x86_64)

2018-11-13 16:35:35,267 [ERROR] testcase.py line:183: Run the Step: 1|OPEN|通用-prod3_pre_url is Failure
Traceback (most recent call last):
  File "E:\py_workspaces\hap_test\sweetest\testcase.py", line 109, in run
    getattr(web, step['keyword'].lower())(step)
  File "E:\py_workspaces\hap_test\sweetest\keywords\web.py", line 58, in open
    g.driver.get(value)
  File "E:\Python36\lib\site-packages\selenium\webdriver\remote\webdriver.py", line 323, in get
    self.execute(Command.GET, {'url': url})
  File "E:\Python36\lib\site-packages\selenium\webdriver\remote\webdriver.py", line 311, in execute
    self.error_handler.check_response(response)
  File "E:\Python36\lib\site-packages\selenium\webdriver\remote\errorhandler.py", line 237, in check_response
    raise exception_class(message, screen, stacktrace)
selenium.common.exceptions.NoSuchWindowException: Message: no such window: target window already closed
from unknown error: web view not found
  (Session info: chrome=70.0.3538.77)
  (Driver info: chromedriver=2.43.600210 (68dcf5eebde37173d4027fa8635e332711d2874a),platform=Windows NT 6.1.7601 SP1 x86_64)

2018-11-13 16:35:35,278 [INFO] testcase.py line:56: Run the TestCase: pub_001|设备类别新增
2018-11-13 16:35:35,280 [INFO] testcase.py line:77: Run the Step: 1|CLICK|菜单#基础配置
2018-11-13 16:35:35,284 [ERROR] testcase.py line:172: *** save the screenshot is fail ***
Traceback (most recent call last):
  File "E:\py_workspaces\hap_test\sweetest\testcase.py", line 109, in run
    getattr(web, step['keyword'].lower())(step)
  File "E:\py_workspaces\hap_test\sweetest\keywords\web.py", line 171, in click
    element_location = locating_element(element, 'CLICK')
  File "E:\py_workspaces\hap_test\sweetest\locator.py", line 26, in locating_element
    (getattr(By, el['by'].upper()), value)))
  File "E:\Python36\lib\site-packages\selenium\webdriver\support\wait.py", line 71, in until
    value = method(self._driver)
  File "E:\Python36\lib\site-packages\selenium\webdriver\support\expected_conditions.py", line 283, in __call__
    element = visibility_of_element_located(self.locator)(driver)
  File "E:\Python36\lib\site-packages\selenium\webdriver\support\expected_conditions.py", line 127, in __call__
    return _element_if_visible(_find_element(driver, self.locator))
  File "E:\Python36\lib\site-packages\selenium\webdriver\support\expected_conditions.py", line 402, in _find_element
    raise e
  File "E:\Python36\lib\site-packages\selenium\webdriver\support\expected_conditions.py", line 398, in _find_element
    return driver.find_element(*by)
  File "E:\Python36\lib\site-packages\selenium\webdriver\remote\webdriver.py", line 858, in find_element
    'value': value})['value']
  File "E:\Python36\lib\site-packages\selenium\webdriver\remote\webdriver.py", line 311, in execute
    self.error_handler.check_response(response)
  File "E:\Python36\lib\site-packages\selenium\webdriver\remote\errorhandler.py", line 237, in check_response
    raise exception_class(message, screen, stacktrace)
selenium.common.exceptions.NoSuchWindowException: Message: no such window: target window already closed
from unknown error: web view not found
  (Session info: chrome=70.0.3538.77)
  (Driver info: chromedriver=2.43.600210 (68dcf5eebde37173d4027fa8635e332711d2874a),platform=Windows NT 6.1.7601 SP1 x86_64)


During handling of the above exception, another exception occurred:

Traceback (most recent call last):
  File "E:\py_workspaces\hap_test\sweetest\testcase.py", line 170, in run
    g.driver.get_screenshot_as_file(snapshot_file)
  File "E:\Python36\lib\site-packages\selenium\webdriver\remote\webdriver.py", line 911, in get_screenshot_as_file
    png = self.get_screenshot_as_png()
  File "E:\Python36\lib\site-packages\selenium\webdriver\remote\webdriver.py", line 943, in get_screenshot_as_png
    return base64.b64decode(self.get_screenshot_as_base64().encode('ascii'))
  File "E:\Python36\lib\site-packages\selenium\webdriver\remote\webdriver.py", line 953, in get_screenshot_as_base64
    return self.execute(Command.SCREENSHOT)['value']
  File "E:\Python36\lib\site-packages\selenium\webdriver\remote\webdriver.py", line 311, in execute
    self.error_handler.check_response(response)
  File "E:\Python36\lib\site-packages\selenium\webdriver\remote\errorhandler.py", line 237, in check_response
    raise exception_class(message, screen, stacktrace)
selenium.common.exceptions.NoSuchWindowException: Message: no such window: target window already closed
from unknown error: web view not found
  (Session info: chrome=70.0.3538.77)
  (Driver info: chromedriver=2.43.600210 (68dcf5eebde37173d4027fa8635e332711d2874a),platform=Windows NT 6.1.7601 SP1 x86_64)

2018-11-13 16:35:35,309 [ERROR] testcase.py line:183: Run the Step: 1|CLICK|通用-菜单#基础配置 is Failure
Traceback (most recent call last):
  File "E:\py_workspaces\hap_test\sweetest\testcase.py", line 109, in run
    getattr(web, step['keyword'].lower())(step)
  File "E:\py_workspaces\hap_test\sweetest\keywords\web.py", line 171, in click
    element_location = locating_element(element, 'CLICK')
  File "E:\py_workspaces\hap_test\sweetest\locator.py", line 26, in locating_element
    (getattr(By, el['by'].upper()), value)))
  File "E:\Python36\lib\site-packages\selenium\webdriver\support\wait.py", line 71, in until
    value = method(self._driver)
  File "E:\Python36\lib\site-packages\selenium\webdriver\support\expected_conditions.py", line 283, in __call__
    element = visibility_of_element_located(self.locator)(driver)
  File "E:\Python36\lib\site-packages\selenium\webdriver\support\expected_conditions.py", line 127, in __call__
    return _element_if_visible(_find_element(driver, self.locator))
  File "E:\Python36\lib\site-packages\selenium\webdriver\support\expected_conditions.py", line 402, in _find_element
    raise e
  File "E:\Python36\lib\site-packages\selenium\webdriver\support\expected_conditions.py", line 398, in _find_element
    return driver.find_element(*by)
  File "E:\Python36\lib\site-packages\selenium\webdriver\remote\webdriver.py", line 858, in find_element
    'value': value})['value']
  File "E:\Python36\lib\site-packages\selenium\webdriver\remote\webdriver.py", line 311, in execute
    self.error_handler.check_response(response)
  File "E:\Python36\lib\site-packages\selenium\webdriver\remote\errorhandler.py", line 237, in check_response
    raise exception_class(message, screen, stacktrace)
selenium.common.exceptions.NoSuchWindowException: Message: no such window: target window already closed
from unknown error: web view not found
  (Session info: chrome=70.0.3538.77)
  (Driver info: chromedriver=2.43.600210 (68dcf5eebde37173d4027fa8635e332711d2874a),platform=Windows NT 6.1.7601 SP1 x86_64)

2018-11-13 16:35:35,324 [INFO] testsuite.py line:28: Start running the SETUP testcase...
2018-11-13 16:35:35,324 [INFO] testcase.py line:56: Run the TestCase: portal_setup|跳转到首页
2018-11-13 16:35:35,326 [INFO] testcase.py line:77: Run the Step: 1|REFRESH|
2018-11-13 16:35:35,328 [ERROR] testcase.py line:172: *** save the screenshot is fail ***
Traceback (most recent call last):
  File "E:\py_workspaces\hap_test\sweetest\testcase.py", line 109, in run
    getattr(web, step['keyword'].lower())(step)
  File "E:\py_workspaces\hap_test\sweetest\keywords\web.py", line 301, in refresh
    g.driver.refresh()
  File "E:\Python36\lib\site-packages\selenium\webdriver\remote\webdriver.py", line 718, in refresh
    self.execute(Command.REFRESH)
  File "E:\Python36\lib\site-packages\selenium\webdriver\remote\webdriver.py", line 311, in execute
    self.error_handler.check_response(response)
  File "E:\Python36\lib\site-packages\selenium\webdriver\remote\errorhandler.py", line 237, in check_response
    raise exception_class(message, screen, stacktrace)
selenium.common.exceptions.NoSuchWindowException: Message: no such window: target window already closed
from unknown error: web view not found
  (Session info: chrome=70.0.3538.77)
  (Driver info: chromedriver=2.43.600210 (68dcf5eebde37173d4027fa8635e332711d2874a),platform=Windows NT 6.1.7601 SP1 x86_64)


During handling of the above exception, another exception occurred:

Traceback (most recent call last):
  File "E:\py_workspaces\hap_test\sweetest\testcase.py", line 170, in run
    g.driver.get_screenshot_as_file(snapshot_file)
  File "E:\Python36\lib\site-packages\selenium\webdriver\remote\webdriver.py", line 911, in get_screenshot_as_file
    png = self.get_screenshot_as_png()
  File "E:\Python36\lib\site-packages\selenium\webdriver\remote\webdriver.py", line 943, in get_screenshot_as_png
    return base64.b64decode(self.get_screenshot_as_base64().encode('ascii'))
  File "E:\Python36\lib\site-packages\selenium\webdriver\remote\webdriver.py", line 953, in get_screenshot_as_base64
    return self.execute(Command.SCREENSHOT)['value']
  File "E:\Python36\lib\site-packages\selenium\webdriver\remote\webdriver.py", line 311, in execute
    self.error_handler.check_response(response)
  File "E:\Python36\lib\site-packages\selenium\webdriver\remote\errorhandler.py", line 237, in check_response
    raise exception_class(message, screen, stacktrace)
selenium.common.exceptions.NoSuchWindowException: Message: no such window: target window already closed
from unknown error: web view not found
  (Session info: chrome=70.0.3538.77)
  (Driver info: chromedriver=2.43.600210 (68dcf5eebde37173d4027fa8635e332711d2874a),platform=Windows NT 6.1.7601 SP1 x86_64)

2018-11-13 16:35:35,348 [ERROR] testcase.py line:183: Run the Step: 1|REFRESH| is Failure
Traceback (most recent call last):
  File "E:\py_workspaces\hap_test\sweetest\testcase.py", line 109, in run
    getattr(web, step['keyword'].lower())(step)
  File "E:\py_workspaces\hap_test\sweetest\keywords\web.py", line 301, in refresh
    g.driver.refresh()
  File "E:\Python36\lib\site-packages\selenium\webdriver\remote\webdriver.py", line 718, in refresh
    self.execute(Command.REFRESH)
  File "E:\Python36\lib\site-packages\selenium\webdriver\remote\webdriver.py", line 311, in execute
    self.error_handler.check_response(response)
  File "E:\Python36\lib\site-packages\selenium\webdriver\remote\errorhandler.py", line 237, in check_response
    raise exception_class(message, screen, stacktrace)
selenium.common.exceptions.NoSuchWindowException: Message: no such window: target window already closed
from unknown error: web view not found
  (Session info: chrome=70.0.3538.77)
  (Driver info: chromedriver=2.43.600210 (68dcf5eebde37173d4027fa8635e332711d2874a),platform=Windows NT 6.1.7601 SP1 x86_64)

2018-11-13 16:35:35,355 [INFO] testcase.py line:56: Run the TestCase: login|登录
2018-11-13 16:35:35,356 [INFO] testcase.py line:77: Run the Step: 1|OPEN|通用-prod3_pre_url
2018-11-13 16:35:35,358 [WARNING] elements.py line:57: Page:通用 element:通用-prod3_pre_url is not exist
2018-11-13 16:35:35,360 [ERROR] testcase.py line:172: *** save the screenshot is fail ***
Traceback (most recent call last):
  File "E:\py_workspaces\hap_test\sweetest\testcase.py", line 109, in run
    getattr(web, step['keyword'].lower())(step)
  File "E:\py_workspaces\hap_test\sweetest\keywords\web.py", line 58, in open
    g.driver.get(value)
  File "E:\Python36\lib\site-packages\selenium\webdriver\remote\webdriver.py", line 323, in get
    self.execute(Command.GET, {'url': url})
  File "E:\Python36\lib\site-packages\selenium\webdriver\remote\webdriver.py", line 311, in execute
    self.error_handler.check_response(response)
  File "E:\Python36\lib\site-packages\selenium\webdriver\remote\errorhandler.py", line 237, in check_response
    raise exception_class(message, screen, stacktrace)
selenium.common.exceptions.NoSuchWindowException: Message: no such window: target window already closed
from unknown error: web view not found
  (Session info: chrome=70.0.3538.77)
  (Driver info: chromedriver=2.43.600210 (68dcf5eebde37173d4027fa8635e332711d2874a),platform=Windows NT 6.1.7601 SP1 x86_64)


During handling of the above exception, another exception occurred:

Traceback (most recent call last):
  File "E:\py_workspaces\hap_test\sweetest\testcase.py", line 170, in run
    g.driver.get_screenshot_as_file(snapshot_file)
  File "E:\Python36\lib\site-packages\selenium\webdriver\remote\webdriver.py", line 911, in get_screenshot_as_file
    png = self.get_screenshot_as_png()
  File "E:\Python36\lib\site-packages\selenium\webdriver\remote\webdriver.py", line 943, in get_screenshot_as_png
    return base64.b64decode(self.get_screenshot_as_base64().encode('ascii'))
  File "E:\Python36\lib\site-packages\selenium\webdriver\remote\webdriver.py", line 953, in get_screenshot_as_base64
    return self.execute(Command.SCREENSHOT)['value']
  File "E:\Python36\lib\site-packages\selenium\webdriver\remote\webdriver.py", line 311, in execute
    self.error_handler.check_response(response)
  File "E:\Python36\lib\site-packages\selenium\webdriver\remote\errorhandler.py", line 237, in check_response
    raise exception_class(message, screen, stacktrace)
selenium.common.exceptions.NoSuchWindowException: Message: no such window: target window already closed
from unknown error: web view not found
  (Session info: chrome=70.0.3538.77)
  (Driver info: chromedriver=2.43.600210 (68dcf5eebde37173d4027fa8635e332711d2874a),platform=Windows NT 6.1.7601 SP1 x86_64)

2018-11-13 16:35:35,380 [ERROR] testcase.py line:183: Run the Step: 1|OPEN|通用-prod3_pre_url is Failure
Traceback (most recent call last):
  File "E:\py_workspaces\hap_test\sweetest\testcase.py", line 109, in run
    getattr(web, step['keyword'].lower())(step)
  File "E:\py_workspaces\hap_test\sweetest\keywords\web.py", line 58, in open
    g.driver.get(value)
  File "E:\Python36\lib\site-packages\selenium\webdriver\remote\webdriver.py", line 323, in get
    self.execute(Command.GET, {'url': url})
  File "E:\Python36\lib\site-packages\selenium\webdriver\remote\webdriver.py", line 311, in execute
    self.error_handler.check_response(response)
  File "E:\Python36\lib\site-packages\selenium\webdriver\remote\errorhandler.py", line 237, in check_response
    raise exception_class(message, screen, stacktrace)
selenium.common.exceptions.NoSuchWindowException: Message: no such window: target window already closed
from unknown error: web view not found
  (Session info: chrome=70.0.3538.77)
  (Driver info: chromedriver=2.43.600210 (68dcf5eebde37173d4027fa8635e332711d2874a),platform=Windows NT 6.1.7601 SP1 x86_64)

2018-11-13 16:35:35,388 [INFO] testcase.py line:56: Run the TestCase: pub_002|设备新增
2018-11-13 16:35:35,390 [INFO] testcase.py line:77: Run the Step: 1|CLICK|菜单#基础配置
2018-11-13 16:35:35,393 [ERROR] testcase.py line:172: *** save the screenshot is fail ***
Traceback (most recent call last):
  File "E:\py_workspaces\hap_test\sweetest\testcase.py", line 109, in run
    getattr(web, step['keyword'].lower())(step)
  File "E:\py_workspaces\hap_test\sweetest\keywords\web.py", line 171, in click
    element_location = locating_element(element, 'CLICK')
  File "E:\py_workspaces\hap_test\sweetest\locator.py", line 26, in locating_element
    (getattr(By, el['by'].upper()), value)))
  File "E:\Python36\lib\site-packages\selenium\webdriver\support\wait.py", line 71, in until
    value = method(self._driver)
  File "E:\Python36\lib\site-packages\selenium\webdriver\support\expected_conditions.py", line 283, in __call__
    element = visibility_of_element_located(self.locator)(driver)
  File "E:\Python36\lib\site-packages\selenium\webdriver\support\expected_conditions.py", line 127, in __call__
    return _element_if_visible(_find_element(driver, self.locator))
  File "E:\Python36\lib\site-packages\selenium\webdriver\support\expected_conditions.py", line 402, in _find_element
    raise e
  File "E:\Python36\lib\site-packages\selenium\webdriver\support\expected_conditions.py", line 398, in _find_element
    return driver.find_element(*by)
  File "E:\Python36\lib\site-packages\selenium\webdriver\remote\webdriver.py", line 858, in find_element
    'value': value})['value']
  File "E:\Python36\lib\site-packages\selenium\webdriver\remote\webdriver.py", line 311, in execute
    self.error_handler.check_response(response)
  File "E:\Python36\lib\site-packages\selenium\webdriver\remote\errorhandler.py", line 237, in check_response
    raise exception_class(message, screen, stacktrace)
selenium.common.exceptions.NoSuchWindowException: Message: no such window: target window already closed
from unknown error: web view not found
  (Session info: chrome=70.0.3538.77)
  (Driver info: chromedriver=2.43.600210 (68dcf5eebde37173d4027fa8635e332711d2874a),platform=Windows NT 6.1.7601 SP1 x86_64)


During handling of the above exception, another exception occurred:

Traceback (most recent call last):
  File "E:\py_workspaces\hap_test\sweetest\testcase.py", line 170, in run
    g.driver.get_screenshot_as_file(snapshot_file)
  File "E:\Python36\lib\site-packages\selenium\webdriver\remote\webdriver.py", line 911, in get_screenshot_as_file
    png = self.get_screenshot_as_png()
  File "E:\Python36\lib\site-packages\selenium\webdriver\remote\webdriver.py", line 943, in get_screenshot_as_png
    return base64.b64decode(self.get_screenshot_as_base64().encode('ascii'))
  File "E:\Python36\lib\site-packages\selenium\webdriver\remote\webdriver.py", line 953, in get_screenshot_as_base64
    return self.execute(Command.SCREENSHOT)['value']
  File "E:\Python36\lib\site-packages\selenium\webdriver\remote\webdriver.py", line 311, in execute
    self.error_handler.check_response(response)
  File "E:\Python36\lib\site-packages\selenium\webdriver\remote\errorhandler.py", line 237, in check_response
    raise exception_class(message, screen, stacktrace)
selenium.common.exceptions.NoSuchWindowException: Message: no such window: target window already closed
from unknown error: web view not found
  (Session info: chrome=70.0.3538.77)
  (Driver info: chromedriver=2.43.600210 (68dcf5eebde37173d4027fa8635e332711d2874a),platform=Windows NT 6.1.7601 SP1 x86_64)

2018-11-13 16:35:35,420 [ERROR] testcase.py line:183: Run the Step: 1|CLICK|通用-菜单#基础配置 is Failure
Traceback (most recent call last):
  File "E:\py_workspaces\hap_test\sweetest\testcase.py", line 109, in run
    getattr(web, step['keyword'].lower())(step)
  File "E:\py_workspaces\hap_test\sweetest\keywords\web.py", line 171, in click
    element_location = locating_element(element, 'CLICK')
  File "E:\py_workspaces\hap_test\sweetest\locator.py", line 26, in locating_element
    (getattr(By, el['by'].upper()), value)))
  File "E:\Python36\lib\site-packages\selenium\webdriver\support\wait.py", line 71, in until
    value = method(self._driver)
  File "E:\Python36\lib\site-packages\selenium\webdriver\support\expected_conditions.py", line 283, in __call__
    element = visibility_of_element_located(self.locator)(driver)
  File "E:\Python36\lib\site-packages\selenium\webdriver\support\expected_conditions.py", line 127, in __call__
    return _element_if_visible(_find_element(driver, self.locator))
  File "E:\Python36\lib\site-packages\selenium\webdriver\support\expected_conditions.py", line 402, in _find_element
    raise e
  File "E:\Python36\lib\site-packages\selenium\webdriver\support\expected_conditions.py", line 398, in _find_element
    return driver.find_element(*by)
  File "E:\Python36\lib\site-packages\selenium\webdriver\remote\webdriver.py", line 858, in find_element
    'value': value})['value']
  File "E:\Python36\lib\site-packages\selenium\webdriver\remote\webdriver.py", line 311, in execute
    self.error_handler.check_response(response)
  File "E:\Python36\lib\site-packages\selenium\webdriver\remote\errorhandler.py", line 237, in check_response
    raise exception_class(message, screen, stacktrace)
selenium.common.exceptions.NoSuchWindowException: Message: no such window: target window already closed
from unknown error: web view not found
  (Session info: chrome=70.0.3538.77)
  (Driver info: chromedriver=2.43.600210 (68dcf5eebde37173d4027fa8635e332711d2874a),platform=Windows NT 6.1.7601 SP1 x86_64)

2018-11-13 16:35:35,438 [WARNING] testsuite.py line:108: Run the testcase: pub_003|设备子页签技术参数新增 Blocked, Main or pre Sub TestCase is not Pass
2018-11-13 16:35:35,439 [INFO] testsuite.py line:28: Start running the SETUP testcase...
2018-11-13 16:35:35,440 [INFO] testcase.py line:56: Run the TestCase: portal_setup|跳转到首页
2018-11-13 16:35:35,441 [INFO] testcase.py line:77: Run the Step: 1|REFRESH|
2018-11-13 16:35:35,443 [ERROR] testcase.py line:172: *** save the screenshot is fail ***
Traceback (most recent call last):
  File "E:\py_workspaces\hap_test\sweetest\testcase.py", line 109, in run
    getattr(web, step['keyword'].lower())(step)
  File "E:\py_workspaces\hap_test\sweetest\keywords\web.py", line 301, in refresh
    g.driver.refresh()
  File "E:\Python36\lib\site-packages\selenium\webdriver\remote\webdriver.py", line 718, in refresh
    self.execute(Command.REFRESH)
  File "E:\Python36\lib\site-packages\selenium\webdriver\remote\webdriver.py", line 311, in execute
    self.error_handler.check_response(response)
  File "E:\Python36\lib\site-packages\selenium\webdriver\remote\errorhandler.py", line 237, in check_response
    raise exception_class(message, screen, stacktrace)
selenium.common.exceptions.NoSuchWindowException: Message: no such window: target window already closed
from unknown error: web view not found
  (Session info: chrome=70.0.3538.77)
  (Driver info: chromedriver=2.43.600210 (68dcf5eebde37173d4027fa8635e332711d2874a),platform=Windows NT 6.1.7601 SP1 x86_64)


During handling of the above exception, another exception occurred:

Traceback (most recent call last):
  File "E:\py_workspaces\hap_test\sweetest\testcase.py", line 170, in run
    g.driver.get_screenshot_as_file(snapshot_file)
  File "E:\Python36\lib\site-packages\selenium\webdriver\remote\webdriver.py", line 911, in get_screenshot_as_file
    png = self.get_screenshot_as_png()
  File "E:\Python36\lib\site-packages\selenium\webdriver\remote\webdriver.py", line 943, in get_screenshot_as_png
    return base64.b64decode(self.get_screenshot_as_base64().encode('ascii'))
  File "E:\Python36\lib\site-packages\selenium\webdriver\remote\webdriver.py", line 953, in get_screenshot_as_base64
    return self.execute(Command.SCREENSHOT)['value']
  File "E:\Python36\lib\site-packages\selenium\webdriver\remote\webdriver.py", line 311, in execute
    self.error_handler.check_response(response)
  File "E:\Python36\lib\site-packages\selenium\webdriver\remote\errorhandler.py", line 237, in check_response
    raise exception_class(message, screen, stacktrace)
selenium.common.exceptions.NoSuchWindowException: Message: no such window: target window already closed
from unknown error: web view not found
  (Session info: chrome=70.0.3538.77)
  (Driver info: chromedriver=2.43.600210 (68dcf5eebde37173d4027fa8635e332711d2874a),platform=Windows NT 6.1.7601 SP1 x86_64)

2018-11-13 16:35:35,463 [ERROR] testcase.py line:183: Run the Step: 1|REFRESH| is Failure
Traceback (most recent call last):
  File "E:\py_workspaces\hap_test\sweetest\testcase.py", line 109, in run
    getattr(web, step['keyword'].lower())(step)
  File "E:\py_workspaces\hap_test\sweetest\keywords\web.py", line 301, in refresh
    g.driver.refresh()
  File "E:\Python36\lib\site-packages\selenium\webdriver\remote\webdriver.py", line 718, in refresh
    self.execute(Command.REFRESH)
  File "E:\Python36\lib\site-packages\selenium\webdriver\remote\webdriver.py", line 311, in execute
    self.error_handler.check_response(response)
  File "E:\Python36\lib\site-packages\selenium\webdriver\remote\errorhandler.py", line 237, in check_response
    raise exception_class(message, screen, stacktrace)
selenium.common.exceptions.NoSuchWindowException: Message: no such window: target window already closed
from unknown error: web view not found
  (Session info: chrome=70.0.3538.77)
  (Driver info: chromedriver=2.43.600210 (68dcf5eebde37173d4027fa8635e332711d2874a),platform=Windows NT 6.1.7601 SP1 x86_64)

2018-11-13 16:35:35,475 [INFO] testcase.py line:56: Run the TestCase: login|登录
2018-11-13 16:35:35,476 [INFO] testcase.py line:77: Run the Step: 1|OPEN|通用-prod3_pre_url
2018-11-13 16:35:35,478 [WARNING] elements.py line:57: Page:通用 element:通用-prod3_pre_url is not exist
2018-11-13 16:35:35,480 [ERROR] testcase.py line:172: *** save the screenshot is fail ***
Traceback (most recent call last):
  File "E:\py_workspaces\hap_test\sweetest\testcase.py", line 109, in run
    getattr(web, step['keyword'].lower())(step)
  File "E:\py_workspaces\hap_test\sweetest\keywords\web.py", line 58, in open
    g.driver.get(value)
  File "E:\Python36\lib\site-packages\selenium\webdriver\remote\webdriver.py", line 323, in get
    self.execute(Command.GET, {'url': url})
  File "E:\Python36\lib\site-packages\selenium\webdriver\remote\webdriver.py", line 311, in execute
    self.error_handler.check_response(response)
  File "E:\Python36\lib\site-packages\selenium\webdriver\remote\errorhandler.py", line 237, in check_response
    raise exception_class(message, screen, stacktrace)
selenium.common.exceptions.NoSuchWindowException: Message: no such window: target window already closed
from unknown error: web view not found
  (Session info: chrome=70.0.3538.77)
  (Driver info: chromedriver=2.43.600210 (68dcf5eebde37173d4027fa8635e332711d2874a),platform=Windows NT 6.1.7601 SP1 x86_64)


During handling of the above exception, another exception occurred:

Traceback (most recent call last):
  File "E:\py_workspaces\hap_test\sweetest\testcase.py", line 170, in run
    g.driver.get_screenshot_as_file(snapshot_file)
  File "E:\Python36\lib\site-packages\selenium\webdriver\remote\webdriver.py", line 911, in get_screenshot_as_file
    png = self.get_screenshot_as_png()
  File "E:\Python36\lib\site-packages\selenium\webdriver\remote\webdriver.py", line 943, in get_screenshot_as_png
    return base64.b64decode(self.get_screenshot_as_base64().encode('ascii'))
  File "E:\Python36\lib\site-packages\selenium\webdriver\remote\webdriver.py", line 953, in get_screenshot_as_base64
    return self.execute(Command.SCREENSHOT)['value']
  File "E:\Python36\lib\site-packages\selenium\webdriver\remote\webdriver.py", line 311, in execute
    self.error_handler.check_response(response)
  File "E:\Python36\lib\site-packages\selenium\webdriver\remote\errorhandler.py", line 237, in check_response
    raise exception_class(message, screen, stacktrace)
selenium.common.exceptions.NoSuchWindowException: Message: no such window: target window already closed
from unknown error: web view not found
  (Session info: chrome=70.0.3538.77)
  (Driver info: chromedriver=2.43.600210 (68dcf5eebde37173d4027fa8635e332711d2874a),platform=Windows NT 6.1.7601 SP1 x86_64)

2018-11-13 16:35:35,505 [ERROR] testcase.py line:183: Run the Step: 1|OPEN|通用-prod3_pre_url is Failure
Traceback (most recent call last):
  File "E:\py_workspaces\hap_test\sweetest\testcase.py", line 109, in run
    getattr(web, step['keyword'].lower())(step)
  File "E:\py_workspaces\hap_test\sweetest\keywords\web.py", line 58, in open
    g.driver.get(value)
  File "E:\Python36\lib\site-packages\selenium\webdriver\remote\webdriver.py", line 323, in get
    self.execute(Command.GET, {'url': url})
  File "E:\Python36\lib\site-packages\selenium\webdriver\remote\webdriver.py", line 311, in execute
    self.error_handler.check_response(response)
  File "E:\Python36\lib\site-packages\selenium\webdriver\remote\errorhandler.py", line 237, in check_response
    raise exception_class(message, screen, stacktrace)
selenium.common.exceptions.NoSuchWindowException: Message: no such window: target window already closed
from unknown error: web view not found
  (Session info: chrome=70.0.3538.77)
  (Driver info: chromedriver=2.43.600210 (68dcf5eebde37173d4027fa8635e332711d2874a),platform=Windows NT 6.1.7601 SP1 x86_64)

2018-11-13 16:35:35,512 [INFO] testcase.py line:56: Run the TestCase: pub_004|工业岗位新增
2018-11-13 16:35:35,514 [INFO] testcase.py line:77: Run the Step: 1|CLICK|菜单#基础配置
2018-11-13 16:35:35,518 [ERROR] testcase.py line:172: *** save the screenshot is fail ***
Traceback (most recent call last):
  File "E:\py_workspaces\hap_test\sweetest\testcase.py", line 109, in run
    getattr(web, step['keyword'].lower())(step)
  File "E:\py_workspaces\hap_test\sweetest\keywords\web.py", line 171, in click
    element_location = locating_element(element, 'CLICK')
  File "E:\py_workspaces\hap_test\sweetest\locator.py", line 26, in locating_element
    (getattr(By, el['by'].upper()), value)))
  File "E:\Python36\lib\site-packages\selenium\webdriver\support\wait.py", line 71, in until
    value = method(self._driver)
  File "E:\Python36\lib\site-packages\selenium\webdriver\support\expected_conditions.py", line 283, in __call__
    element = visibility_of_element_located(self.locator)(driver)
  File "E:\Python36\lib\site-packages\selenium\webdriver\support\expected_conditions.py", line 127, in __call__
    return _element_if_visible(_find_element(driver, self.locator))
  File "E:\Python36\lib\site-packages\selenium\webdriver\support\expected_conditions.py", line 402, in _find_element
    raise e
  File "E:\Python36\lib\site-packages\selenium\webdriver\support\expected_conditions.py", line 398, in _find_element
    return driver.find_element(*by)
  File "E:\Python36\lib\site-packages\selenium\webdriver\remote\webdriver.py", line 858, in find_element
    'value': value})['value']
  File "E:\Python36\lib\site-packages\selenium\webdriver\remote\webdriver.py", line 311, in execute
    self.error_handler.check_response(response)
  File "E:\Python36\lib\site-packages\selenium\webdriver\remote\errorhandler.py", line 237, in check_response
    raise exception_class(message, screen, stacktrace)
selenium.common.exceptions.NoSuchWindowException: Message: no such window: target window already closed
from unknown error: web view not found
  (Session info: chrome=70.0.3538.77)
  (Driver info: chromedriver=2.43.600210 (68dcf5eebde37173d4027fa8635e332711d2874a),platform=Windows NT 6.1.7601 SP1 x86_64)


During handling of the above exception, another exception occurred:

Traceback (most recent call last):
  File "E:\py_workspaces\hap_test\sweetest\testcase.py", line 170, in run
    g.driver.get_screenshot_as_file(snapshot_file)
  File "E:\Python36\lib\site-packages\selenium\webdriver\remote\webdriver.py", line 911, in get_screenshot_as_file
    png = self.get_screenshot_as_png()
  File "E:\Python36\lib\site-packages\selenium\webdriver\remote\webdriver.py", line 943, in get_screenshot_as_png
    return base64.b64decode(self.get_screenshot_as_base64().encode('ascii'))
  File "E:\Python36\lib\site-packages\selenium\webdriver\remote\webdriver.py", line 953, in get_screenshot_as_base64
    return self.execute(Command.SCREENSHOT)['value']
  File "E:\Python36\lib\site-packages\selenium\webdriver\remote\webdriver.py", line 311, in execute
    self.error_handler.check_response(response)
  File "E:\Python36\lib\site-packages\selenium\webdriver\remote\errorhandler.py", line 237, in check_response
    raise exception_class(message, screen, stacktrace)
selenium.common.exceptions.NoSuchWindowException: Message: no such window: target window already closed
from unknown error: web view not found
  (Session info: chrome=70.0.3538.77)
  (Driver info: chromedriver=2.43.600210 (68dcf5eebde37173d4027fa8635e332711d2874a),platform=Windows NT 6.1.7601 SP1 x86_64)

2018-11-13 16:35:35,541 [ERROR] testcase.py line:183: Run the Step: 1|CLICK|通用-菜单#基础配置 is Failure
Traceback (most recent call last):
  File "E:\py_workspaces\hap_test\sweetest\testcase.py", line 109, in run
    getattr(web, step['keyword'].lower())(step)
  File "E:\py_workspaces\hap_test\sweetest\keywords\web.py", line 171, in click
    element_location = locating_element(element, 'CLICK')
  File "E:\py_workspaces\hap_test\sweetest\locator.py", line 26, in locating_element
    (getattr(By, el['by'].upper()), value)))
  File "E:\Python36\lib\site-packages\selenium\webdriver\support\wait.py", line 71, in until
    value = method(self._driver)
  File "E:\Python36\lib\site-packages\selenium\webdriver\support\expected_conditions.py", line 283, in __call__
    element = visibility_of_element_located(self.locator)(driver)
  File "E:\Python36\lib\site-packages\selenium\webdriver\support\expected_conditions.py", line 127, in __call__
    return _element_if_visible(_find_element(driver, self.locator))
  File "E:\Python36\lib\site-packages\selenium\webdriver\support\expected_conditions.py", line 402, in _find_element
    raise e
  File "E:\Python36\lib\site-packages\selenium\webdriver\support\expected_conditions.py", line 398, in _find_element
    return driver.find_element(*by)
  File "E:\Python36\lib\site-packages\selenium\webdriver\remote\webdriver.py", line 858, in find_element
    'value': value})['value']
  File "E:\Python36\lib\site-packages\selenium\webdriver\remote\webdriver.py", line 311, in execute
    self.error_handler.check_response(response)
  File "E:\Python36\lib\site-packages\selenium\webdriver\remote\errorhandler.py", line 237, in check_response
    raise exception_class(message, screen, stacktrace)
selenium.common.exceptions.NoSuchWindowException: Message: no such window: target window already closed
from unknown error: web view not found
  (Session info: chrome=70.0.3538.77)
  (Driver info: chromedriver=2.43.600210 (68dcf5eebde37173d4027fa8635e332711d2874a),platform=Windows NT 6.1.7601 SP1 x86_64)

2018-11-13 16:35:35,559 [WARNING] testsuite.py line:108: Run the testcase: pub_005|工业岗位子表新增人员 Blocked, Main or pre Sub TestCase is not Pass
2018-11-13 16:35:35,560 [INFO] testsuite.py line:28: Start running the SETUP testcase...
2018-11-13 16:35:35,561 [INFO] testcase.py line:56: Run the TestCase: portal_setup|跳转到首页
2018-11-13 16:35:35,563 [INFO] testcase.py line:77: Run the Step: 1|REFRESH|
2018-11-13 16:35:35,566 [ERROR] testcase.py line:172: *** save the screenshot is fail ***
Traceback (most recent call last):
  File "E:\py_workspaces\hap_test\sweetest\testcase.py", line 109, in run
    getattr(web, step['keyword'].lower())(step)
  File "E:\py_workspaces\hap_test\sweetest\keywords\web.py", line 301, in refresh
    g.driver.refresh()
  File "E:\Python36\lib\site-packages\selenium\webdriver\remote\webdriver.py", line 718, in refresh
    self.execute(Command.REFRESH)
  File "E:\Python36\lib\site-packages\selenium\webdriver\remote\webdriver.py", line 311, in execute
    self.error_handler.check_response(response)
  File "E:\Python36\lib\site-packages\selenium\webdriver\remote\errorhandler.py", line 237, in check_response
    raise exception_class(message, screen, stacktrace)
selenium.common.exceptions.NoSuchWindowException: Message: no such window: target window already closed
from unknown error: web view not found
  (Session info: chrome=70.0.3538.77)
  (Driver info: chromedriver=2.43.600210 (68dcf5eebde37173d4027fa8635e332711d2874a),platform=Windows NT 6.1.7601 SP1 x86_64)


During handling of the above exception, another exception occurred:

Traceback (most recent call last):
  File "E:\py_workspaces\hap_test\sweetest\testcase.py", line 170, in run
    g.driver.get_screenshot_as_file(snapshot_file)
  File "E:\Python36\lib\site-packages\selenium\webdriver\remote\webdriver.py", line 911, in get_screenshot_as_file
    png = self.get_screenshot_as_png()
  File "E:\Python36\lib\site-packages\selenium\webdriver\remote\webdriver.py", line 943, in get_screenshot_as_png
    return base64.b64decode(self.get_screenshot_as_base64().encode('ascii'))
  File "E:\Python36\lib\site-packages\selenium\webdriver\remote\webdriver.py", line 953, in get_screenshot_as_base64
    return self.execute(Command.SCREENSHOT)['value']
  File "E:\Python36\lib\site-packages\selenium\webdriver\remote\webdriver.py", line 311, in execute
    self.error_handler.check_response(response)
  File "E:\Python36\lib\site-packages\selenium\webdriver\remote\errorhandler.py", line 237, in check_response
    raise exception_class(message, screen, stacktrace)
selenium.common.exceptions.NoSuchWindowException: Message: no such window: target window already closed
from unknown error: web view not found
  (Session info: chrome=70.0.3538.77)
  (Driver info: chromedriver=2.43.600210 (68dcf5eebde37173d4027fa8635e332711d2874a),platform=Windows NT 6.1.7601 SP1 x86_64)

2018-11-13 16:35:35,585 [ERROR] testcase.py line:183: Run the Step: 1|REFRESH| is Failure
Traceback (most recent call last):
  File "E:\py_workspaces\hap_test\sweetest\testcase.py", line 109, in run
    getattr(web, step['keyword'].lower())(step)
  File "E:\py_workspaces\hap_test\sweetest\keywords\web.py", line 301, in refresh
    g.driver.refresh()
  File "E:\Python36\lib\site-packages\selenium\webdriver\remote\webdriver.py", line 718, in refresh
    self.execute(Command.REFRESH)
  File "E:\Python36\lib\site-packages\selenium\webdriver\remote\webdriver.py", line 311, in execute
    self.error_handler.check_response(response)
  File "E:\Python36\lib\site-packages\selenium\webdriver\remote\errorhandler.py", line 237, in check_response
    raise exception_class(message, screen, stacktrace)
selenium.common.exceptions.NoSuchWindowException: Message: no such window: target window already closed
from unknown error: web view not found
  (Session info: chrome=70.0.3538.77)
  (Driver info: chromedriver=2.43.600210 (68dcf5eebde37173d4027fa8635e332711d2874a),platform=Windows NT 6.1.7601 SP1 x86_64)

2018-11-13 16:35:35,593 [INFO] testcase.py line:56: Run the TestCase: login|登录
2018-11-13 16:35:35,594 [INFO] testcase.py line:77: Run the Step: 1|OPEN|通用-prod3_pre_url
2018-11-13 16:35:35,595 [WARNING] elements.py line:57: Page:通用 element:通用-prod3_pre_url is not exist
2018-11-13 16:35:35,598 [ERROR] testcase.py line:172: *** save the screenshot is fail ***
Traceback (most recent call last):
  File "E:\py_workspaces\hap_test\sweetest\testcase.py", line 109, in run
    getattr(web, step['keyword'].lower())(step)
  File "E:\py_workspaces\hap_test\sweetest\keywords\web.py", line 58, in open
    g.driver.get(value)
  File "E:\Python36\lib\site-packages\selenium\webdriver\remote\webdriver.py", line 323, in get
    self.execute(Command.GET, {'url': url})
  File "E:\Python36\lib\site-packages\selenium\webdriver\remote\webdriver.py", line 311, in execute
    self.error_handler.check_response(response)
  File "E:\Python36\lib\site-packages\selenium\webdriver\remote\errorhandler.py", line 237, in check_response
    raise exception_class(message, screen, stacktrace)
selenium.common.exceptions.NoSuchWindowException: Message: no such window: target window already closed
from unknown error: web view not found
  (Session info: chrome=70.0.3538.77)
  (Driver info: chromedriver=2.43.600210 (68dcf5eebde37173d4027fa8635e332711d2874a),platform=Windows NT 6.1.7601 SP1 x86_64)


During handling of the above exception, another exception occurred:

Traceback (most recent call last):
  File "E:\py_workspaces\hap_test\sweetest\testcase.py", line 170, in run
    g.driver.get_screenshot_as_file(snapshot_file)
  File "E:\Python36\lib\site-packages\selenium\webdriver\remote\webdriver.py", line 911, in get_screenshot_as_file
    png = self.get_screenshot_as_png()
  File "E:\Python36\lib\site-packages\selenium\webdriver\remote\webdriver.py", line 943, in get_screenshot_as_png
    return base64.b64decode(self.get_screenshot_as_base64().encode('ascii'))
  File "E:\Python36\lib\site-packages\selenium\webdriver\remote\webdriver.py", line 953, in get_screenshot_as_base64
    return self.execute(Command.SCREENSHOT)['value']
  File "E:\Python36\lib\site-packages\selenium\webdriver\remote\webdriver.py", line 311, in execute
    self.error_handler.check_response(response)
  File "E:\Python36\lib\site-packages\selenium\webdriver\remote\errorhandler.py", line 237, in check_response
    raise exception_class(message, screen, stacktrace)
selenium.common.exceptions.NoSuchWindowException: Message: no such window: target window already closed
from unknown error: web view not found
  (Session info: chrome=70.0.3538.77)
  (Driver info: chromedriver=2.43.600210 (68dcf5eebde37173d4027fa8635e332711d2874a),platform=Windows NT 6.1.7601 SP1 x86_64)

2018-11-13 16:35:35,617 [ERROR] testcase.py line:183: Run the Step: 1|OPEN|通用-prod3_pre_url is Failure
Traceback (most recent call last):
  File "E:\py_workspaces\hap_test\sweetest\testcase.py", line 109, in run
    getattr(web, step['keyword'].lower())(step)
  File "E:\py_workspaces\hap_test\sweetest\keywords\web.py", line 58, in open
    g.driver.get(value)
  File "E:\Python36\lib\site-packages\selenium\webdriver\remote\webdriver.py", line 323, in get
    self.execute(Command.GET, {'url': url})
  File "E:\Python36\lib\site-packages\selenium\webdriver\remote\webdriver.py", line 311, in execute
    self.error_handler.check_response(response)
  File "E:\Python36\lib\site-packages\selenium\webdriver\remote\errorhandler.py", line 237, in check_response
    raise exception_class(message, screen, stacktrace)
selenium.common.exceptions.NoSuchWindowException: Message: no such window: target window already closed
from unknown error: web view not found
  (Session info: chrome=70.0.3538.77)
  (Driver info: chromedriver=2.43.600210 (68dcf5eebde37173d4027fa8635e332711d2874a),platform=Windows NT 6.1.7601 SP1 x86_64)

2018-11-13 16:35:35,626 [INFO] testcase.py line:56: Run the TestCase: pub_006|功能位置新增
2018-11-13 16:35:35,628 [INFO] testcase.py line:77: Run the Step: 1|CLICK|菜单#基础配置
2018-11-13 16:35:35,632 [ERROR] testcase.py line:172: *** save the screenshot is fail ***
Traceback (most recent call last):
  File "E:\py_workspaces\hap_test\sweetest\testcase.py", line 109, in run
    getattr(web, step['keyword'].lower())(step)
  File "E:\py_workspaces\hap_test\sweetest\keywords\web.py", line 171, in click
    element_location = locating_element(element, 'CLICK')
  File "E:\py_workspaces\hap_test\sweetest\locator.py", line 26, in locating_element
    (getattr(By, el['by'].upper()), value)))
  File "E:\Python36\lib\site-packages\selenium\webdriver\support\wait.py", line 71, in until
    value = method(self._driver)
  File "E:\Python36\lib\site-packages\selenium\webdriver\support\expected_conditions.py", line 283, in __call__
    element = visibility_of_element_located(self.locator)(driver)
  File "E:\Python36\lib\site-packages\selenium\webdriver\support\expected_conditions.py", line 127, in __call__
    return _element_if_visible(_find_element(driver, self.locator))
  File "E:\Python36\lib\site-packages\selenium\webdriver\support\expected_conditions.py", line 402, in _find_element
    raise e
  File "E:\Python36\lib\site-packages\selenium\webdriver\support\expected_conditions.py", line 398, in _find_element
    return driver.find_element(*by)
  File "E:\Python36\lib\site-packages\selenium\webdriver\remote\webdriver.py", line 858, in find_element
    'value': value})['value']
  File "E:\Python36\lib\site-packages\selenium\webdriver\remote\webdriver.py", line 311, in execute
    self.error_handler.check_response(response)
  File "E:\Python36\lib\site-packages\selenium\webdriver\remote\errorhandler.py", line 237, in check_response
    raise exception_class(message, screen, stacktrace)
selenium.common.exceptions.NoSuchWindowException: Message: no such window: target window already closed
from unknown error: web view not found
  (Session info: chrome=70.0.3538.77)
  (Driver info: chromedriver=2.43.600210 (68dcf5eebde37173d4027fa8635e332711d2874a),platform=Windows NT 6.1.7601 SP1 x86_64)


During handling of the above exception, another exception occurred:

Traceback (most recent call last):
  File "E:\py_workspaces\hap_test\sweetest\testcase.py", line 170, in run
    g.driver.get_screenshot_as_file(snapshot_file)
  File "E:\Python36\lib\site-packages\selenium\webdriver\remote\webdriver.py", line 911, in get_screenshot_as_file
    png = self.get_screenshot_as_png()
  File "E:\Python36\lib\site-packages\selenium\webdriver\remote\webdriver.py", line 943, in get_screenshot_as_png
    return base64.b64decode(self.get_screenshot_as_base64().encode('ascii'))
  File "E:\Python36\lib\site-packages\selenium\webdriver\remote\webdriver.py", line 953, in get_screenshot_as_base64
    return self.execute(Command.SCREENSHOT)['value']
  File "E:\Python36\lib\site-packages\selenium\webdriver\remote\webdriver.py", line 311, in execute
    self.error_handler.check_response(response)
  File "E:\Python36\lib\site-packages\selenium\webdriver\remote\errorhandler.py", line 237, in check_response
    raise exception_class(message, screen, stacktrace)
selenium.common.exceptions.NoSuchWindowException: Message: no such window: target window already closed
from unknown error: web view not found
  (Session info: chrome=70.0.3538.77)
  (Driver info: chromedriver=2.43.600210 (68dcf5eebde37173d4027fa8635e332711d2874a),platform=Windows NT 6.1.7601 SP1 x86_64)

2018-11-13 16:35:35,663 [ERROR] testcase.py line:183: Run the Step: 1|CLICK|通用-菜单#基础配置 is Failure
Traceback (most recent call last):
  File "E:\py_workspaces\hap_test\sweetest\testcase.py", line 109, in run
    getattr(web, step['keyword'].lower())(step)
  File "E:\py_workspaces\hap_test\sweetest\keywords\web.py", line 171, in click
    element_location = locating_element(element, 'CLICK')
  File "E:\py_workspaces\hap_test\sweetest\locator.py", line 26, in locating_element
    (getattr(By, el['by'].upper()), value)))
  File "E:\Python36\lib\site-packages\selenium\webdriver\support\wait.py", line 71, in until
    value = method(self._driver)
  File "E:\Python36\lib\site-packages\selenium\webdriver\support\expected_conditions.py", line 283, in __call__
    element = visibility_of_element_located(self.locator)(driver)
  File "E:\Python36\lib\site-packages\selenium\webdriver\support\expected_conditions.py", line 127, in __call__
    return _element_if_visible(_find_element(driver, self.locator))
  File "E:\Python36\lib\site-packages\selenium\webdriver\support\expected_conditions.py", line 402, in _find_element
    raise e
  File "E:\Python36\lib\site-packages\selenium\webdriver\support\expected_conditions.py", line 398, in _find_element
    return driver.find_element(*by)
  File "E:\Python36\lib\site-packages\selenium\webdriver\remote\webdriver.py", line 858, in find_element
    'value': value})['value']
  File "E:\Python36\lib\site-packages\selenium\webdriver\remote\webdriver.py", line 311, in execute
    self.error_handler.check_response(response)
  File "E:\Python36\lib\site-packages\selenium\webdriver\remote\errorhandler.py", line 237, in check_response
    raise exception_class(message, screen, stacktrace)
selenium.common.exceptions.NoSuchWindowException: Message: no such window: target window already closed
from unknown error: web view not found
  (Session info: chrome=70.0.3538.77)
  (Driver info: chromedriver=2.43.600210 (68dcf5eebde37173d4027fa8635e332711d2874a),platform=Windows NT 6.1.7601 SP1 x86_64)

2018-11-13 16:35:35,684 [WARNING] testsuite.py line:108: Run the testcase: pub_007|功能位置子表新增 Blocked, Main or pre Sub TestCase is not Pass
2018-11-13 16:35:35,685 [INFO] testsuite.py line:28: Start running the SETUP testcase...
2018-11-13 16:35:35,686 [INFO] testcase.py line:56: Run the TestCase: portal_setup|跳转到首页
2018-11-13 16:35:35,687 [INFO] testcase.py line:77: Run the Step: 1|REFRESH|
2018-11-13 16:35:35,689 [ERROR] testcase.py line:172: *** save the screenshot is fail ***
Traceback (most recent call last):
  File "E:\py_workspaces\hap_test\sweetest\testcase.py", line 109, in run
    getattr(web, step['keyword'].lower())(step)
  File "E:\py_workspaces\hap_test\sweetest\keywords\web.py", line 301, in refresh
    g.driver.refresh()
  File "E:\Python36\lib\site-packages\selenium\webdriver\remote\webdriver.py", line 718, in refresh
    self.execute(Command.REFRESH)
  File "E:\Python36\lib\site-packages\selenium\webdriver\remote\webdriver.py", line 311, in execute
    self.error_handler.check_response(response)
  File "E:\Python36\lib\site-packages\selenium\webdriver\remote\errorhandler.py", line 237, in check_response
    raise exception_class(message, screen, stacktrace)
selenium.common.exceptions.NoSuchWindowException: Message: no such window: target window already closed
from unknown error: web view not found
  (Session info: chrome=70.0.3538.77)
  (Driver info: chromedriver=2.43.600210 (68dcf5eebde37173d4027fa8635e332711d2874a),platform=Windows NT 6.1.7601 SP1 x86_64)


During handling of the above exception, another exception occurred:

Traceback (most recent call last):
  File "E:\py_workspaces\hap_test\sweetest\testcase.py", line 170, in run
    g.driver.get_screenshot_as_file(snapshot_file)
  File "E:\Python36\lib\site-packages\selenium\webdriver\remote\webdriver.py", line 911, in get_screenshot_as_file
    png = self.get_screenshot_as_png()
  File "E:\Python36\lib\site-packages\selenium\webdriver\remote\webdriver.py", line 943, in get_screenshot_as_png
    return base64.b64decode(self.get_screenshot_as_base64().encode('ascii'))
  File "E:\Python36\lib\site-packages\selenium\webdriver\remote\webdriver.py", line 953, in get_screenshot_as_base64
    return self.execute(Command.SCREENSHOT)['value']
  File "E:\Python36\lib\site-packages\selenium\webdriver\remote\webdriver.py", line 311, in execute
    self.error_handler.check_response(response)
  File "E:\Python36\lib\site-packages\selenium\webdriver\remote\errorhandler.py", line 237, in check_response
    raise exception_class(message, screen, stacktrace)
selenium.common.exceptions.NoSuchWindowException: Message: no such window: target window already closed
from unknown error: web view not found
  (Session info: chrome=70.0.3538.77)
  (Driver info: chromedriver=2.43.600210 (68dcf5eebde37173d4027fa8635e332711d2874a),platform=Windows NT 6.1.7601 SP1 x86_64)

2018-11-13 16:35:35,709 [ERROR] testcase.py line:183: Run the Step: 1|REFRESH| is Failure
Traceback (most recent call last):
  File "E:\py_workspaces\hap_test\sweetest\testcase.py", line 109, in run
    getattr(web, step['keyword'].lower())(step)
  File "E:\py_workspaces\hap_test\sweetest\keywords\web.py", line 301, in refresh
    g.driver.refresh()
  File "E:\Python36\lib\site-packages\selenium\webdriver\remote\webdriver.py", line 718, in refresh
    self.execute(Command.REFRESH)
  File "E:\Python36\lib\site-packages\selenium\webdriver\remote\webdriver.py", line 311, in execute
    self.error_handler.check_response(response)
  File "E:\Python36\lib\site-packages\selenium\webdriver\remote\errorhandler.py", line 237, in check_response
    raise exception_class(message, screen, stacktrace)
selenium.common.exceptions.NoSuchWindowException: Message: no such window: target window already closed
from unknown error: web view not found
  (Session info: chrome=70.0.3538.77)
  (Driver info: chromedriver=2.43.600210 (68dcf5eebde37173d4027fa8635e332711d2874a),platform=Windows NT 6.1.7601 SP1 x86_64)

2018-11-13 16:35:35,716 [INFO] testcase.py line:56: Run the TestCase: login|登录
2018-11-13 16:35:35,718 [INFO] testcase.py line:77: Run the Step: 1|OPEN|通用-prod3_pre_url
2018-11-13 16:35:35,719 [WARNING] elements.py line:57: Page:通用 element:通用-prod3_pre_url is not exist
2018-11-13 16:35:35,722 [ERROR] testcase.py line:172: *** save the screenshot is fail ***
Traceback (most recent call last):
  File "E:\py_workspaces\hap_test\sweetest\testcase.py", line 109, in run
    getattr(web, step['keyword'].lower())(step)
  File "E:\py_workspaces\hap_test\sweetest\keywords\web.py", line 58, in open
    g.driver.get(value)
  File "E:\Python36\lib\site-packages\selenium\webdriver\remote\webdriver.py", line 323, in get
    self.execute(Command.GET, {'url': url})
  File "E:\Python36\lib\site-packages\selenium\webdriver\remote\webdriver.py", line 311, in execute
    self.error_handler.check_response(response)
  File "E:\Python36\lib\site-packages\selenium\webdriver\remote\errorhandler.py", line 237, in check_response
    raise exception_class(message, screen, stacktrace)
selenium.common.exceptions.NoSuchWindowException: Message: no such window: target window already closed
from unknown error: web view not found
  (Session info: chrome=70.0.3538.77)
  (Driver info: chromedriver=2.43.600210 (68dcf5eebde37173d4027fa8635e332711d2874a),platform=Windows NT 6.1.7601 SP1 x86_64)


During handling of the above exception, another exception occurred:

Traceback (most recent call last):
  File "E:\py_workspaces\hap_test\sweetest\testcase.py", line 170, in run
    g.driver.get_screenshot_as_file(snapshot_file)
  File "E:\Python36\lib\site-packages\selenium\webdriver\remote\webdriver.py", line 911, in get_screenshot_as_file
    png = self.get_screenshot_as_png()
  File "E:\Python36\lib\site-packages\selenium\webdriver\remote\webdriver.py", line 943, in get_screenshot_as_png
    return base64.b64decode(self.get_screenshot_as_base64().encode('ascii'))
  File "E:\Python36\lib\site-packages\selenium\webdriver\remote\webdriver.py", line 953, in get_screenshot_as_base64
    return self.execute(Command.SCREENSHOT)['value']
  File "E:\Python36\lib\site-packages\selenium\webdriver\remote\webdriver.py", line 311, in execute
    self.error_handler.check_response(response)
  File "E:\Python36\lib\site-packages\selenium\webdriver\remote\errorhandler.py", line 237, in check_response
    raise exception_class(message, screen, stacktrace)
selenium.common.exceptions.NoSuchWindowException: Message: no such window: target window already closed
from unknown error: web view not found
  (Session info: chrome=70.0.3538.77)
  (Driver info: chromedriver=2.43.600210 (68dcf5eebde37173d4027fa8635e332711d2874a),platform=Windows NT 6.1.7601 SP1 x86_64)

2018-11-13 16:35:35,737 [ERROR] testcase.py line:183: Run the Step: 1|OPEN|通用-prod3_pre_url is Failure
Traceback (most recent call last):
  File "E:\py_workspaces\hap_test\sweetest\testcase.py", line 109, in run
    getattr(web, step['keyword'].lower())(step)
  File "E:\py_workspaces\hap_test\sweetest\keywords\web.py", line 58, in open
    g.driver.get(value)
  File "E:\Python36\lib\site-packages\selenium\webdriver\remote\webdriver.py", line 323, in get
    self.execute(Command.GET, {'url': url})
  File "E:\Python36\lib\site-packages\selenium\webdriver\remote\webdriver.py", line 311, in execute
    self.error_handler.check_response(response)
  File "E:\Python36\lib\site-packages\selenium\webdriver\remote\errorhandler.py", line 237, in check_response
    raise exception_class(message, screen, stacktrace)
selenium.common.exceptions.NoSuchWindowException: Message: no such window: target window already closed
from unknown error: web view not found
  (Session info: chrome=70.0.3538.77)
  (Driver info: chromedriver=2.43.600210 (68dcf5eebde37173d4027fa8635e332711d2874a),platform=Windows NT 6.1.7601 SP1 x86_64)

2018-11-13 16:35:35,751 [INFO] testcase.py line:56: Run the TestCase: phd_001|隐患任务新增
2018-11-13 16:35:35,753 [INFO] testcase.py line:77: Run the Step: 1|CLICK|菜单#隐患
2018-11-13 16:35:35,757 [ERROR] testcase.py line:172: *** save the screenshot is fail ***
Traceback (most recent call last):
  File "E:\py_workspaces\hap_test\sweetest\testcase.py", line 109, in run
    getattr(web, step['keyword'].lower())(step)
  File "E:\py_workspaces\hap_test\sweetest\keywords\web.py", line 171, in click
    element_location = locating_element(element, 'CLICK')
  File "E:\py_workspaces\hap_test\sweetest\locator.py", line 26, in locating_element
    (getattr(By, el['by'].upper()), value)))
  File "E:\Python36\lib\site-packages\selenium\webdriver\support\wait.py", line 71, in until
    value = method(self._driver)
  File "E:\Python36\lib\site-packages\selenium\webdriver\support\expected_conditions.py", line 283, in __call__
    element = visibility_of_element_located(self.locator)(driver)
  File "E:\Python36\lib\site-packages\selenium\webdriver\support\expected_conditions.py", line 127, in __call__
    return _element_if_visible(_find_element(driver, self.locator))
  File "E:\Python36\lib\site-packages\selenium\webdriver\support\expected_conditions.py", line 402, in _find_element
    raise e
  File "E:\Python36\lib\site-packages\selenium\webdriver\support\expected_conditions.py", line 398, in _find_element
    return driver.find_element(*by)
  File "E:\Python36\lib\site-packages\selenium\webdriver\remote\webdriver.py", line 858, in find_element
    'value': value})['value']
  File "E:\Python36\lib\site-packages\selenium\webdriver\remote\webdriver.py", line 311, in execute
    self.error_handler.check_response(response)
  File "E:\Python36\lib\site-packages\selenium\webdriver\remote\errorhandler.py", line 237, in check_response
    raise exception_class(message, screen, stacktrace)
selenium.common.exceptions.NoSuchWindowException: Message: no such window: target window already closed
from unknown error: web view not found
  (Session info: chrome=70.0.3538.77)
  (Driver info: chromedriver=2.43.600210 (68dcf5eebde37173d4027fa8635e332711d2874a),platform=Windows NT 6.1.7601 SP1 x86_64)


During handling of the above exception, another exception occurred:

Traceback (most recent call last):
  File "E:\py_workspaces\hap_test\sweetest\testcase.py", line 170, in run
    g.driver.get_screenshot_as_file(snapshot_file)
  File "E:\Python36\lib\site-packages\selenium\webdriver\remote\webdriver.py", line 911, in get_screenshot_as_file
    png = self.get_screenshot_as_png()
  File "E:\Python36\lib\site-packages\selenium\webdriver\remote\webdriver.py", line 943, in get_screenshot_as_png
    return base64.b64decode(self.get_screenshot_as_base64().encode('ascii'))
  File "E:\Python36\lib\site-packages\selenium\webdriver\remote\webdriver.py", line 953, in get_screenshot_as_base64
    return self.execute(Command.SCREENSHOT)['value']
  File "E:\Python36\lib\site-packages\selenium\webdriver\remote\webdriver.py", line 311, in execute
    self.error_handler.check_response(response)
  File "E:\Python36\lib\site-packages\selenium\webdriver\remote\errorhandler.py", line 237, in check_response
    raise exception_class(message, screen, stacktrace)
selenium.common.exceptions.NoSuchWindowException: Message: no such window: target window already closed
from unknown error: web view not found
  (Session info: chrome=70.0.3538.77)
  (Driver info: chromedriver=2.43.600210 (68dcf5eebde37173d4027fa8635e332711d2874a),platform=Windows NT 6.1.7601 SP1 x86_64)

2018-11-13 16:35:35,781 [ERROR] testcase.py line:183: Run the Step: 1|CLICK|通用-菜单#隐患 is Failure
Traceback (most recent call last):
  File "E:\py_workspaces\hap_test\sweetest\testcase.py", line 109, in run
    getattr(web, step['keyword'].lower())(step)
  File "E:\py_workspaces\hap_test\sweetest\keywords\web.py", line 171, in click
    element_location = locating_element(element, 'CLICK')
  File "E:\py_workspaces\hap_test\sweetest\locator.py", line 26, in locating_element
    (getattr(By, el['by'].upper()), value)))
  File "E:\Python36\lib\site-packages\selenium\webdriver\support\wait.py", line 71, in until
    value = method(self._driver)
  File "E:\Python36\lib\site-packages\selenium\webdriver\support\expected_conditions.py", line 283, in __call__
    element = visibility_of_element_located(self.locator)(driver)
  File "E:\Python36\lib\site-packages\selenium\webdriver\support\expected_conditions.py", line 127, in __call__
    return _element_if_visible(_find_element(driver, self.locator))
  File "E:\Python36\lib\site-packages\selenium\webdriver\support\expected_conditions.py", line 402, in _find_element
    raise e
  File "E:\Python36\lib\site-packages\selenium\webdriver\support\expected_conditions.py", line 398, in _find_element
    return driver.find_element(*by)
  File "E:\Python36\lib\site-packages\selenium\webdriver\remote\webdriver.py", line 858, in find_element
    'value': value})['value']
  File "E:\Python36\lib\site-packages\selenium\webdriver\remote\webdriver.py", line 311, in execute
    self.error_handler.check_response(response)
  File "E:\Python36\lib\site-packages\selenium\webdriver\remote\errorhandler.py", line 237, in check_response
    raise exception_class(message, screen, stacktrace)
selenium.common.exceptions.NoSuchWindowException: Message: no such window: target window already closed
from unknown error: web view not found
  (Session info: chrome=70.0.3538.77)
  (Driver info: chromedriver=2.43.600210 (68dcf5eebde37173d4027fa8635e332711d2874a),platform=Windows NT 6.1.7601 SP1 x86_64)

2018-11-13 16:35:35,797 [WARNING] testsuite.py line:108: Run the testcase: phd_002|隐患任务送交 Blocked, Main or pre Sub TestCase is not Pass
